2025-10-22 19:38:15,496 - log_util.py[pid:613826;line:52:log_in_local_rank_0] - INFO: Set global_batch_size to 64
2025-10-22 19:38:15,496 - log_util.py[pid:613826;line:52:log_in_local_rank_0] - INFO: Set micro_batch_size to 16
2025-10-22 19:38:15,496 - log_util.py[pid:613826;line:52:log_in_local_rank_0] - INFO: Set gradient_accumulation_steps to 4
2025-10-22 19:38:15,496 - log_util.py[pid:613826;line:52:log_in_local_rank_0] - INFO: Set precision to fp32
2025-10-22 19:38:15,496 - log_util.py[pid:613826;line:52:log_in_local_rank_0] - INFO: Set normalization to zero
2025-10-22 19:38:15,532 - log_util.py[pid:613826;line:48:log_in_local_rank_0] - WARNING: Flash attention import failed, switching to eager attention.
2025-10-22 19:38:15,532 - log_util.py[pid:613826;line:52:log_in_local_rank_0] - INFO: Use Eager Attention
2025-10-22 19:38:16,904 - log_util.py[pid:613826;line:52:log_in_local_rank_0] - INFO: Load model parameters from: /scratch/s225250685/project/Huggingface/Maple728/TimeMoE-50M
2025-10-22 19:38:16,906 - log_util.py[pid:613826;line:52:log_in_local_rank_0] - INFO: {'max_length': 1024, 'stride': None, 'data_path': '/scratch/s225250685/project/ICL-time-series/Time-MoE/data/all_datasets/ETT-small/ETTh2.jsonl', 'normalization_method': 'zero', 'attn_implementation': 'auto', 'micro_batch_size': 16, 'global_batch_size': 64, 'train_steps': None, 'num_train_epochs': 1.0, 'precision': 'fp32', 'evaluation_strategy': 'no', 'eval_steps': None, 'save_strategy': 'no', 'save_steps': None, 'learning_rate': 0.0001, 'min_learning_rate': 5e-05, 'adam_beta1': 0.9, 'adam_beta2': 0.95, 'adam_epsilon': 1e-08, 'lr_scheduler_type': 'cosine', 'warmup_ratio': 0.0, 'warmup_steps': 0, 'weight_decay': 0.1, 'gradient_checkpointing': False, 'deepspeed': None, 'logging_steps': 1, 'max_grad_norm': 1.0, 'dataloader_num_workers': 4, 'save_only_model': False, 'save_total_limit': None}
2025-10-22 19:38:16,907 - log_util.py[pid:613826;line:52:log_in_local_rank_0] - INFO: TimeMoETrainingArguments(
_n_gpu=1,
accelerator_config={'split_batches': False, 'dispatch_batches': None, 'even_batches': True, 'use_seedable_sampler': True, 'gradient_accumulation_kwargs': None},
adafactor=False,
adam_beta1=0.9,
adam_beta2=0.95,
adam_epsilon=1e-08,
auto_find_batch_size=False,
bf16=False,
bf16_full_eval=False,
data_seed=9899,
dataloader_drop_last=False,
dataloader_num_workers=4,
dataloader_persistent_workers=False,
dataloader_pin_memory=True,
dataloader_prefetch_factor=None,
ddp_backend=None,
ddp_broadcast_buffers=None,
ddp_bucket_cap_mb=None,
ddp_find_unused_parameters=False,
ddp_timeout=1800,
debug=[],
deepspeed=None,
disable_tqdm=False,
dispatch_batches=None,
do_eval=False,
do_predict=False,
do_train=False,
eval_accumulation_steps=None,
eval_delay=0,
eval_do_concat_batches=True,
eval_steps=None,
evaluation_strategy=no,
fp16=False,
fp16_backend=auto,
fp16_full_eval=False,
fp16_opt_level=O1,
fsdp=[],
fsdp_config={'min_num_params': 0, 'xla': False, 'xla_fsdp_v2': False, 'xla_fsdp_grad_ckpt': False},
fsdp_min_num_params=0,
fsdp_transformer_layer_cls_to_wrap=None,
full_determinism=False,
gradient_accumulation_steps=4,
gradient_checkpointing=False,
gradient_checkpointing_kwargs=None,
greater_is_better=None,
group_by_length=False,
half_precision_backend=auto,
hub_always_push=False,
hub_model_id=None,
hub_private_repo=False,
hub_strategy=every_save,
hub_token=<HUB_TOKEN>,
ignore_data_skip=False,
include_inputs_for_metrics=False,
include_num_input_tokens_seen=False,
include_tokens_per_second=False,
jit_mode_eval=False,
label_names=None,
label_smoothing_factor=0.0,
learning_rate=0.0001,
length_column_name=length,
load_best_model_at_end=False,
local_rank=0,
log_level=passive,
log_level_replica=warning,
log_on_each_node=False,
logging_dir=logs/ETTh2/tb_logs,
logging_first_step=True,
logging_nan_inf_filter=True,
logging_steps=1,
logging_strategy=steps,
lr_scheduler_kwargs={},
lr_scheduler_type=cosine,
max_grad_norm=1.0,
max_steps=-1,
metric_for_best_model=None,
min_learning_rate=5e-05,
mp_parameters=,
neftune_noise_alpha=None,
no_cuda=False,
num_train_epochs=1.0,
optim=adamw_torch,
optim_args=None,
optim_target_modules=None,
output_dir=logs/ETTh2,
overwrite_output_dir=False,
past_index=-1,
per_device_eval_batch_size=32,
per_device_train_batch_size=16,
prediction_loss_only=False,
push_to_hub=False,
push_to_hub_model_id=None,
push_to_hub_organization=None,
push_to_hub_token=<PUSH_TO_HUB_TOKEN>,
ray_scope=last,
remove_unused_columns=True,
report_to=[],
resume_from_checkpoint=None,
run_name=logs/ETTh2,
save_on_each_node=False,
save_only_model=False,
save_safetensors=True,
save_steps=None,
save_strategy=no,
save_total_limit=None,
seed=9899,
skip_memory_metrics=True,
split_batches=None,
tf32=None,
torch_compile=False,
torch_compile_backend=None,
torch_compile_mode=None,
torchdynamo=None,
tpu_metrics_debug=False,
tpu_num_cores=None,
use_cpu=False,
use_ipex=False,
use_legacy_prediction_loop=False,
use_mps_device=False,
warmup_ratio=0.0,
warmup_steps=0,
weight_decay=0.1,
)
2025-10-22 19:38:16,908 - log_util.py[pid:613826;line:52:log_in_local_rank_0] - INFO: TimeMoeConfig {
  "_name_or_path": "/scratch/s225250685/project/Huggingface/Maple728/TimeMoE-50M",
  "apply_aux_loss": true,
  "architectures": [
    "TimeMoeForPrediction"
  ],
  "attention_dropout": 0.0,
  "auto_map": {
    "AutoConfig": "configuration_time_moe.TimeMoeConfig",
    "AutoModelForCausalLM": "modeling_time_moe.TimeMoeForPrediction"
  },
  "hidden_act": "silu",
  "hidden_size": 384,
  "horizon_lengths": [
    1,
    8,
    32,
    64
  ],
  "initializer_range": 0.02,
  "input_size": 1,
  "intermediate_size": 1536,
  "max_position_embeddings": 4096,
  "model_type": "time_moe",
  "num_attention_heads": 12,
  "num_experts": 8,
  "num_experts_per_tok": 2,
  "num_hidden_layers": 12,
  "num_key_value_heads": 12,
  "rms_norm_eps": 1e-06,
  "rope_theta": 10000,
  "router_aux_loss_factor": 0.02,
  "tie_word_embeddings": false,
  "torch_dtype": "bfloat16",
  "transformers_version": "4.40.1",
  "use_cache": true,
  "use_dense": false
}

2025-10-22 19:38:16,908 - log_util.py[pid:613826;line:52:log_in_local_rank_0] - INFO: Number of the model parameters: 113.352M
2025-10-22 19:38:16,908 - log_util.py[pid:613826;line:52:log_in_local_rank_0] - INFO: Loading dataset...
2025-10-22 19:38:16,942 - log_util.py[pid:613826;line:52:log_in_local_rank_0] - INFO: Processing dataset to fixed-size sub-sequences...
{'loss': 0.1289, 'grad_norm': 0.2736583948135376, 'learning_rate': 5e-05, 'epoch': 0.8}
{'train_runtime': 94.2486, 'train_samples_per_second': 0.817, 'train_steps_per_second': 0.011, 'train_loss': 0.12889450788497925, 'epoch': 0.8}
2025-10-22 19:39:51,965 - log_util.py[pid:613826;line:52:log_in_local_rank_0] - INFO: Saving model to logs/ETTh2
2025-10-22 19:40:04,701 - log_util.py[pid:614827;line:52:log_in_local_rank_0] - INFO: >>> Split test data from 2017-10-02 16:00:00 to 2018-02-20 23:00:00, and evaluation start date is: 2017-10-24 00:00:00
0 - {'mse': tensor(0.2842), 'mae': tensor(0.3523)}
2025-10-22 20:54:07,768 - log_util.py[pid:639343;line:52:log_in_local_rank_0] - INFO: >>> Split test data from 2017-09-11 08:00:00 to 2018-02-20 23:00:00, and evaluation start date is: 2017-10-24 00:00:00
