train 5232
val 729
test 1486
test_data:  1486
Iter: 0, mse: 0.0031, rmse: 0.0554, mae: 0.0463
Iter: 1, mse: 0.0040, rmse: 0.0629, mae: 0.0510
Iter: 2, mse: 0.0032, rmse: 0.0565, mae: 0.0477
Iter: 3, mse: 0.0033, rmse: 0.0574, mae: 0.0483
Iter: 4, mse: 0.0043, rmse: 0.0656, mae: 0.0547
Iter: 5, mse: 0.0049, rmse: 0.0702, mae: 0.0594
Iter: 6, mse: 0.0049, rmse: 0.0697, mae: 0.0596
Iter: 7, mse: 0.0068, rmse: 0.0825, mae: 0.0701
Iter: 8, mse: 0.0051, rmse: 0.0717, mae: 0.0617
Iter: 9, mse: 0.0034, rmse: 0.0583, mae: 0.0505
Iter: 10, mse: 0.0033, rmse: 0.0575, mae: 0.0495
Iter: 11, mse: 0.0037, rmse: 0.0608, mae: 0.0531
Iter: 12, mse: 0.0034, rmse: 0.0583, mae: 0.0514
Iter: 13, mse: 0.0039, rmse: 0.0626, mae: 0.0535
Iter: 14, mse: 0.0043, rmse: 0.0656, mae: 0.0548
Iter: 15, mse: 0.0047, rmse: 0.0686, mae: 0.0560
Iter: 16, mse: 0.0051, rmse: 0.0715, mae: 0.0574
Iter: 17, mse: 0.0059, rmse: 0.0769, mae: 0.0617
Iter: 18, mse: 0.0073, rmse: 0.0854, mae: 0.0692
Iter: 19, mse: 0.0088, rmse: 0.0939, mae: 0.0755
Iter: 20, mse: 0.0094, rmse: 0.0969, mae: 0.0745
Iter: 21, mse: 0.0112, rmse: 0.1060, mae: 0.0783
Iter: 22, mse: 0.0139, rmse: 0.1181, mae: 0.0853
Iter: 23, mse: 0.0158, rmse: 0.1258, mae: 0.0928
Iter: 24, mse: 0.0174, rmse: 0.1321, mae: 0.0998
Iter: 25, mse: 0.0192, rmse: 0.1386, mae: 0.1054
Iter: 26, mse: 0.0203, rmse: 0.1423, mae: 0.1095
Iter: 27, mse: 0.0216, rmse: 0.1468, mae: 0.1136
Iter: 28, mse: 0.0223, rmse: 0.1493, mae: 0.1165
Iter: 29, mse: 0.0213, rmse: 0.1461, mae: 0.1128
Iter: 30, mse: 0.0232, rmse: 0.1523, mae: 0.1207
Iter: 31, mse: 0.0251, rmse: 0.1585, mae: 0.1284
Iter: 32, mse: 0.0261, rmse: 0.1615, mae: 0.1313
Iter: 33, mse: 0.0224, rmse: 0.1496, mae: 0.1132
Iter: 34, mse: 0.0196, rmse: 0.1400, mae: 0.1003
Iter: 35, mse: 0.0201, rmse: 0.1419, mae: 0.1041
Iter: 36, mse: 0.0204, rmse: 0.1430, mae: 0.1071
Iter: 37, mse: 0.0204, rmse: 0.1428, mae: 0.1080
Iter: 38, mse: 0.0213, rmse: 0.1461, mae: 0.1130
Iter: 39, mse: 0.0219, rmse: 0.1482, mae: 0.1172
Iter: 40, mse: 0.0222, rmse: 0.1489, mae: 0.1199
Iter: 41, mse: 0.0227, rmse: 0.1506, mae: 0.1241
Iter: 42, mse: 0.0225, rmse: 0.1501, mae: 0.1251
Iter: 43, mse: 0.0230, rmse: 0.1516, mae: 0.1275
Iter: 44, mse: 0.0237, rmse: 0.1539, mae: 0.1310
Iter: 45, mse: 0.0223, rmse: 0.1493, mae: 0.1260
Iter: 46, mse: 0.0210, rmse: 0.1448, mae: 0.1219
Iter: 47, mse: 0.0196, rmse: 0.1400, mae: 0.1184
Iter: 48, mse: 0.0184, rmse: 0.1358, mae: 0.1153
Iter: 49, mse: 0.0177, rmse: 0.1330, mae: 0.1137
Iter: 50, mse: 0.0159, rmse: 0.1260, mae: 0.1092
Iter: 51, mse: 0.0126, rmse: 0.1122, mae: 0.0995
Iter: 52, mse: 0.0114, rmse: 0.1069, mae: 0.0950
Iter: 53, mse: 0.0094, rmse: 0.0970, mae: 0.0869
Iter: 54, mse: 0.0084, rmse: 0.0919, mae: 0.0818
Iter: 55, mse: 0.0081, rmse: 0.0897, mae: 0.0790
Iter: 56, mse: 0.0081, rmse: 0.0898, mae: 0.0784
Iter: 57, mse: 0.0082, rmse: 0.0906, mae: 0.0817
Iter: 58, mse: 0.0093, rmse: 0.0963, mae: 0.0873
Iter: 59, mse: 0.0107, rmse: 0.1036, mae: 0.0934
Iter: 60, mse: 0.0109, rmse: 0.1044, mae: 0.0948
Iter: 61, mse: 0.0137, rmse: 0.1169, mae: 0.1073
Iter: 62, mse: 0.0141, rmse: 0.1187, mae: 0.1103
Iter: 63, mse: 0.0193, rmse: 0.1388, mae: 0.1288
Iter: 64, mse: 0.0175, rmse: 0.1322, mae: 0.1232
Iter: 65, mse: 0.0168, rmse: 0.1296, mae: 0.1220
Iter: 66, mse: 0.0201, rmse: 0.1419, mae: 0.1364
Iter: 67, mse: 0.0127, rmse: 0.1125, mae: 0.1024
Iter: 68, mse: 0.0141, rmse: 0.1189, mae: 0.1101
Iter: 69, mse: 0.0136, rmse: 0.1167, mae: 0.1057
Iter: 70, mse: 0.0155, rmse: 0.1245, mae: 0.1144
Iter: 71, mse: 0.0201, rmse: 0.1419, mae: 0.1346
Iter: 72, mse: 0.0153, rmse: 0.1235, mae: 0.1148
Iter: 73, mse: 0.0172, rmse: 0.1313, mae: 0.1234
Iter: 74, mse: 0.0132, rmse: 0.1151, mae: 0.1059
Iter: 75, mse: 0.0122, rmse: 0.1104, mae: 0.1017
Iter: 76, mse: 0.0091, rmse: 0.0953, mae: 0.0843
Iter: 77, mse: 0.0084, rmse: 0.0915, mae: 0.0793
Iter: 78, mse: 0.0107, rmse: 0.1035, mae: 0.0941
Iter: 79, mse: 0.0094, rmse: 0.0970, mae: 0.0877
Iter: 80, mse: 0.0119, rmse: 0.1093, mae: 0.1000
Iter: 81, mse: 0.0098, rmse: 0.0988, mae: 0.0878
Iter: 82, mse: 0.0090, rmse: 0.0950, mae: 0.0833
Iter: 83, mse: 0.0077, rmse: 0.0878, mae: 0.0745
Iter: 84, mse: 0.0077, rmse: 0.0880, mae: 0.0744
Iter: 85, mse: 0.0127, rmse: 0.1128, mae: 0.1010
Iter: 86, mse: 0.0103, rmse: 0.1013, mae: 0.0886
Iter: 87, mse: 0.0081, rmse: 0.0898, mae: 0.0769
Iter: 88, mse: 0.0095, rmse: 0.0977, mae: 0.0853
Iter: 89, mse: 0.0078, rmse: 0.0881, mae: 0.0753
Iter: 90, mse: 0.0064, rmse: 0.0798, mae: 0.0654
Iter: 91, mse: 0.0074, rmse: 0.0861, mae: 0.0734
Iter: 92, mse: 0.0071, rmse: 0.0844, mae: 0.0722
Iter: 93, mse: 0.0075, rmse: 0.0864, mae: 0.0744
Iter: 94, mse: 0.0074, rmse: 0.0860, mae: 0.0746
Iter: 95, mse: 0.0110, rmse: 0.1051, mae: 0.0935
Iter: 96, mse: 0.0082, rmse: 0.0905, mae: 0.0801
Iter: 97, mse: 0.0115, rmse: 0.1072, mae: 0.0966
Iter: 98, mse: 0.0084, rmse: 0.0919, mae: 0.0818
Iter: 99, mse: 0.0067, rmse: 0.0816, mae: 0.0703
Iter: 100, mse: 0.0066, rmse: 0.0813, mae: 0.0698
Iter: 101, mse: 0.0070, rmse: 0.0839, mae: 0.0708
Iter: 102, mse: 0.0073, rmse: 0.0857, mae: 0.0722
Iter: 103, mse: 0.0078, rmse: 0.0881, mae: 0.0745
Iter: 104, mse: 0.0080, rmse: 0.0893, mae: 0.0759
Iter: 105, mse: 0.0098, rmse: 0.0992, mae: 0.0904
Iter: 106, mse: 0.0085, rmse: 0.0922, mae: 0.0812
Iter: 107, mse: 0.0091, rmse: 0.0954, mae: 0.0846
Iter: 108, mse: 0.0094, rmse: 0.0971, mae: 0.0874
Iter: 109, mse: 0.0099, rmse: 0.0993, mae: 0.0896
Iter: 110, mse: 0.0096, rmse: 0.0981, mae: 0.0885
Iter: 111, mse: 0.0104, rmse: 0.1020, mae: 0.0925
Iter: 112, mse: 0.0118, rmse: 0.1084, mae: 0.0958
Iter: 113, mse: 0.0138, rmse: 0.1173, mae: 0.1035
Iter: 114, mse: 0.0163, rmse: 0.1276, mae: 0.1142
Iter: 115, mse: 0.0173, rmse: 0.1315, mae: 0.1183
Iter: 116, mse: 0.0193, rmse: 0.1388, mae: 0.1262
Iter: 117, mse: 0.0196, rmse: 0.1401, mae: 0.1279
Iter: 118, mse: 0.0172, rmse: 0.1310, mae: 0.1158
Iter: 119, mse: 0.0176, rmse: 0.1328, mae: 0.1173
Iter: 120, mse: 0.0178, rmse: 0.1333, mae: 0.1189
Iter: 121, mse: 0.0180, rmse: 0.1340, mae: 0.1203
Iter: 122, mse: 0.0179, rmse: 0.1337, mae: 0.1205
Iter: 123, mse: 0.0176, rmse: 0.1328, mae: 0.1200
Iter: 124, mse: 0.0139, rmse: 0.1178, mae: 0.1036
Iter: 125, mse: 0.0111, rmse: 0.1055, mae: 0.0883
Iter: 126, mse: 0.0108, rmse: 0.1039, mae: 0.0860
Iter: 127, mse: 0.0079, rmse: 0.0890, mae: 0.0708
Iter: 128, mse: 0.0067, rmse: 0.0820, mae: 0.0636
Iter: 129, mse: 0.0057, rmse: 0.0754, mae: 0.0586
Iter: 130, mse: 0.0064, rmse: 0.0803, mae: 0.0632
Iter: 131, mse: 0.0054, rmse: 0.0734, mae: 0.0611
Iter: 132, mse: 0.0054, rmse: 0.0732, mae: 0.0617
Iter: 133, mse: 0.0047, rmse: 0.0688, mae: 0.0593
Iter: 134, mse: 0.0066, rmse: 0.0811, mae: 0.0658
Iter: 135, mse: 0.0100, rmse: 0.0998, mae: 0.0753
Iter: 136, mse: 0.0123, rmse: 0.1108, mae: 0.0843
Iter: 137, mse: 0.0152, rmse: 0.1234, mae: 0.0937
Iter: 138, mse: 0.0185, rmse: 0.1361, mae: 0.1048
Iter: 139, mse: 0.0196, rmse: 0.1401, mae: 0.1087
Iter: 140, mse: 0.0198, rmse: 0.1408, mae: 0.1116
Iter: 141, mse: 0.0216, rmse: 0.1469, mae: 0.1199
Iter: 142, mse: 0.0212, rmse: 0.1457, mae: 0.1202
Iter: 143, mse: 0.0235, rmse: 0.1532, mae: 0.1306
Iter: 144, mse: 0.0255, rmse: 0.1598, mae: 0.1390
Iter: 145, mse: 0.0317, rmse: 0.1781, mae: 0.1622
Iter: 146, mse: 0.0264, rmse: 0.1625, mae: 0.1432
Iter: 147, mse: 0.0249, rmse: 0.1577, mae: 0.1374
Iter: 148, mse: 0.0249, rmse: 0.1578, mae: 0.1375
Iter: 149, mse: 0.0257, rmse: 0.1602, mae: 0.1395
Iter: 150, mse: 0.0278, rmse: 0.1667, mae: 0.1480
Iter: 151, mse: 0.0221, rmse: 0.1488, mae: 0.1262
Iter: 152, mse: 0.0241, rmse: 0.1552, mae: 0.1350
Iter: 153, mse: 0.0285, rmse: 0.1687, mae: 0.1502
Iter: 154, mse: 0.0314, rmse: 0.1772, mae: 0.1596
Iter: 155, mse: 0.0310, rmse: 0.1762, mae: 0.1592
Iter: 156, mse: 0.0320, rmse: 0.1788, mae: 0.1634
Iter: 157, mse: 0.0317, rmse: 0.1781, mae: 0.1631
Iter: 158, mse: 0.0306, rmse: 0.1750, mae: 0.1589
Iter: 159, mse: 0.0280, rmse: 0.1674, mae: 0.1506
Iter: 160, mse: 0.0347, rmse: 0.1864, mae: 0.1738
Iter: 161, mse: 0.0308, rmse: 0.1756, mae: 0.1624
Iter: 162, mse: 0.0325, rmse: 0.1804, mae: 0.1680
Iter: 163, mse: 0.0269, rmse: 0.1641, mae: 0.1510
Iter: 164, mse: 0.0244, rmse: 0.1561, mae: 0.1418
Iter: 165, mse: 0.0201, rmse: 0.1416, mae: 0.1260
Iter: 166, mse: 0.0143, rmse: 0.1194, mae: 0.1024
Iter: 167, mse: 0.0102, rmse: 0.1011, mae: 0.0834
Iter: 168, mse: 0.0102, rmse: 0.1009, mae: 0.0823
Iter: 169, mse: 0.0097, rmse: 0.0983, mae: 0.0801
Iter: 170, mse: 0.0106, rmse: 0.1031, mae: 0.0821
Iter: 171, mse: 0.0156, rmse: 0.1249, mae: 0.1011
Iter: 172, mse: 0.0187, rmse: 0.1367, mae: 0.1028
Iter: 173, mse: 0.0225, rmse: 0.1499, mae: 0.1169
Iter: 174, mse: 0.0241, rmse: 0.1553, mae: 0.1243
Iter: 175, mse: 0.0259, rmse: 0.1609, mae: 0.1299
Iter: 176, mse: 0.0297, rmse: 0.1724, mae: 0.1412
Iter: 177, mse: 0.0323, rmse: 0.1797, mae: 0.1496
Iter: 178, mse: 0.0358, rmse: 0.1893, mae: 0.1603
Iter: 179, mse: 0.0374, rmse: 0.1934, mae: 0.1691
Iter: 180, mse: 0.0422, rmse: 0.2053, mae: 0.1761
Iter: 181, mse: 0.0487, rmse: 0.2206, mae: 0.1826
Iter: 182, mse: 0.0522, rmse: 0.2285, mae: 0.1943
Iter: 183, mse: 0.0555, rmse: 0.2357, mae: 0.2030
Iter: 184, mse: 0.0607, rmse: 0.2463, mae: 0.2142
Iter: 185, mse: 0.0739, rmse: 0.2719, mae: 0.2312
Iter: 186, mse: 0.0815, rmse: 0.2854, mae: 0.2446
Iter: 187, mse: 0.0894, rmse: 0.2990, mae: 0.2612
Iter: 188, mse: 0.1020, rmse: 0.3193, mae: 0.2821
Iter: 189, mse: 0.1149, rmse: 0.3390, mae: 0.3036
Iter: 190, mse: 0.1229, rmse: 0.3506, mae: 0.3161
Iter: 191, mse: 0.1382, rmse: 0.3717, mae: 0.3393
Iter: 192, mse: 0.1506, rmse: 0.3880, mae: 0.3579
Iter: 193, mse: 0.1616, rmse: 0.4020, mae: 0.3740
Iter: 194, mse: 0.1549, rmse: 0.3936, mae: 0.3637
Iter: 195, mse: 0.1681, rmse: 0.4100, mae: 0.3870
Iter: 196, mse: 0.1590, rmse: 0.3988, mae: 0.3748
Iter: 197, mse: 0.1520, rmse: 0.3899, mae: 0.3675
Iter: 198, mse: 0.1543, rmse: 0.3929, mae: 0.3744
Iter: 199, mse: 0.1549, rmse: 0.3935, mae: 0.3763
Iter: 200, mse: 0.1532, rmse: 0.3914, mae: 0.3746
Iter: 201, mse: 0.1446, rmse: 0.3803, mae: 0.3648
Iter: 202, mse: 0.1398, rmse: 0.3738, mae: 0.3591
Iter: 203, mse: 0.1415, rmse: 0.3761, mae: 0.3549
Iter: 204, mse: 0.1278, rmse: 0.3575, mae: 0.3279
Iter: 205, mse: 0.1261, rmse: 0.3551, mae: 0.3183
Iter: 206, mse: 0.1421, rmse: 0.3770, mae: 0.3435
Iter: 207, mse: 0.1422, rmse: 0.3772, mae: 0.3426
Iter: 208, mse: 0.1348, rmse: 0.3671, mae: 0.3261
Iter: 209, mse: 0.1427, rmse: 0.3777, mae: 0.3393
Iter: 210, mse: 0.1356, rmse: 0.3682, mae: 0.3242
Iter: 211, mse: 0.1380, rmse: 0.3714, mae: 0.3278
Iter: 212, mse: 0.1342, rmse: 0.3664, mae: 0.3234
Iter: 213, mse: 0.1314, rmse: 0.3625, mae: 0.3182
Iter: 214, mse: 0.1298, rmse: 0.3603, mae: 0.3178
Iter: 215, mse: 0.1399, rmse: 0.3741, mae: 0.3384
Iter: 216, mse: 0.1322, rmse: 0.3636, mae: 0.3250
Iter: 217, mse: 0.1199, rmse: 0.3462, mae: 0.3031
Iter: 218, mse: 0.1445, rmse: 0.3802, mae: 0.3469
Iter: 219, mse: 0.1190, rmse: 0.3450, mae: 0.3046
Iter: 220, mse: 0.1083, rmse: 0.3290, mae: 0.2863
Iter: 221, mse: 0.1145, rmse: 0.3384, mae: 0.3027
Iter: 222, mse: 0.0944, rmse: 0.3073, mae: 0.2633
Iter: 223, mse: 0.0891, rmse: 0.2985, mae: 0.2566
Iter: 224, mse: 0.0833, rmse: 0.2886, mae: 0.2503
Iter: 225, mse: 0.0799, rmse: 0.2826, mae: 0.2494
Iter: 226, mse: 0.0706, rmse: 0.2658, mae: 0.2429
Iter: 227, mse: 0.0843, rmse: 0.2904, mae: 0.2617
Iter: 228, mse: 0.0919, rmse: 0.3031, mae: 0.2755
Iter: 229, mse: 0.0936, rmse: 0.3060, mae: 0.2819
Iter: 230, mse: 0.0896, rmse: 0.2993, mae: 0.2787
Iter: 231, mse: 0.0865, rmse: 0.2942, mae: 0.2773
Iter: 232, mse: 0.0703, rmse: 0.2652, mae: 0.2529
Iter: 233, mse: 0.0699, rmse: 0.2643, mae: 0.2546
Iter: 234, mse: 0.0720, rmse: 0.2684, mae: 0.2599
Iter: 235, mse: 0.0322, rmse: 0.1794, mae: 0.1688
Iter: 236, mse: 0.0228, rmse: 0.1509, mae: 0.1378
Iter: 237, mse: 0.0171, rmse: 0.1309, mae: 0.1165
Iter: 238, mse: 0.0126, rmse: 0.1122, mae: 0.0970
Iter: 239, mse: 0.0125, rmse: 0.1117, mae: 0.0961
Iter: 240, mse: 0.0114, rmse: 0.1067, mae: 0.0909
Iter: 241, mse: 0.0090, rmse: 0.0946, mae: 0.0773
Iter: 242, mse: 0.0088, rmse: 0.0939, mae: 0.0754
Iter: 243, mse: 0.0086, rmse: 0.0927, mae: 0.0754
Iter: 244, mse: 0.0101, rmse: 0.1003, mae: 0.0827
Iter: 245, mse: 0.0095, rmse: 0.0974, mae: 0.0819
Iter: 246, mse: 0.0100, rmse: 0.0998, mae: 0.0847
Iter: 247, mse: 0.0109, rmse: 0.1042, mae: 0.0885
Iter: 248, mse: 0.0113, rmse: 0.1062, mae: 0.0842
Iter: 249, mse: 0.0134, rmse: 0.1157, mae: 0.0909
Iter: 250, mse: 0.0161, rmse: 0.1269, mae: 0.1005
Iter: 251, mse: 0.0147, rmse: 0.1210, mae: 0.0979
Iter: 252, mse: 0.0145, rmse: 0.1206, mae: 0.0999
Iter: 253, mse: 0.0176, rmse: 0.1327, mae: 0.1090
Iter: 254, mse: 0.0198, rmse: 0.1407, mae: 0.1171
Iter: 255, mse: 0.0228, rmse: 0.1510, mae: 0.1273
Iter: 256, mse: 0.0254, rmse: 0.1593, mae: 0.1370
Iter: 257, mse: 0.0294, rmse: 0.1716, mae: 0.1514
Iter: 258, mse: 0.0238, rmse: 0.1542, mae: 0.1357
Iter: 259, mse: 0.0278, rmse: 0.1666, mae: 0.1471
Iter: 260, mse: 0.0224, rmse: 0.1498, mae: 0.1304
Iter: 261, mse: 0.0239, rmse: 0.1545, mae: 0.1360
Iter: 262, mse: 0.0213, rmse: 0.1460, mae: 0.1278
Iter: 263, mse: 0.0219, rmse: 0.1480, mae: 0.1291
Iter: 264, mse: 0.0194, rmse: 0.1393, mae: 0.1209
Iter: 265, mse: 0.0192, rmse: 0.1386, mae: 0.1200
Iter: 266, mse: 0.0167, rmse: 0.1293, mae: 0.1126
Iter: 267, mse: 0.0176, rmse: 0.1328, mae: 0.1173
Iter: 268, mse: 0.0135, rmse: 0.1161, mae: 0.1036
Iter: 269, mse: 0.0126, rmse: 0.1122, mae: 0.1010
Iter: 270, mse: 0.0122, rmse: 0.1105, mae: 0.0990
Iter: 271, mse: 0.0126, rmse: 0.1124, mae: 0.1004
Iter: 272, mse: 0.0134, rmse: 0.1158, mae: 0.1048
Iter: 273, mse: 0.0144, rmse: 0.1201, mae: 0.1099
Iter: 274, mse: 0.0154, rmse: 0.1239, mae: 0.1140
Iter: 275, mse: 0.0168, rmse: 0.1295, mae: 0.1164
Iter: 276, mse: 0.0184, rmse: 0.1358, mae: 0.1192
Iter: 277, mse: 0.0181, rmse: 0.1345, mae: 0.1186
Iter: 278, mse: 0.0181, rmse: 0.1346, mae: 0.1174
Iter: 279, mse: 0.0203, rmse: 0.1424, mae: 0.1229
Iter: 280, mse: 0.0167, rmse: 0.1294, mae: 0.1156
Iter: 281, mse: 0.0157, rmse: 0.1251, mae: 0.1129
Iter: 282, mse: 0.0143, rmse: 0.1197, mae: 0.1089
Iter: 283, mse: 0.0147, rmse: 0.1214, mae: 0.1102
Iter: 284, mse: 0.0155, rmse: 0.1244, mae: 0.1128
Iter: 285, mse: 0.0172, rmse: 0.1310, mae: 0.1186
Iter: 286, mse: 0.0191, rmse: 0.1380, mae: 0.1247
Iter: 287, mse: 0.0215, rmse: 0.1466, mae: 0.1332
Iter: 288, mse: 0.0216, rmse: 0.1469, mae: 0.1354
Iter: 289, mse: 0.0231, rmse: 0.1521, mae: 0.1393
Iter: 290, mse: 0.0258, rmse: 0.1605, mae: 0.1449
Iter: 291, mse: 0.0286, rmse: 0.1692, mae: 0.1521
Iter: 292, mse: 0.0344, rmse: 0.1855, mae: 0.1633
Iter: 293, mse: 0.0400, rmse: 0.2000, mae: 0.1726
Iter: 294, mse: 0.0449, rmse: 0.2119, mae: 0.1791
Iter: 295, mse: 0.0515, rmse: 0.2268, mae: 0.1876
Iter: 296, mse: 0.0584, rmse: 0.2418, mae: 0.1976
Iter: 297, mse: 0.0638, rmse: 0.2526, mae: 0.2058
Iter: 298, mse: 0.0696, rmse: 0.2639, mae: 0.2150
Iter: 299, mse: 0.0767, rmse: 0.2770, mae: 0.2268
Iter: 300, mse: 0.0786, rmse: 0.2803, mae: 0.2390
Iter: 301, mse: 0.0870, rmse: 0.2949, mae: 0.2481
Iter: 302, mse: 0.0916, rmse: 0.3027, mae: 0.2592
Iter: 303, mse: 0.0977, rmse: 0.3126, mae: 0.2708
Iter: 304, mse: 0.0999, rmse: 0.3161, mae: 0.2768
Iter: 305, mse: 0.1074, rmse: 0.3277, mae: 0.2901
Iter: 306, mse: 0.1154, rmse: 0.3397, mae: 0.3053
Iter: 307, mse: 0.1103, rmse: 0.3321, mae: 0.2983
Iter: 308, mse: 0.1260, rmse: 0.3550, mae: 0.3283
Iter: 309, mse: 0.1204, rmse: 0.3470, mae: 0.3193
Iter: 310, mse: 0.1341, rmse: 0.3662, mae: 0.3467
Iter: 311, mse: 0.1215, rmse: 0.3486, mae: 0.3244
Iter: 312, mse: 0.1249, rmse: 0.3535, mae: 0.3331
Iter: 313, mse: 0.1287, rmse: 0.3588, mae: 0.3421
Iter: 314, mse: 0.1247, rmse: 0.3532, mae: 0.3383
Iter: 315, mse: 0.1357, rmse: 0.3684, mae: 0.3558
Iter: 316, mse: 0.1347, rmse: 0.3671, mae: 0.3559
Iter: 317, mse: 0.1316, rmse: 0.3628, mae: 0.3515
Iter: 318, mse: 0.1332, rmse: 0.3650, mae: 0.3554
Iter: 319, mse: 0.1276, rmse: 0.3573, mae: 0.3491
Iter: 320, mse: 0.1327, rmse: 0.3642, mae: 0.3564
Iter: 321, mse: 0.1314, rmse: 0.3625, mae: 0.3543
Iter: 322, mse: 0.1229, rmse: 0.3506, mae: 0.3404
Iter: 323, mse: 0.1225, rmse: 0.3500, mae: 0.3387
Iter: 324, mse: 0.1107, rmse: 0.3327, mae: 0.3181
Iter: 325, mse: 0.1052, rmse: 0.3243, mae: 0.3060
Iter: 326, mse: 0.0961, rmse: 0.3101, mae: 0.2893
Iter: 327, mse: 0.0745, rmse: 0.2729, mae: 0.2490
Iter: 328, mse: 0.0633, rmse: 0.2516, mae: 0.2250
Iter: 329, mse: 0.0756, rmse: 0.2750, mae: 0.2548
Iter: 330, mse: 0.0773, rmse: 0.2780, mae: 0.2601
Iter: 331, mse: 0.0659, rmse: 0.2567, mae: 0.2365
Iter: 332, mse: 0.0726, rmse: 0.2694, mae: 0.2508
Iter: 333, mse: 0.0734, rmse: 0.2709, mae: 0.2523
Iter: 334, mse: 0.0766, rmse: 0.2767, mae: 0.2593
Iter: 335, mse: 0.0542, rmse: 0.2327, mae: 0.2119
Iter: 336, mse: 0.0667, rmse: 0.2582, mae: 0.2408
Iter: 337, mse: 0.0623, rmse: 0.2496, mae: 0.2324
Iter: 338, mse: 0.0549, rmse: 0.2343, mae: 0.2164
Iter: 339, mse: 0.0471, rmse: 0.2171, mae: 0.1978
Iter: 340, mse: 0.0490, rmse: 0.2213, mae: 0.2028
Iter: 341, mse: 0.0465, rmse: 0.2155, mae: 0.1972
Iter: 342, mse: 0.0360, rmse: 0.1897, mae: 0.1689
Iter: 343, mse: 0.0435, rmse: 0.2085, mae: 0.1891
Iter: 344, mse: 0.0380, rmse: 0.1951, mae: 0.1748
Iter: 345, mse: 0.0383, rmse: 0.1957, mae: 0.1755
Iter: 346, mse: 0.0286, rmse: 0.1691, mae: 0.1459
Iter: 347, mse: 0.0279, rmse: 0.1669, mae: 0.1428
Iter: 348, mse: 0.0259, rmse: 0.1609, mae: 0.1353
Iter: 349, mse: 0.0183, rmse: 0.1353, mae: 0.1057
Iter: 350, mse: 0.0242, rmse: 0.1556, mae: 0.1287
Iter: 351, mse: 0.0155, rmse: 0.1243, mae: 0.0921
Iter: 352, mse: 0.0071, rmse: 0.0844, mae: 0.0622
Iter: 353, mse: 0.0052, rmse: 0.0722, mae: 0.0630
Iter: 354, mse: 0.0047, rmse: 0.0689, mae: 0.0565
Iter: 355, mse: 0.0061, rmse: 0.0779, mae: 0.0679
Iter: 356, mse: 0.0055, rmse: 0.0740, mae: 0.0639
Iter: 357, mse: 0.0061, rmse: 0.0780, mae: 0.0680
Iter: 358, mse: 0.0050, rmse: 0.0707, mae: 0.0607
Iter: 359, mse: 0.0059, rmse: 0.0766, mae: 0.0661
Iter: 360, mse: 0.0045, rmse: 0.0668, mae: 0.0544
Iter: 361, mse: 0.0057, rmse: 0.0755, mae: 0.0611
Iter: 362, mse: 0.0070, rmse: 0.0839, mae: 0.0671
Iter: 363, mse: 0.0084, rmse: 0.0919, mae: 0.0749
Iter: 364, mse: 0.0086, rmse: 0.0925, mae: 0.0730
Iter: 365, mse: 0.0103, rmse: 0.1013, mae: 0.0812
Iter: 366, mse: 0.0109, rmse: 0.1042, mae: 0.0849
Iter: 367, mse: 0.0103, rmse: 0.1013, mae: 0.0822
Iter: 368, mse: 0.0123, rmse: 0.1109, mae: 0.0914
Iter: 369, mse: 0.0139, rmse: 0.1179, mae: 0.0984
Iter: 370, mse: 0.0145, rmse: 0.1203, mae: 0.1012
Iter: 371, mse: 0.0126, rmse: 0.1120, mae: 0.0955
Iter: 372, mse: 0.0149, rmse: 0.1221, mae: 0.1039
Iter: 373, mse: 0.0158, rmse: 0.1256, mae: 0.1082
Iter: 374, mse: 0.0134, rmse: 0.1156, mae: 0.0963
Iter: 375, mse: 0.0115, rmse: 0.1072, mae: 0.0895
Iter: 376, mse: 0.0113, rmse: 0.1064, mae: 0.0894
Iter: 377, mse: 0.0106, rmse: 0.1032, mae: 0.0865
Iter: 378, mse: 0.0099, rmse: 0.0993, mae: 0.0832
Iter: 379, mse: 0.0110, rmse: 0.1050, mae: 0.0879
Iter: 380, mse: 0.0108, rmse: 0.1040, mae: 0.0879
Iter: 381, mse: 0.0124, rmse: 0.1113, mae: 0.0942
Iter: 382, mse: 0.0116, rmse: 0.1079, mae: 0.0925
Iter: 383, mse: 0.0154, rmse: 0.1239, mae: 0.1084
Iter: 384, mse: 0.0174, rmse: 0.1320, mae: 0.1178
Iter: 385, mse: 0.0166, rmse: 0.1290, mae: 0.1167
Iter: 386, mse: 0.0118, rmse: 0.1087, mae: 0.0971
Iter: 387, mse: 0.0085, rmse: 0.0920, mae: 0.0803
Iter: 388, mse: 0.0072, rmse: 0.0851, mae: 0.0727
Iter: 389, mse: 0.0075, rmse: 0.0868, mae: 0.0743
Iter: 390, mse: 0.0069, rmse: 0.0829, mae: 0.0699
Iter: 391, mse: 0.0062, rmse: 0.0790, mae: 0.0663
Iter: 392, mse: 0.0065, rmse: 0.0807, mae: 0.0677
Iter: 393, mse: 0.0042, rmse: 0.0652, mae: 0.0547
Iter: 394, mse: 0.0035, rmse: 0.0595, mae: 0.0501
Iter: 395, mse: 0.0033, rmse: 0.0579, mae: 0.0490
Iter: 396, mse: 0.0032, rmse: 0.0566, mae: 0.0476
Iter: 397, mse: 0.0033, rmse: 0.0574, mae: 0.0484
Iter: 398, mse: 0.0029, rmse: 0.0538, mae: 0.0460
Iter: 399, mse: 0.0029, rmse: 0.0537, mae: 0.0456
Iter: 400, mse: 0.0032, rmse: 0.0570, mae: 0.0479
Iter: 401, mse: 0.0027, rmse: 0.0523, mae: 0.0447
Iter: 402, mse: 0.0024, rmse: 0.0495, mae: 0.0422
Iter: 403, mse: 0.0027, rmse: 0.0520, mae: 0.0424
Iter: 404, mse: 0.0025, rmse: 0.0503, mae: 0.0410
Iter: 405, mse: 0.0022, rmse: 0.0466, mae: 0.0396
Iter: 406, mse: 0.0023, rmse: 0.0478, mae: 0.0402
Iter: 407, mse: 0.0023, rmse: 0.0479, mae: 0.0421
Iter: 408, mse: 0.0028, rmse: 0.0524, mae: 0.0453
Iter: 409, mse: 0.0036, rmse: 0.0596, mae: 0.0492
Iter: 410, mse: 0.0040, rmse: 0.0630, mae: 0.0524
Iter: 411, mse: 0.0041, rmse: 0.0644, mae: 0.0544
Iter: 412, mse: 0.0041, rmse: 0.0643, mae: 0.0544
Iter: 413, mse: 0.0039, rmse: 0.0626, mae: 0.0518
Iter: 414, mse: 0.0039, rmse: 0.0621, mae: 0.0497
Iter: 415, mse: 0.0040, rmse: 0.0633, mae: 0.0506
Iter: 416, mse: 0.0042, rmse: 0.0646, mae: 0.0524
Iter: 417, mse: 0.0044, rmse: 0.0667, mae: 0.0546
Iter: 418, mse: 0.0048, rmse: 0.0694, mae: 0.0580
Iter: 419, mse: 0.0049, rmse: 0.0699, mae: 0.0584
Iter: 420, mse: 0.0054, rmse: 0.0738, mae: 0.0612
Iter: 421, mse: 0.0059, rmse: 0.0767, mae: 0.0638
Iter: 422, mse: 0.0067, rmse: 0.0818, mae: 0.0678
Iter: 423, mse: 0.0064, rmse: 0.0801, mae: 0.0666
Iter: 424, mse: 0.0076, rmse: 0.0873, mae: 0.0745
Iter: 425, mse: 0.0099, rmse: 0.0993, mae: 0.0886
Iter: 426, mse: 0.0073, rmse: 0.0853, mae: 0.0723
Iter: 427, mse: 0.0073, rmse: 0.0855, mae: 0.0722
Iter: 428, mse: 0.0084, rmse: 0.0916, mae: 0.0792
Iter: 429, mse: 0.0095, rmse: 0.0977, mae: 0.0872
Iter: 430, mse: 0.0075, rmse: 0.0863, mae: 0.0726
Iter: 431, mse: 0.0076, rmse: 0.0872, mae: 0.0736
Iter: 432, mse: 0.0074, rmse: 0.0862, mae: 0.0725
Iter: 433, mse: 0.0071, rmse: 0.0843, mae: 0.0701
Iter: 434, mse: 0.0070, rmse: 0.0839, mae: 0.0701
Iter: 435, mse: 0.0068, rmse: 0.0828, mae: 0.0684
Iter: 436, mse: 0.0078, rmse: 0.0884, mae: 0.0755
Iter: 437, mse: 0.0072, rmse: 0.0851, mae: 0.0723
Iter: 438, mse: 0.0070, rmse: 0.0834, mae: 0.0698
Iter: 439, mse: 0.0070, rmse: 0.0835, mae: 0.0692
Iter: 440, mse: 0.0067, rmse: 0.0820, mae: 0.0648
Iter: 441, mse: 0.0068, rmse: 0.0826, mae: 0.0647
Iter: 442, mse: 0.0074, rmse: 0.0861, mae: 0.0668
Iter: 443, mse: 0.0078, rmse: 0.0882, mae: 0.0690
Iter: 444, mse: 0.0077, rmse: 0.0875, mae: 0.0697
Iter: 445, mse: 0.0078, rmse: 0.0884, mae: 0.0698
Iter: 446, mse: 0.0077, rmse: 0.0880, mae: 0.0701
Iter: 447, mse: 0.0077, rmse: 0.0880, mae: 0.0718
Iter: 448, mse: 0.0078, rmse: 0.0885, mae: 0.0696
Iter: 449, mse: 0.0079, rmse: 0.0889, mae: 0.0669
Iter: 450, mse: 0.0082, rmse: 0.0903, mae: 0.0694
Iter: 451, mse: 0.0075, rmse: 0.0868, mae: 0.0703
Iter: 452, mse: 0.0073, rmse: 0.0857, mae: 0.0692
Iter: 453, mse: 0.0079, rmse: 0.0891, mae: 0.0766
Iter: 454, mse: 0.0086, rmse: 0.0928, mae: 0.0783
Iter: 455, mse: 0.0092, rmse: 0.0959, mae: 0.0804
Iter: 456, mse: 0.0098, rmse: 0.0992, mae: 0.0820
Iter: 457, mse: 0.0093, rmse: 0.0964, mae: 0.0825
Iter: 458, mse: 0.0111, rmse: 0.1055, mae: 0.0968
Iter: 459, mse: 0.0137, rmse: 0.1169, mae: 0.1070
Iter: 460, mse: 0.0158, rmse: 0.1257, mae: 0.1131
Iter: 461, mse: 0.0191, rmse: 0.1383, mae: 0.1257
Iter: 462, mse: 0.0176, rmse: 0.1325, mae: 0.1179
Iter: 463, mse: 0.0190, rmse: 0.1379, mae: 0.1236
Iter: 464, mse: 0.0173, rmse: 0.1315, mae: 0.1127
Iter: 465, mse: 0.0205, rmse: 0.1433, mae: 0.1256
Iter: 466, mse: 0.0234, rmse: 0.1530, mae: 0.1350
Iter: 467, mse: 0.0241, rmse: 0.1553, mae: 0.1328
Iter: 468, mse: 0.0274, rmse: 0.1655, mae: 0.1438
Iter: 469, mse: 0.0264, rmse: 0.1624, mae: 0.1350
Iter: 470, mse: 0.0308, rmse: 0.1754, mae: 0.1499
Iter: 471, mse: 0.0311, rmse: 0.1763, mae: 0.1461
Iter: 472, mse: 0.0331, rmse: 0.1819, mae: 0.1456
Iter: 473, mse: 0.0343, rmse: 0.1852, mae: 0.1468
Iter: 474, mse: 0.0353, rmse: 0.1879, mae: 0.1501
Iter: 475, mse: 0.0372, rmse: 0.1928, mae: 0.1562
Iter: 476, mse: 0.0389, rmse: 0.1973, mae: 0.1632
Iter: 477, mse: 0.0435, rmse: 0.2086, mae: 0.1765
Iter: 478, mse: 0.0483, rmse: 0.2198, mae: 0.1924
Iter: 479, mse: 0.0510, rmse: 0.2258, mae: 0.2008
Iter: 480, mse: 0.0541, rmse: 0.2325, mae: 0.2093
Iter: 481, mse: 0.0597, rmse: 0.2444, mae: 0.2227
Iter: 482, mse: 0.0603, rmse: 0.2457, mae: 0.2215
Iter: 483, mse: 0.0628, rmse: 0.2505, mae: 0.2278
Iter: 484, mse: 0.0730, rmse: 0.2703, mae: 0.2522
Iter: 485, mse: 0.0715, rmse: 0.2674, mae: 0.2458
Iter: 486, mse: 0.0734, rmse: 0.2710, mae: 0.2496
Iter: 487, mse: 0.0742, rmse: 0.2724, mae: 0.2530
Iter: 488, mse: 0.0800, rmse: 0.2829, mae: 0.2659
Iter: 489, mse: 0.0797, rmse: 0.2823, mae: 0.2688
Iter: 490, mse: 0.0755, rmse: 0.2747, mae: 0.2627
Iter: 491, mse: 0.0736, rmse: 0.2713, mae: 0.2598
Iter: 492, mse: 0.0704, rmse: 0.2653, mae: 0.2530
Iter: 493, mse: 0.0724, rmse: 0.2691, mae: 0.2578
Iter: 494, mse: 0.0693, rmse: 0.2633, mae: 0.2521
Iter: 495, mse: 0.0697, rmse: 0.2641, mae: 0.2531
Iter: 496, mse: 0.0708, rmse: 0.2660, mae: 0.2561
Iter: 497, mse: 0.0693, rmse: 0.2632, mae: 0.2536
Iter: 498, mse: 0.0635, rmse: 0.2520, mae: 0.2425
Iter: 499, mse: 0.0593, rmse: 0.2434, mae: 0.2323
Iter: 500, mse: 0.0573, rmse: 0.2393, mae: 0.2292
Iter: 501, mse: 0.0526, rmse: 0.2293, mae: 0.2188
Iter: 502, mse: 0.0535, rmse: 0.2313, mae: 0.2215
Iter: 503, mse: 0.0508, rmse: 0.2254, mae: 0.2150
Iter: 504, mse: 0.0364, rmse: 0.1907, mae: 0.1784
Iter: 505, mse: 0.0283, rmse: 0.1683, mae: 0.1551
Iter: 506, mse: 0.0344, rmse: 0.1854, mae: 0.1753
Iter: 507, mse: 0.0302, rmse: 0.1737, mae: 0.1638
Iter: 508, mse: 0.0341, rmse: 0.1846, mae: 0.1763
Iter: 509, mse: 0.0285, rmse: 0.1690, mae: 0.1609
Iter: 510, mse: 0.0263, rmse: 0.1621, mae: 0.1546
Iter: 511, mse: 0.0231, rmse: 0.1520, mae: 0.1447
Iter: 512, mse: 0.0193, rmse: 0.1389, mae: 0.1309
Iter: 513, mse: 0.0147, rmse: 0.1211, mae: 0.1113
Iter: 514, mse: 0.0122, rmse: 0.1106, mae: 0.0995
Iter: 515, mse: 0.0096, rmse: 0.0979, mae: 0.0858
Iter: 516, mse: 0.0079, rmse: 0.0889, mae: 0.0761
Iter: 517, mse: 0.0063, rmse: 0.0793, mae: 0.0649
Iter: 518, mse: 0.0064, rmse: 0.0801, mae: 0.0647
Iter: 519, mse: 0.0134, rmse: 0.1156, mae: 0.1035
Iter: 520, mse: 0.0168, rmse: 0.1295, mae: 0.1192
Iter: 521, mse: 0.0157, rmse: 0.1253, mae: 0.1113
Iter: 522, mse: 0.0152, rmse: 0.1231, mae: 0.1084
Iter: 523, mse: 0.0136, rmse: 0.1165, mae: 0.1010
Iter: 524, mse: 0.0143, rmse: 0.1197, mae: 0.1051
Iter: 525, mse: 0.0089, rmse: 0.0941, mae: 0.0760
Iter: 526, mse: 0.0089, rmse: 0.0944, mae: 0.0765
Iter: 527, mse: 0.0070, rmse: 0.0836, mae: 0.0648
Iter: 528, mse: 0.0053, rmse: 0.0727, mae: 0.0557
Iter: 529, mse: 0.0046, rmse: 0.0678, mae: 0.0533
Iter: 530, mse: 0.0039, rmse: 0.0626, mae: 0.0507
Iter: 531, mse: 0.0039, rmse: 0.0627, mae: 0.0505
Iter: 532, mse: 0.0044, rmse: 0.0665, mae: 0.0511
Iter: 533, mse: 0.0041, rmse: 0.0642, mae: 0.0497
Iter: 534, mse: 0.0049, rmse: 0.0698, mae: 0.0551
Iter: 535, mse: 0.0049, rmse: 0.0697, mae: 0.0553
Iter: 536, mse: 0.0047, rmse: 0.0686, mae: 0.0545
Iter: 537, mse: 0.0048, rmse: 0.0692, mae: 0.0553
Iter: 538, mse: 0.0050, rmse: 0.0710, mae: 0.0582
Iter: 539, mse: 0.0036, rmse: 0.0601, mae: 0.0495
Iter: 540, mse: 0.0037, rmse: 0.0606, mae: 0.0493
Iter: 541, mse: 0.0039, rmse: 0.0620, mae: 0.0512
Iter: 542, mse: 0.0036, rmse: 0.0596, mae: 0.0504
Iter: 543, mse: 0.0041, rmse: 0.0637, mae: 0.0542
Iter: 544, mse: 0.0046, rmse: 0.0680, mae: 0.0580
Iter: 545, mse: 0.0055, rmse: 0.0745, mae: 0.0640
Iter: 546, mse: 0.0053, rmse: 0.0727, mae: 0.0621
Iter: 547, mse: 0.0052, rmse: 0.0720, mae: 0.0595
Iter: 548, mse: 0.0060, rmse: 0.0775, mae: 0.0632
Iter: 549, mse: 0.0071, rmse: 0.0845, mae: 0.0658
Iter: 550, mse: 0.0086, rmse: 0.0929, mae: 0.0716
Iter: 551, mse: 0.0087, rmse: 0.0932, mae: 0.0732
Iter: 552, mse: 0.0092, rmse: 0.0961, mae: 0.0755
Iter: 553, mse: 0.0101, rmse: 0.1004, mae: 0.0783
Iter: 554, mse: 0.0103, rmse: 0.1017, mae: 0.0805
Iter: 555, mse: 0.0112, rmse: 0.1059, mae: 0.0853
Iter: 556, mse: 0.0108, rmse: 0.1040, mae: 0.0879
Iter: 557, mse: 0.0114, rmse: 0.1067, mae: 0.0909
Iter: 558, mse: 0.0115, rmse: 0.1072, mae: 0.0923
Iter: 559, mse: 0.0120, rmse: 0.1095, mae: 0.0939
Iter: 560, mse: 0.0118, rmse: 0.1086, mae: 0.0932
Iter: 561, mse: 0.0134, rmse: 0.1158, mae: 0.0989
Iter: 562, mse: 0.0128, rmse: 0.1130, mae: 0.0967
Iter: 563, mse: 0.0128, rmse: 0.1133, mae: 0.0976
Iter: 564, mse: 0.0123, rmse: 0.1109, mae: 0.0976
Iter: 565, mse: 0.0130, rmse: 0.1140, mae: 0.1017
Iter: 566, mse: 0.0131, rmse: 0.1145, mae: 0.1037
Iter: 567, mse: 0.0113, rmse: 0.1063, mae: 0.0956
Iter: 568, mse: 0.0111, rmse: 0.1052, mae: 0.0952
Iter: 569, mse: 0.0111, rmse: 0.1054, mae: 0.0966
Iter: 570, mse: 0.0106, rmse: 0.1029, mae: 0.0950
Iter: 571, mse: 0.0105, rmse: 0.1026, mae: 0.0957
Iter: 572, mse: 0.0104, rmse: 0.1021, mae: 0.0952
Iter: 573, mse: 0.0118, rmse: 0.1086, mae: 0.1025
Iter: 574, mse: 0.0120, rmse: 0.1094, mae: 0.1030
Iter: 575, mse: 0.0128, rmse: 0.1131, mae: 0.1055
Iter: 576, mse: 0.0137, rmse: 0.1171, mae: 0.1071
Iter: 577, mse: 0.0156, rmse: 0.1249, mae: 0.1140
Iter: 578, mse: 0.0175, rmse: 0.1321, mae: 0.1200
Iter: 579, mse: 0.0197, rmse: 0.1405, mae: 0.1274
Iter: 580, mse: 0.0217, rmse: 0.1474, mae: 0.1322
Iter: 581, mse: 0.0250, rmse: 0.1581, mae: 0.1400
Iter: 582, mse: 0.0284, rmse: 0.1686, mae: 0.1493
Iter: 583, mse: 0.0255, rmse: 0.1598, mae: 0.1465
Iter: 584, mse: 0.0294, rmse: 0.1715, mae: 0.1580
Iter: 585, mse: 0.0321, rmse: 0.1793, mae: 0.1670
Iter: 586, mse: 0.0386, rmse: 0.1966, mae: 0.1855
Iter: 587, mse: 0.0443, rmse: 0.2105, mae: 0.2025
Iter: 588, mse: 0.0435, rmse: 0.2086, mae: 0.2023
Iter: 589, mse: 0.0418, rmse: 0.2045, mae: 0.1990
Iter: 590, mse: 0.0367, rmse: 0.1915, mae: 0.1830
Iter: 591, mse: 0.0368, rmse: 0.1918, mae: 0.1840
Iter: 592, mse: 0.0308, rmse: 0.1755, mae: 0.1660
Iter: 593, mse: 0.0331, rmse: 0.1820, mae: 0.1744
Iter: 594, mse: 0.0297, rmse: 0.1724, mae: 0.1642
Iter: 595, mse: 0.0322, rmse: 0.1795, mae: 0.1733
Iter: 596, mse: 0.0271, rmse: 0.1647, mae: 0.1573
Iter: 597, mse: 0.0249, rmse: 0.1579, mae: 0.1498
Iter: 598, mse: 0.0256, rmse: 0.1600, mae: 0.1522
Iter: 599, mse: 0.0245, rmse: 0.1565, mae: 0.1488
Iter: 600, mse: 0.0235, rmse: 0.1534, mae: 0.1443
Iter: 601, mse: 0.0215, rmse: 0.1467, mae: 0.1369
Iter: 602, mse: 0.0242, rmse: 0.1556, mae: 0.1453
Iter: 603, mse: 0.0208, rmse: 0.1441, mae: 0.1334
Iter: 604, mse: 0.0151, rmse: 0.1227, mae: 0.1136
Iter: 605, mse: 0.0139, rmse: 0.1178, mae: 0.1091
Iter: 606, mse: 0.0123, rmse: 0.1111, mae: 0.1025
Iter: 607, mse: 0.0115, rmse: 0.1075, mae: 0.0980
Iter: 608, mse: 0.0138, rmse: 0.1174, mae: 0.1088
Iter: 609, mse: 0.0112, rmse: 0.1059, mae: 0.0962
Iter: 610, mse: 0.0115, rmse: 0.1074, mae: 0.0961
Iter: 611, mse: 0.0119, rmse: 0.1090, mae: 0.0985
Iter: 612, mse: 0.0129, rmse: 0.1138, mae: 0.1029
Iter: 613, mse: 0.0136, rmse: 0.1165, mae: 0.1065
Iter: 614, mse: 0.0153, rmse: 0.1237, mae: 0.1088
Iter: 615, mse: 0.0174, rmse: 0.1318, mae: 0.1123
Iter: 616, mse: 0.0186, rmse: 0.1362, mae: 0.1153
Iter: 617, mse: 0.0210, rmse: 0.1449, mae: 0.1225
Iter: 618, mse: 0.0230, rmse: 0.1517, mae: 0.1291
Iter: 619, mse: 0.0261, rmse: 0.1616, mae: 0.1382
Iter: 620, mse: 0.0296, rmse: 0.1721, mae: 0.1497
Iter: 621, mse: 0.0332, rmse: 0.1822, mae: 0.1608
Iter: 622, mse: 0.0302, rmse: 0.1737, mae: 0.1513
Iter: 623, mse: 0.0301, rmse: 0.1736, mae: 0.1508
Iter: 624, mse: 0.0260, rmse: 0.1612, mae: 0.1426
Iter: 625, mse: 0.0274, rmse: 0.1657, mae: 0.1488
Iter: 626, mse: 0.0257, rmse: 0.1602, mae: 0.1469
Iter: 627, mse: 0.0402, rmse: 0.2004, mae: 0.1861
Iter: 628, mse: 0.0465, rmse: 0.2156, mae: 0.2043
Iter: 629, mse: 0.0479, rmse: 0.2188, mae: 0.2089
Iter: 630, mse: 0.0382, rmse: 0.1954, mae: 0.1856
Iter: 631, mse: 0.0477, rmse: 0.2183, mae: 0.2107
Iter: 632, mse: 0.0438, rmse: 0.2092, mae: 0.1976
Iter: 633, mse: 0.0502, rmse: 0.2240, mae: 0.2118
Iter: 634, mse: 0.0516, rmse: 0.2272, mae: 0.2157
Iter: 635, mse: 0.0558, rmse: 0.2363, mae: 0.2255
Iter: 636, mse: 0.0534, rmse: 0.2311, mae: 0.2192
Iter: 637, mse: 0.0583, rmse: 0.2415, mae: 0.2297
Iter: 638, mse: 0.0540, rmse: 0.2324, mae: 0.2192
Iter: 639, mse: 0.0497, rmse: 0.2229, mae: 0.2063
Iter: 640, mse: 0.0504, rmse: 0.2244, mae: 0.2077
Iter: 641, mse: 0.0519, rmse: 0.2278, mae: 0.2110
Iter: 642, mse: 0.0519, rmse: 0.2278, mae: 0.2110
Iter: 643, mse: 0.0471, rmse: 0.2170, mae: 0.1993
Iter: 644, mse: 0.0438, rmse: 0.2094, mae: 0.1871
Iter: 645, mse: 0.0464, rmse: 0.2154, mae: 0.1916
Iter: 646, mse: 0.0472, rmse: 0.2173, mae: 0.1917
Iter: 647, mse: 0.0488, rmse: 0.2209, mae: 0.1901
Iter: 648, mse: 0.0519, rmse: 0.2277, mae: 0.1933
Iter: 649, mse: 0.0547, rmse: 0.2339, mae: 0.1964
Iter: 650, mse: 0.0567, rmse: 0.2381, mae: 0.1977
Iter: 651, mse: 0.0552, rmse: 0.2350, mae: 0.1936
Iter: 652, mse: 0.0607, rmse: 0.2463, mae: 0.2072
Iter: 653, mse: 0.0704, rmse: 0.2654, mae: 0.2300
Iter: 654, mse: 0.0736, rmse: 0.2713, mae: 0.2361
Iter: 655, mse: 0.0807, rmse: 0.2842, mae: 0.2519
Iter: 656, mse: 0.0796, rmse: 0.2822, mae: 0.2504
Iter: 657, mse: 0.0803, rmse: 0.2835, mae: 0.2528
Iter: 658, mse: 0.0734, rmse: 0.2710, mae: 0.2360
Iter: 659, mse: 0.0738, rmse: 0.2717, mae: 0.2349
Iter: 660, mse: 0.0808, rmse: 0.2842, mae: 0.2438
Iter: 661, mse: 0.0885, rmse: 0.2975, mae: 0.2507
Iter: 662, mse: 0.1013, rmse: 0.3183, mae: 0.2699
Iter: 663, mse: 0.1013, rmse: 0.3183, mae: 0.2589
Iter: 664, mse: 0.1091, rmse: 0.3304, mae: 0.2623
Iter: 665, mse: 0.1298, rmse: 0.3603, mae: 0.2956
Iter: 666, mse: 0.1391, rmse: 0.3730, mae: 0.3057
Iter: 667, mse: 0.1462, rmse: 0.3824, mae: 0.3118
Iter: 668, mse: 0.1576, rmse: 0.3970, mae: 0.3276
Iter: 669, mse: 0.1682, rmse: 0.4101, mae: 0.3421
Iter: 670, mse: 0.1902, rmse: 0.4361, mae: 0.3748
Iter: 671, mse: 0.1839, rmse: 0.4288, mae: 0.3631
Iter: 672, mse: 0.1870, rmse: 0.4324, mae: 0.3706
Iter: 673, mse: 0.1918, rmse: 0.4380, mae: 0.3779
Iter: 674, mse: 0.2003, rmse: 0.4476, mae: 0.3939
Iter: 675, mse: 0.2044, rmse: 0.4521, mae: 0.4040
Iter: 676, mse: 0.2022, rmse: 0.4497, mae: 0.4014
Iter: 677, mse: 0.2014, rmse: 0.4487, mae: 0.4017
Iter: 678, mse: 0.2027, rmse: 0.4503, mae: 0.4073
Iter: 679, mse: 0.1967, rmse: 0.4435, mae: 0.4008
Iter: 680, mse: 0.1907, rmse: 0.4367, mae: 0.3950
Iter: 681, mse: 0.1835, rmse: 0.4284, mae: 0.3883
Iter: 682, mse: 0.1779, rmse: 0.4217, mae: 0.3846
Iter: 683, mse: 0.1799, rmse: 0.4242, mae: 0.3929
Iter: 684, mse: 0.1759, rmse: 0.4194, mae: 0.3929
Iter: 685, mse: 0.1664, rmse: 0.4080, mae: 0.3832
Iter: 686, mse: 0.1577, rmse: 0.3972, mae: 0.3750
Iter: 687, mse: 0.1528, rmse: 0.3909, mae: 0.3718
Iter: 688, mse: 0.1500, rmse: 0.3873, mae: 0.3716
Iter: 689, mse: 0.1456, rmse: 0.3816, mae: 0.3699
Iter: 690, mse: 0.1395, rmse: 0.3734, mae: 0.3655
Iter: 691, mse: 0.1320, rmse: 0.3633, mae: 0.3584
Iter: 692, mse: 0.1107, rmse: 0.3327, mae: 0.3283
Iter: 693, mse: 0.0907, rmse: 0.3012, mae: 0.2967
Iter: 694, mse: 0.0770, rmse: 0.2774, mae: 0.2730
Iter: 695, mse: 0.0655, rmse: 0.2559, mae: 0.2512
Iter: 696, mse: 0.0477, rmse: 0.2184, mae: 0.2108
Iter: 697, mse: 0.0407, rmse: 0.2018, mae: 0.1919
Iter: 698, mse: 0.0326, rmse: 0.1804, mae: 0.1666
Iter: 699, mse: 0.0260, rmse: 0.1612, mae: 0.1394
Iter: 700, mse: 0.0216, rmse: 0.1470, mae: 0.1198
Iter: 701, mse: 0.0186, rmse: 0.1363, mae: 0.1038
Iter: 702, mse: 0.0193, rmse: 0.1388, mae: 0.1032
Iter: 703, mse: 0.0275, rmse: 0.1659, mae: 0.1302
Iter: 704, mse: 0.0251, rmse: 0.1585, mae: 0.1219
Iter: 705, mse: 0.0220, rmse: 0.1484, mae: 0.1103
Iter: 706, mse: 0.0305, rmse: 0.1745, mae: 0.1380
Iter: 707, mse: 0.0253, rmse: 0.1591, mae: 0.1246
Iter: 708, mse: 0.0211, rmse: 0.1452, mae: 0.1176
Iter: 709, mse: 0.0197, rmse: 0.1404, mae: 0.1167
Iter: 710, mse: 0.0252, rmse: 0.1587, mae: 0.1290
Iter: 711, mse: 0.0210, rmse: 0.1450, mae: 0.1224
Iter: 712, mse: 0.0309, rmse: 0.1758, mae: 0.1464
Iter: 713, mse: 0.0250, rmse: 0.1583, mae: 0.1307
Iter: 714, mse: 0.0213, rmse: 0.1460, mae: 0.1213
Iter: 715, mse: 0.0193, rmse: 0.1389, mae: 0.1160
Iter: 716, mse: 0.0183, rmse: 0.1354, mae: 0.1141
Iter: 717, mse: 0.0213, rmse: 0.1459, mae: 0.1243
Iter: 718, mse: 0.0191, rmse: 0.1381, mae: 0.1169
Iter: 719, mse: 0.0151, rmse: 0.1231, mae: 0.1023
Iter: 720, mse: 0.0087, rmse: 0.0934, mae: 0.0749
Iter: 721, mse: 0.0098, rmse: 0.0988, mae: 0.0794
Iter: 722, mse: 0.0084, rmse: 0.0915, mae: 0.0738
Iter: 723, mse: 0.0079, rmse: 0.0892, mae: 0.0723
Iter: 724, mse: 0.0097, rmse: 0.0987, mae: 0.0813
Iter: 725, mse: 0.0104, rmse: 0.1018, mae: 0.0842
Iter: 726, mse: 0.0101, rmse: 0.1003, mae: 0.0824
Iter: 727, mse: 0.0054, rmse: 0.0737, mae: 0.0608
Iter: 728, mse: 0.0041, rmse: 0.0638, mae: 0.0523
Iter: 729, mse: 0.0040, rmse: 0.0630, mae: 0.0523
Iter: 730, mse: 0.0036, rmse: 0.0602, mae: 0.0512
Iter: 731, mse: 0.0038, rmse: 0.0618, mae: 0.0516
Iter: 732, mse: 0.0048, rmse: 0.0690, mae: 0.0583
Iter: 733, mse: 0.0057, rmse: 0.0757, mae: 0.0623
Iter: 734, mse: 0.0066, rmse: 0.0813, mae: 0.0663
Iter: 735, mse: 0.0069, rmse: 0.0833, mae: 0.0691
Iter: 736, mse: 0.0074, rmse: 0.0859, mae: 0.0724
Iter: 737, mse: 0.0076, rmse: 0.0874, mae: 0.0746
Iter: 738, mse: 0.0070, rmse: 0.0837, mae: 0.0710
Iter: 739, mse: 0.0067, rmse: 0.0819, mae: 0.0702
Iter: 740, mse: 0.0058, rmse: 0.0760, mae: 0.0613
Iter: 741, mse: 0.0065, rmse: 0.0808, mae: 0.0630
Iter: 742, mse: 0.0061, rmse: 0.0783, mae: 0.0620
Iter: 743, mse: 0.0067, rmse: 0.0817, mae: 0.0646
Iter: 744, mse: 0.0071, rmse: 0.0841, mae: 0.0667
Iter: 745, mse: 0.0095, rmse: 0.0976, mae: 0.0782
Iter: 746, mse: 0.0104, rmse: 0.1018, mae: 0.0831
Iter: 747, mse: 0.0094, rmse: 0.0971, mae: 0.0798
Iter: 748, mse: 0.0106, rmse: 0.1029, mae: 0.0859
Iter: 749, mse: 0.0122, rmse: 0.1104, mae: 0.0936
Iter: 750, mse: 0.0133, rmse: 0.1153, mae: 0.0998
Iter: 751, mse: 0.0126, rmse: 0.1124, mae: 0.0984
Iter: 752, mse: 0.0137, rmse: 0.1172, mae: 0.1042
Iter: 753, mse: 0.0111, rmse: 0.1054, mae: 0.0947
Iter: 754, mse: 0.0137, rmse: 0.1172, mae: 0.1065
Iter: 755, mse: 0.0151, rmse: 0.1228, mae: 0.1135
Iter: 756, mse: 0.0123, rmse: 0.1108, mae: 0.1001
Iter: 757, mse: 0.0118, rmse: 0.1088, mae: 0.0996
Iter: 758, mse: 0.0123, rmse: 0.1111, mae: 0.1027
Iter: 759, mse: 0.0141, rmse: 0.1188, mae: 0.1116
Iter: 760, mse: 0.0112, rmse: 0.1058, mae: 0.0969
Iter: 761, mse: 0.0103, rmse: 0.1015, mae: 0.0936
Iter: 762, mse: 0.0110, rmse: 0.1048, mae: 0.0971
Iter: 763, mse: 0.0069, rmse: 0.0831, mae: 0.0731
Iter: 764, mse: 0.0047, rmse: 0.0689, mae: 0.0584
Iter: 765, mse: 0.0049, rmse: 0.0701, mae: 0.0591
Iter: 766, mse: 0.0034, rmse: 0.0583, mae: 0.0484
Iter: 767, mse: 0.0036, rmse: 0.0602, mae: 0.0506
Iter: 768, mse: 0.0030, rmse: 0.0545, mae: 0.0474
Iter: 769, mse: 0.0041, rmse: 0.0643, mae: 0.0560
Iter: 770, mse: 0.0036, rmse: 0.0597, mae: 0.0510
Iter: 771, mse: 0.0034, rmse: 0.0585, mae: 0.0500
Iter: 772, mse: 0.0031, rmse: 0.0560, mae: 0.0480
Iter: 773, mse: 0.0024, rmse: 0.0485, mae: 0.0408
Iter: 774, mse: 0.0030, rmse: 0.0544, mae: 0.0463
Iter: 775, mse: 0.0041, rmse: 0.0639, mae: 0.0465
Iter: 776, mse: 0.0058, rmse: 0.0761, mae: 0.0528
Iter: 777, mse: 0.0090, rmse: 0.0949, mae: 0.0610
Iter: 778, mse: 0.0126, rmse: 0.1122, mae: 0.0707
Iter: 779, mse: 0.0164, rmse: 0.1281, mae: 0.0812
Iter: 780, mse: 0.0205, rmse: 0.1432, mae: 0.0909
Iter: 781, mse: 0.0235, rmse: 0.1534, mae: 0.0981
Iter: 782, mse: 0.0269, rmse: 0.1639, mae: 0.1078
Iter: 783, mse: 0.0365, rmse: 0.1909, mae: 0.1247
Iter: 784, mse: 0.0477, rmse: 0.2185, mae: 0.1440
Iter: 785, mse: 0.0564, rmse: 0.2375, mae: 0.1592
Iter: 786, mse: 0.0655, rmse: 0.2559, mae: 0.1754
Iter: 787, mse: 0.0734, rmse: 0.2709, mae: 0.1897
Iter: 788, mse: 0.0847, rmse: 0.2910, mae: 0.2078
Iter: 789, mse: 0.0819, rmse: 0.2862, mae: 0.2103
Iter: 790, mse: 0.0843, rmse: 0.2904, mae: 0.2199
Iter: 791, mse: 0.0879, rmse: 0.2965, mae: 0.2317
Iter: 792, mse: 0.0957, rmse: 0.3094, mae: 0.2427
Iter: 793, mse: 0.0978, rmse: 0.3128, mae: 0.2532
Iter: 794, mse: 0.1044, rmse: 0.3230, mae: 0.2627
Iter: 795, mse: 0.1114, rmse: 0.3338, mae: 0.2735
Iter: 796, mse: 0.1247, rmse: 0.3531, mae: 0.2942
Iter: 797, mse: 0.1286, rmse: 0.3586, mae: 0.3044
Iter: 798, mse: 0.1245, rmse: 0.3529, mae: 0.3041
Iter: 799, mse: 0.1222, rmse: 0.3495, mae: 0.3074
Iter: 800, mse: 0.1234, rmse: 0.3512, mae: 0.3148
Iter: 801, mse: 0.1305, rmse: 0.3613, mae: 0.3265
Iter: 802, mse: 0.1311, rmse: 0.3621, mae: 0.3326
Iter: 803, mse: 0.1338, rmse: 0.3658, mae: 0.3404
Iter: 804, mse: 0.1417, rmse: 0.3765, mae: 0.3559
Iter: 805, mse: 0.1414, rmse: 0.3760, mae: 0.3602
Iter: 806, mse: 0.1355, rmse: 0.3681, mae: 0.3543
Iter: 807, mse: 0.1287, rmse: 0.3587, mae: 0.3450
Iter: 808, mse: 0.1201, rmse: 0.3466, mae: 0.3331
Iter: 809, mse: 0.1112, rmse: 0.3335, mae: 0.3201
Iter: 810, mse: 0.0957, rmse: 0.3094, mae: 0.2953
Iter: 811, mse: 0.0790, rmse: 0.2811, mae: 0.2665
Iter: 812, mse: 0.0606, rmse: 0.2461, mae: 0.2315
Iter: 813, mse: 0.0601, rmse: 0.2452, mae: 0.2299
Iter: 814, mse: 0.0486, rmse: 0.2204, mae: 0.2058
Iter: 815, mse: 0.0272, rmse: 0.1650, mae: 0.1533
Iter: 816, mse: 0.0175, rmse: 0.1324, mae: 0.1186
Iter: 817, mse: 0.0134, rmse: 0.1159, mae: 0.0973
Iter: 818, mse: 0.0055, rmse: 0.0742, mae: 0.0554
Iter: 819, mse: 0.0046, rmse: 0.0679, mae: 0.0482
Iter: 820, mse: 0.0045, rmse: 0.0674, mae: 0.0502
Iter: 821, mse: 0.0060, rmse: 0.0773, mae: 0.0532
Iter: 822, mse: 0.0072, rmse: 0.0850, mae: 0.0610
Iter: 823, mse: 0.0088, rmse: 0.0939, mae: 0.0665
Iter: 824, mse: 0.0119, rmse: 0.1091, mae: 0.0791
Iter: 825, mse: 0.0125, rmse: 0.1120, mae: 0.0878
Iter: 826, mse: 0.0144, rmse: 0.1202, mae: 0.0842
Iter: 827, mse: 0.0152, rmse: 0.1235, mae: 0.0960
Iter: 828, mse: 0.0161, rmse: 0.1269, mae: 0.1115
Iter: 829, mse: 0.0170, rmse: 0.1302, mae: 0.0973
Iter: 830, mse: 0.0188, rmse: 0.1370, mae: 0.1106
Iter: 831, mse: 0.0188, rmse: 0.1371, mae: 0.1160
Iter: 832, mse: 0.0188, rmse: 0.1370, mae: 0.1204
Iter: 833, mse: 0.0191, rmse: 0.1383, mae: 0.1166
Iter: 834, mse: 0.0190, rmse: 0.1377, mae: 0.1157
Iter: 835, mse: 0.0186, rmse: 0.1363, mae: 0.1147
Iter: 836, mse: 0.0186, rmse: 0.1362, mae: 0.1136
Iter: 837, mse: 0.0175, rmse: 0.1324, mae: 0.1155
Iter: 838, mse: 0.0171, rmse: 0.1306, mae: 0.1167
Iter: 839, mse: 0.0167, rmse: 0.1294, mae: 0.1170
Iter: 840, mse: 0.0164, rmse: 0.1280, mae: 0.1152
Iter: 841, mse: 0.0166, rmse: 0.1288, mae: 0.1214
Iter: 842, mse: 0.0164, rmse: 0.1281, mae: 0.1150
Iter: 843, mse: 0.0161, rmse: 0.1269, mae: 0.1129
Iter: 844, mse: 0.0161, rmse: 0.1268, mae: 0.1118
Iter: 845, mse: 0.0160, rmse: 0.1267, mae: 0.1107
Iter: 846, mse: 0.0155, rmse: 0.1247, mae: 0.1083
Iter: 847, mse: 0.0145, rmse: 0.1205, mae: 0.1066
Iter: 848, mse: 0.0167, rmse: 0.1292, mae: 0.1136
Iter: 849, mse: 0.0176, rmse: 0.1325, mae: 0.1167
Iter: 850, mse: 0.0138, rmse: 0.1175, mae: 0.1054
Iter: 851, mse: 0.0145, rmse: 0.1205, mae: 0.1027
Iter: 852, mse: 0.0162, rmse: 0.1273, mae: 0.1093
Iter: 853, mse: 0.0181, rmse: 0.1345, mae: 0.1159
Iter: 854, mse: 0.0193, rmse: 0.1390, mae: 0.1220
Iter: 855, mse: 0.0212, rmse: 0.1455, mae: 0.1247
Iter: 856, mse: 0.0262, rmse: 0.1619, mae: 0.1419
Iter: 857, mse: 0.0202, rmse: 0.1420, mae: 0.1248
Iter: 858, mse: 0.0242, rmse: 0.1555, mae: 0.1359
Iter: 859, mse: 0.0245, rmse: 0.1567, mae: 0.1397
Iter: 860, mse: 0.0285, rmse: 0.1687, mae: 0.1529
Iter: 861, mse: 0.0285, rmse: 0.1689, mae: 0.1534
Iter: 862, mse: 0.0408, rmse: 0.2021, mae: 0.1887
Iter: 863, mse: 0.0380, rmse: 0.1949, mae: 0.1818
Iter: 864, mse: 0.0382, rmse: 0.1955, mae: 0.1844
Iter: 865, mse: 0.0255, rmse: 0.1598, mae: 0.1448
Iter: 866, mse: 0.0234, rmse: 0.1530, mae: 0.1358
Iter: 867, mse: 0.0209, rmse: 0.1447, mae: 0.1266
Iter: 868, mse: 0.0141, rmse: 0.1186, mae: 0.0996
Iter: 869, mse: 0.0146, rmse: 0.1209, mae: 0.1017
Iter: 870, mse: 0.0138, rmse: 0.1173, mae: 0.0982
Iter: 871, mse: 0.0124, rmse: 0.1115, mae: 0.0929
Iter: 872, mse: 0.0160, rmse: 0.1264, mae: 0.1062
Iter: 873, mse: 0.0172, rmse: 0.1313, mae: 0.1098
Iter: 874, mse: 0.0185, rmse: 0.1360, mae: 0.1150
Iter: 875, mse: 0.0204, rmse: 0.1429, mae: 0.1232
Iter: 876, mse: 0.0216, rmse: 0.1468, mae: 0.1295
Iter: 877, mse: 0.0216, rmse: 0.1471, mae: 0.1313
Iter: 878, mse: 0.0217, rmse: 0.1474, mae: 0.1324
Iter: 879, mse: 0.0156, rmse: 0.1249, mae: 0.1042
Iter: 880, mse: 0.0150, rmse: 0.1224, mae: 0.1003
Iter: 881, mse: 0.0186, rmse: 0.1364, mae: 0.1160
Iter: 882, mse: 0.0181, rmse: 0.1344, mae: 0.1123
Iter: 883, mse: 0.0167, rmse: 0.1294, mae: 0.1078
Iter: 884, mse: 0.0139, rmse: 0.1177, mae: 0.0935
Iter: 885, mse: 0.0152, rmse: 0.1232, mae: 0.0997
Iter: 886, mse: 0.0159, rmse: 0.1263, mae: 0.1039
Iter: 887, mse: 0.0157, rmse: 0.1253, mae: 0.1030
Iter: 888, mse: 0.0154, rmse: 0.1240, mae: 0.1018
Iter: 889, mse: 0.0243, rmse: 0.1557, mae: 0.1285
Iter: 890, mse: 0.0165, rmse: 0.1286, mae: 0.1035
Iter: 891, mse: 0.0137, rmse: 0.1172, mae: 0.0938
Iter: 892, mse: 0.0112, rmse: 0.1060, mae: 0.0861
Iter: 893, mse: 0.0108, rmse: 0.1037, mae: 0.0846
Iter: 894, mse: 0.0112, rmse: 0.1057, mae: 0.0844
Iter: 895, mse: 0.0122, rmse: 0.1106, mae: 0.0876
Iter: 896, mse: 0.0143, rmse: 0.1195, mae: 0.0967
Iter: 897, mse: 0.0152, rmse: 0.1231, mae: 0.0957
Iter: 898, mse: 0.0184, rmse: 0.1356, mae: 0.1068
Iter: 899, mse: 0.0189, rmse: 0.1374, mae: 0.1104
Iter: 900, mse: 0.0226, rmse: 0.1504, mae: 0.1209
Iter: 901, mse: 0.0253, rmse: 0.1589, mae: 0.1275
Iter: 902, mse: 0.0310, rmse: 0.1762, mae: 0.1421
Iter: 903, mse: 0.0411, rmse: 0.2028, mae: 0.1655
Iter: 904, mse: 0.0562, rmse: 0.2370, mae: 0.1990
Iter: 905, mse: 0.0728, rmse: 0.2698, mae: 0.2326
Iter: 906, mse: 0.0746, rmse: 0.2730, mae: 0.2298
Iter: 907, mse: 0.0715, rmse: 0.2674, mae: 0.2203
Iter: 908, mse: 0.0804, rmse: 0.2836, mae: 0.2382
Iter: 909, mse: 0.0885, rmse: 0.2974, mae: 0.2543
Iter: 910, mse: 0.1037, rmse: 0.3220, mae: 0.2801
Iter: 911, mse: 0.1165, rmse: 0.3413, mae: 0.3022
Iter: 912, mse: 0.1165, rmse: 0.3413, mae: 0.2978
Iter: 913, mse: 0.1175, rmse: 0.3428, mae: 0.2978
Iter: 914, mse: 0.1204, rmse: 0.3471, mae: 0.3058
Iter: 915, mse: 0.1203, rmse: 0.3468, mae: 0.3060
Iter: 916, mse: 0.1286, rmse: 0.3586, mae: 0.3190
Iter: 917, mse: 0.1284, rmse: 0.3584, mae: 0.3116
Iter: 918, mse: 0.1328, rmse: 0.3644, mae: 0.3182
Iter: 919, mse: 0.1482, rmse: 0.3850, mae: 0.3460
Iter: 920, mse: 0.1612, rmse: 0.4015, mae: 0.3670
Iter: 921, mse: 0.1625, rmse: 0.4031, mae: 0.3702
Iter: 922, mse: 0.1782, rmse: 0.4221, mae: 0.3926
Iter: 923, mse: 0.1881, rmse: 0.4338, mae: 0.4081
Iter: 924, mse: 0.1828, rmse: 0.4276, mae: 0.3977
Iter: 925, mse: 0.1899, rmse: 0.4358, mae: 0.4065
Iter: 926, mse: 0.1838, rmse: 0.4287, mae: 0.3956
Iter: 927, mse: 0.1871, rmse: 0.4326, mae: 0.4006
Iter: 928, mse: 0.1877, rmse: 0.4333, mae: 0.3998
Iter: 929, mse: 0.1890, rmse: 0.4347, mae: 0.4035
Iter: 930, mse: 0.1891, rmse: 0.4349, mae: 0.4070
Iter: 931, mse: 0.1949, rmse: 0.4414, mae: 0.4160
Iter: 932, mse: 0.1900, rmse: 0.4359, mae: 0.4089
Iter: 933, mse: 0.1910, rmse: 0.4370, mae: 0.4111
Iter: 934, mse: 0.1832, rmse: 0.4280, mae: 0.3996
Iter: 935, mse: 0.1753, rmse: 0.4186, mae: 0.3860
Iter: 936, mse: 0.1701, rmse: 0.4124, mae: 0.3769
Iter: 937, mse: 0.1669, rmse: 0.4085, mae: 0.3700
Iter: 938, mse: 0.1628, rmse: 0.4035, mae: 0.3605
Iter: 939, mse: 0.1889, rmse: 0.4346, mae: 0.3992
Iter: 940, mse: 0.1775, rmse: 0.4214, mae: 0.3820
Iter: 941, mse: 0.1744, rmse: 0.4176, mae: 0.3767
Iter: 942, mse: 0.1658, rmse: 0.4072, mae: 0.3623
Iter: 943, mse: 0.1648, rmse: 0.4059, mae: 0.3616
Iter: 944, mse: 0.1611, rmse: 0.4014, mae: 0.3585
Iter: 945, mse: 0.1784, rmse: 0.4224, mae: 0.3857
Iter: 946, mse: 0.1884, rmse: 0.4341, mae: 0.4027
Iter: 947, mse: 0.2253, rmse: 0.4747, mae: 0.4523
Iter: 948, mse: 0.1730, rmse: 0.4160, mae: 0.3814
Iter: 949, mse: 0.1619, rmse: 0.4023, mae: 0.3696
Iter: 950, mse: 0.1553, rmse: 0.3941, mae: 0.3597
Iter: 951, mse: 0.1544, rmse: 0.3929, mae: 0.3563
Iter: 952, mse: 0.1587, rmse: 0.3984, mae: 0.3634
Iter: 953, mse: 0.1601, rmse: 0.4001, mae: 0.3641
Iter: 954, mse: 0.1588, rmse: 0.3985, mae: 0.3575
Iter: 955, mse: 0.1580, rmse: 0.3974, mae: 0.3579
Iter: 956, mse: 0.1503, rmse: 0.3877, mae: 0.3476
Iter: 957, mse: 0.1493, rmse: 0.3864, mae: 0.3484
Iter: 958, mse: 0.1458, rmse: 0.3819, mae: 0.3467
Iter: 959, mse: 0.1401, rmse: 0.3743, mae: 0.3369
Iter: 960, mse: 0.1330, rmse: 0.3647, mae: 0.3273
Iter: 961, mse: 0.1431, rmse: 0.3783, mae: 0.3471
Iter: 962, mse: 0.1471, rmse: 0.3835, mae: 0.3571
Iter: 963, mse: 0.1254, rmse: 0.3541, mae: 0.3253
Iter: 964, mse: 0.1170, rmse: 0.3420, mae: 0.3177
Iter: 965, mse: 0.1125, rmse: 0.3355, mae: 0.3134
Iter: 966, mse: 0.1204, rmse: 0.3470, mae: 0.3312
Iter: 967, mse: 0.1003, rmse: 0.3168, mae: 0.2983
Iter: 968, mse: 0.0891, rmse: 0.2985, mae: 0.2807
Iter: 969, mse: 0.0789, rmse: 0.2809, mae: 0.2632
Iter: 970, mse: 0.0718, rmse: 0.2679, mae: 0.2489
Iter: 971, mse: 0.0678, rmse: 0.2603, mae: 0.2397
Iter: 972, mse: 0.0631, rmse: 0.2512, mae: 0.2298
Iter: 973, mse: 0.0580, rmse: 0.2409, mae: 0.2194
Iter: 974, mse: 0.0506, rmse: 0.2250, mae: 0.2016
Iter: 975, mse: 0.0586, rmse: 0.2420, mae: 0.2251
Iter: 976, mse: 0.0519, rmse: 0.2278, mae: 0.2120
Iter: 977, mse: 0.0463, rmse: 0.2151, mae: 0.1982
Iter: 978, mse: 0.0493, rmse: 0.2220, mae: 0.2090
Iter: 979, mse: 0.0506, rmse: 0.2250, mae: 0.2146
Iter: 980, mse: 0.0429, rmse: 0.2072, mae: 0.1970
Iter: 981, mse: 0.0469, rmse: 0.2166, mae: 0.2089
Iter: 982, mse: 0.0350, rmse: 0.1871, mae: 0.1769
Iter: 983, mse: 0.0257, rmse: 0.1603, mae: 0.1460
Iter: 984, mse: 0.0203, rmse: 0.1426, mae: 0.1267
Iter: 985, mse: 0.0164, rmse: 0.1282, mae: 0.1133
Iter: 986, mse: 0.0116, rmse: 0.1078, mae: 0.0949
Iter: 987, mse: 0.0115, rmse: 0.1073, mae: 0.0951
Iter: 988, mse: 0.0186, rmse: 0.1364, mae: 0.1247
Iter: 989, mse: 0.0098, rmse: 0.0991, mae: 0.0873
Iter: 990, mse: 0.0146, rmse: 0.1209, mae: 0.1097
Iter: 991, mse: 0.0086, rmse: 0.0927, mae: 0.0758
Iter: 992, mse: 0.0104, rmse: 0.1020, mae: 0.0796
Iter: 993, mse: 0.0111, rmse: 0.1053, mae: 0.0808
Iter: 994, mse: 0.0151, rmse: 0.1229, mae: 0.0985
Iter: 995, mse: 0.0219, rmse: 0.1479, mae: 0.1266
Iter: 996, mse: 0.0229, rmse: 0.1512, mae: 0.1293
Iter: 997, mse: 0.0185, rmse: 0.1361, mae: 0.1018
Iter: 998, mse: 0.0222, rmse: 0.1490, mae: 0.1127
Iter: 999, mse: 0.0227, rmse: 0.1508, mae: 0.1102
Iter: 1000, mse: 0.0238, rmse: 0.1542, mae: 0.1136
Iter: 1001, mse: 0.0279, rmse: 0.1671, mae: 0.1243
Iter: 1002, mse: 0.0280, rmse: 0.1674, mae: 0.1251
Iter: 1003, mse: 0.0300, rmse: 0.1732, mae: 0.1304
Iter: 1004, mse: 0.0348, rmse: 0.1865, mae: 0.1422
Iter: 1005, mse: 0.0398, rmse: 0.1996, mae: 0.1541
Iter: 1006, mse: 0.0406, rmse: 0.2016, mae: 0.1590
Iter: 1007, mse: 0.0435, rmse: 0.2085, mae: 0.1672
Iter: 1008, mse: 0.0454, rmse: 0.2131, mae: 0.1734
Iter: 1009, mse: 0.0422, rmse: 0.2055, mae: 0.1665
Iter: 1010, mse: 0.0484, rmse: 0.2201, mae: 0.1840
Iter: 1011, mse: 0.0470, rmse: 0.2168, mae: 0.1815
Iter: 1012, mse: 0.0476, rmse: 0.2182, mae: 0.1864
Iter: 1013, mse: 0.0479, rmse: 0.2188, mae: 0.1912
Iter: 1014, mse: 0.0487, rmse: 0.2206, mae: 0.1970
Iter: 1015, mse: 0.0503, rmse: 0.2243, mae: 0.2020
Iter: 1016, mse: 0.0505, rmse: 0.2247, mae: 0.2063
Iter: 1017, mse: 0.0523, rmse: 0.2287, mae: 0.2128
Iter: 1018, mse: 0.0604, rmse: 0.2458, mae: 0.2307
Iter: 1019, mse: 0.0677, rmse: 0.2603, mae: 0.2462
Iter: 1020, mse: 0.0729, rmse: 0.2701, mae: 0.2580
Iter: 1021, mse: 0.0793, rmse: 0.2816, mae: 0.2729
Iter: 1022, mse: 0.0666, rmse: 0.2581, mae: 0.2470
Iter: 1023, mse: 0.0637, rmse: 0.2524, mae: 0.2428
Iter: 1024, mse: 0.0612, rmse: 0.2474, mae: 0.2375
Iter: 1025, mse: 0.0554, rmse: 0.2353, mae: 0.2258
Iter: 1026, mse: 0.0550, rmse: 0.2344, mae: 0.2266
Iter: 1027, mse: 0.0573, rmse: 0.2393, mae: 0.2334
Iter: 1028, mse: 0.0547, rmse: 0.2338, mae: 0.2293
Iter: 1029, mse: 0.0473, rmse: 0.2175, mae: 0.2124
Iter: 1030, mse: 0.0405, rmse: 0.2013, mae: 0.1954
Iter: 1031, mse: 0.0332, rmse: 0.1821, mae: 0.1754
Iter: 1032, mse: 0.0321, rmse: 0.1793, mae: 0.1718
Iter: 1033, mse: 0.0215, rmse: 0.1466, mae: 0.1371
Iter: 1034, mse: 0.0171, rmse: 0.1306, mae: 0.1209
Iter: 1035, mse: 0.0111, rmse: 0.1055, mae: 0.0946
Iter: 1036, mse: 0.0099, rmse: 0.0993, mae: 0.0853
Iter: 1037, mse: 0.0122, rmse: 0.1103, mae: 0.0954
Iter: 1038, mse: 0.0156, rmse: 0.1248, mae: 0.1120
Iter: 1039, mse: 0.0138, rmse: 0.1174, mae: 0.0909
Iter: 1040, mse: 0.0158, rmse: 0.1257, mae: 0.0941
Iter: 1041, mse: 0.0198, rmse: 0.1408, mae: 0.1005
Iter: 1042, mse: 0.0274, rmse: 0.1656, mae: 0.1132
Iter: 1043, mse: 0.0330, rmse: 0.1818, mae: 0.1261
Iter: 1044, mse: 0.0387, rmse: 0.1968, mae: 0.1385
Iter: 1045, mse: 0.0428, rmse: 0.2069, mae: 0.1508
Iter: 1046, mse: 0.0504, rmse: 0.2246, mae: 0.1652
Iter: 1047, mse: 0.0504, rmse: 0.2245, mae: 0.1712
Iter: 1048, mse: 0.0555, rmse: 0.2356, mae: 0.1815
Iter: 1049, mse: 0.0608, rmse: 0.2466, mae: 0.1930
Iter: 1050, mse: 0.0733, rmse: 0.2707, mae: 0.2167
Iter: 1051, mse: 0.0826, rmse: 0.2875, mae: 0.2375
Iter: 1052, mse: 0.0963, rmse: 0.3104, mae: 0.2683
Iter: 1053, mse: 0.0929, rmse: 0.3048, mae: 0.2584
Iter: 1054, mse: 0.0980, rmse: 0.3131, mae: 0.2700
Iter: 1055, mse: 0.1019, rmse: 0.3192, mae: 0.2798
Iter: 1056, mse: 0.1075, rmse: 0.3278, mae: 0.2921
Iter: 1057, mse: 0.1232, rmse: 0.3510, mae: 0.3232
Iter: 1058, mse: 0.1273, rmse: 0.3568, mae: 0.3325
Iter: 1059, mse: 0.1280, rmse: 0.3578, mae: 0.3361
Iter: 1060, mse: 0.1343, rmse: 0.3665, mae: 0.3492
Iter: 1061, mse: 0.1280, rmse: 0.3578, mae: 0.3420
Iter: 1062, mse: 0.1256, rmse: 0.3543, mae: 0.3404
Iter: 1063, mse: 0.1283, rmse: 0.3581, mae: 0.3471
Iter: 1064, mse: 0.1164, rmse: 0.3412, mae: 0.3295
Iter: 1065, mse: 0.1079, rmse: 0.3285, mae: 0.3163
Iter: 1066, mse: 0.1003, rmse: 0.3167, mae: 0.3027
Iter: 1067, mse: 0.0885, rmse: 0.2976, mae: 0.2829
Iter: 1068, mse: 0.0820, rmse: 0.2864, mae: 0.2700
Iter: 1069, mse: 0.0760, rmse: 0.2757, mae: 0.2581
Iter: 1070, mse: 0.0614, rmse: 0.2479, mae: 0.2279
Iter: 1071, mse: 0.0558, rmse: 0.2362, mae: 0.2138
Iter: 1072, mse: 0.0539, rmse: 0.2321, mae: 0.2080
Iter: 1073, mse: 0.0452, rmse: 0.2126, mae: 0.1868
Iter: 1074, mse: 0.0322, rmse: 0.1795, mae: 0.1486
Iter: 1075, mse: 0.0339, rmse: 0.1840, mae: 0.1502
Iter: 1076, mse: 0.0259, rmse: 0.1608, mae: 0.1281
Iter: 1077, mse: 0.0205, rmse: 0.1431, mae: 0.1138
Iter: 1078, mse: 0.0172, rmse: 0.1312, mae: 0.1057
Iter: 1079, mse: 0.0147, rmse: 0.1213, mae: 0.0977
Iter: 1080, mse: 0.0174, rmse: 0.1318, mae: 0.1008
Iter: 1081, mse: 0.0115, rmse: 0.1071, mae: 0.0880
Iter: 1082, mse: 0.0108, rmse: 0.1038, mae: 0.0873
Iter: 1083, mse: 0.0092, rmse: 0.0959, mae: 0.0822
Iter: 1084, mse: 0.0089, rmse: 0.0943, mae: 0.0810
Iter: 1085, mse: 0.0105, rmse: 0.1025, mae: 0.0915
Iter: 1086, mse: 0.0131, rmse: 0.1143, mae: 0.1029
Iter: 1087, mse: 0.0087, rmse: 0.0931, mae: 0.0835
Iter: 1088, mse: 0.0083, rmse: 0.0909, mae: 0.0801
Iter: 1089, mse: 0.0126, rmse: 0.1125, mae: 0.1032
Iter: 1090, mse: 0.0149, rmse: 0.1221, mae: 0.1114
Iter: 1091, mse: 0.0165, rmse: 0.1285, mae: 0.1159
Iter: 1092, mse: 0.0116, rmse: 0.1078, mae: 0.0968
Iter: 1093, mse: 0.0084, rmse: 0.0918, mae: 0.0819
Iter: 1094, mse: 0.0053, rmse: 0.0731, mae: 0.0489
Iter: 1095, mse: 0.0086, rmse: 0.0928, mae: 0.0832
Iter: 1096, mse: 0.0081, rmse: 0.0900, mae: 0.0699
Iter: 1097, mse: 0.0060, rmse: 0.0778, mae: 0.0564
Iter: 1098, mse: 0.0069, rmse: 0.0833, mae: 0.0606
Iter: 1099, mse: 0.0069, rmse: 0.0828, mae: 0.0595
Iter: 1100, mse: 0.0069, rmse: 0.0830, mae: 0.0597
Iter: 1101, mse: 0.0071, rmse: 0.0841, mae: 0.0674
Iter: 1102, mse: 0.0078, rmse: 0.0882, mae: 0.0685
Iter: 1103, mse: 0.0095, rmse: 0.0976, mae: 0.0768
Iter: 1104, mse: 0.0099, rmse: 0.0994, mae: 0.0781
Iter: 1105, mse: 0.0098, rmse: 0.0988, mae: 0.0791
Iter: 1106, mse: 0.0103, rmse: 0.1016, mae: 0.0833
Iter: 1107, mse: 0.0136, rmse: 0.1165, mae: 0.0975
Iter: 1108, mse: 0.0150, rmse: 0.1223, mae: 0.1048
Iter: 1109, mse: 0.0099, rmse: 0.0994, mae: 0.0829
Iter: 1110, mse: 0.0110, rmse: 0.1047, mae: 0.0871
Iter: 1111, mse: 0.0103, rmse: 0.1015, mae: 0.0868
Iter: 1112, mse: 0.0116, rmse: 0.1076, mae: 0.0926
Iter: 1113, mse: 0.0160, rmse: 0.1264, mae: 0.1079
Iter: 1114, mse: 0.0198, rmse: 0.1406, mae: 0.1224
Iter: 1115, mse: 0.0200, rmse: 0.1413, mae: 0.1234
Iter: 1116, mse: 0.0224, rmse: 0.1496, mae: 0.1326
Iter: 1117, mse: 0.0281, rmse: 0.1677, mae: 0.1514
Iter: 1118, mse: 0.0317, rmse: 0.1780, mae: 0.1638
Iter: 1119, mse: 0.0361, rmse: 0.1901, mae: 0.1788
Iter: 1120, mse: 0.0358, rmse: 0.1891, mae: 0.1781
Iter: 1121, mse: 0.0286, rmse: 0.1692, mae: 0.1540
Iter: 1122, mse: 0.0288, rmse: 0.1696, mae: 0.1561
Iter: 1123, mse: 0.0287, rmse: 0.1695, mae: 0.1567
Iter: 1124, mse: 0.0265, rmse: 0.1628, mae: 0.1463
Iter: 1125, mse: 0.0250, rmse: 0.1582, mae: 0.1397
Iter: 1126, mse: 0.0234, rmse: 0.1530, mae: 0.1336
Iter: 1127, mse: 0.0309, rmse: 0.1757, mae: 0.1597
Iter: 1128, mse: 0.0305, rmse: 0.1747, mae: 0.1593
Iter: 1129, mse: 0.0364, rmse: 0.1907, mae: 0.1767
Iter: 1130, mse: 0.0261, rmse: 0.1616, mae: 0.1440
Iter: 1131, mse: 0.0272, rmse: 0.1649, mae: 0.1486
Iter: 1132, mse: 0.0261, rmse: 0.1615, mae: 0.1446
Iter: 1133, mse: 0.0258, rmse: 0.1606, mae: 0.1443
Iter: 1134, mse: 0.0224, rmse: 0.1496, mae: 0.1329
Iter: 1135, mse: 0.0233, rmse: 0.1528, mae: 0.1367
Iter: 1136, mse: 0.0221, rmse: 0.1487, mae: 0.1326
Iter: 1137, mse: 0.0260, rmse: 0.1611, mae: 0.1476
Iter: 1138, mse: 0.0245, rmse: 0.1567, mae: 0.1432
Iter: 1139, mse: 0.0264, rmse: 0.1624, mae: 0.1494
Iter: 1140, mse: 0.0268, rmse: 0.1637, mae: 0.1527
Iter: 1141, mse: 0.0276, rmse: 0.1660, mae: 0.1554
Iter: 1142, mse: 0.0279, rmse: 0.1669, mae: 0.1562
Iter: 1143, mse: 0.0301, rmse: 0.1734, mae: 0.1614
Iter: 1144, mse: 0.0325, rmse: 0.1804, mae: 0.1659
Iter: 1145, mse: 0.0356, rmse: 0.1887, mae: 0.1731
Iter: 1146, mse: 0.0388, rmse: 0.1969, mae: 0.1803
Iter: 1147, mse: 0.0433, rmse: 0.2082, mae: 0.1907
Iter: 1148, mse: 0.0482, rmse: 0.2195, mae: 0.2014
Iter: 1149, mse: 0.0544, rmse: 0.2332, mae: 0.2143
Iter: 1150, mse: 0.0565, rmse: 0.2377, mae: 0.2208
Iter: 1151, mse: 0.0554, rmse: 0.2353, mae: 0.2204
Iter: 1152, mse: 0.0611, rmse: 0.2471, mae: 0.2335
Iter: 1153, mse: 0.0633, rmse: 0.2515, mae: 0.2380
Iter: 1154, mse: 0.0630, rmse: 0.2510, mae: 0.2359
Iter: 1155, mse: 0.0466, rmse: 0.2159, mae: 0.2011
Iter: 1156, mse: 0.0446, rmse: 0.2111, mae: 0.1971
Iter: 1157, mse: 0.0357, rmse: 0.1890, mae: 0.1744
Iter: 1158, mse: 0.0321, rmse: 0.1792, mae: 0.1658
Iter: 1159, mse: 0.0239, rmse: 0.1545, mae: 0.1387
Iter: 1160, mse: 0.0214, rmse: 0.1464, mae: 0.1299
Iter: 1161, mse: 0.0205, rmse: 0.1433, mae: 0.1254
Iter: 1162, mse: 0.0206, rmse: 0.1437, mae: 0.1251
Iter: 1163, mse: 0.0190, rmse: 0.1378, mae: 0.1194
Iter: 1164, mse: 0.0212, rmse: 0.1454, mae: 0.1269
Iter: 1165, mse: 0.0135, rmse: 0.1163, mae: 0.0993
Iter: 1166, mse: 0.0102, rmse: 0.1009, mae: 0.0853
Iter: 1167, mse: 0.0103, rmse: 0.1014, mae: 0.0840
Iter: 1168, mse: 0.0084, rmse: 0.0919, mae: 0.0743
Iter: 1169, mse: 0.0067, rmse: 0.0821, mae: 0.0669
Iter: 1170, mse: 0.0047, rmse: 0.0687, mae: 0.0570
Iter: 1171, mse: 0.0033, rmse: 0.0575, mae: 0.0450
Iter: 1172, mse: 0.0039, rmse: 0.0628, mae: 0.0526
Iter: 1173, mse: 0.0041, rmse: 0.0642, mae: 0.0527
Iter: 1174, mse: 0.0041, rmse: 0.0638, mae: 0.0519
Iter: 1175, mse: 0.0045, rmse: 0.0673, mae: 0.0561
Iter: 1176, mse: 0.0059, rmse: 0.0768, mae: 0.0631
Iter: 1177, mse: 0.0053, rmse: 0.0725, mae: 0.0600
Iter: 1178, mse: 0.0043, rmse: 0.0658, mae: 0.0553
Iter: 1179, mse: 0.0072, rmse: 0.0850, mae: 0.0690
Iter: 1180, mse: 0.0091, rmse: 0.0953, mae: 0.0780
Iter: 1181, mse: 0.0089, rmse: 0.0946, mae: 0.0785
Iter: 1182, mse: 0.0111, rmse: 0.1052, mae: 0.0909
Iter: 1183, mse: 0.0113, rmse: 0.1064, mae: 0.0909
Iter: 1184, mse: 0.0161, rmse: 0.1268, mae: 0.1122
Iter: 1185, mse: 0.0098, rmse: 0.0991, mae: 0.0778
Iter: 1186, mse: 0.0067, rmse: 0.0821, mae: 0.0532
Iter: 1187, mse: 0.0101, rmse: 0.1003, mae: 0.0779
Iter: 1188, mse: 0.0115, rmse: 0.1072, mae: 0.0838
Iter: 1189, mse: 0.0127, rmse: 0.1125, mae: 0.0906
Iter: 1190, mse: 0.0120, rmse: 0.1096, mae: 0.0844
Iter: 1191, mse: 0.0098, rmse: 0.0991, mae: 0.0698
Iter: 1192, mse: 0.0118, rmse: 0.1086, mae: 0.0813
Iter: 1193, mse: 0.0109, rmse: 0.1044, mae: 0.0741
Iter: 1194, mse: 0.0139, rmse: 0.1178, mae: 0.0919
Iter: 1195, mse: 0.0142, rmse: 0.1193, mae: 0.0915
Iter: 1196, mse: 0.0172, rmse: 0.1311, mae: 0.1020
Iter: 1197, mse: 0.0187, rmse: 0.1369, mae: 0.1059
Iter: 1198, mse: 0.0315, rmse: 0.1774, mae: 0.1581
Iter: 1199, mse: 0.0270, rmse: 0.1642, mae: 0.1389
Iter: 1200, mse: 0.0287, rmse: 0.1695, mae: 0.1456
Iter: 1201, mse: 0.0313, rmse: 0.1769, mae: 0.1548
Iter: 1202, mse: 0.0321, rmse: 0.1792, mae: 0.1575
Iter: 1203, mse: 0.0291, rmse: 0.1705, mae: 0.1485
Iter: 1204, mse: 0.0263, rmse: 0.1622, mae: 0.1367
Iter: 1205, mse: 0.0246, rmse: 0.1567, mae: 0.1326
Iter: 1206, mse: 0.0256, rmse: 0.1599, mae: 0.1378
Iter: 1207, mse: 0.0205, rmse: 0.1433, mae: 0.1206
Iter: 1208, mse: 0.0237, rmse: 0.1541, mae: 0.1322
Iter: 1209, mse: 0.0296, rmse: 0.1720, mae: 0.1491
Iter: 1210, mse: 0.0332, rmse: 0.1822, mae: 0.1584
Iter: 1211, mse: 0.0387, rmse: 0.1966, mae: 0.1748
Iter: 1212, mse: 0.0377, rmse: 0.1942, mae: 0.1720
Iter: 1213, mse: 0.0384, rmse: 0.1959, mae: 0.1742
Iter: 1214, mse: 0.0340, rmse: 0.1843, mae: 0.1617
Iter: 1215, mse: 0.0312, rmse: 0.1766, mae: 0.1538
Iter: 1216, mse: 0.0272, rmse: 0.1648, mae: 0.1413
Iter: 1217, mse: 0.0242, rmse: 0.1555, mae: 0.1313
Iter: 1218, mse: 0.0236, rmse: 0.1538, mae: 0.1299
Iter: 1219, mse: 0.0232, rmse: 0.1523, mae: 0.1291
Iter: 1220, mse: 0.0184, rmse: 0.1358, mae: 0.1116
Iter: 1221, mse: 0.0268, rmse: 0.1636, mae: 0.1439
Iter: 1222, mse: 0.0233, rmse: 0.1526, mae: 0.1295
Iter: 1223, mse: 0.0249, rmse: 0.1577, mae: 0.1344
Iter: 1224, mse: 0.0229, rmse: 0.1512, mae: 0.1279
Iter: 1225, mse: 0.0268, rmse: 0.1636, mae: 0.1423
Iter: 1226, mse: 0.0327, rmse: 0.1809, mae: 0.1609
Iter: 1227, mse: 0.0361, rmse: 0.1901, mae: 0.1713
Iter: 1228, mse: 0.0283, rmse: 0.1683, mae: 0.1422
Iter: 1229, mse: 0.0299, rmse: 0.1728, mae: 0.1449
Iter: 1230, mse: 0.0311, rmse: 0.1763, mae: 0.1484
Iter: 1231, mse: 0.0307, rmse: 0.1752, mae: 0.1486
Iter: 1232, mse: 0.0354, rmse: 0.1881, mae: 0.1611
Iter: 1233, mse: 0.0355, rmse: 0.1883, mae: 0.1635
Iter: 1234, mse: 0.0395, rmse: 0.1987, mae: 0.1762
Iter: 1235, mse: 0.0423, rmse: 0.2056, mae: 0.1865
Iter: 1236, mse: 0.0427, rmse: 0.2066, mae: 0.1906
Iter: 1237, mse: 0.0402, rmse: 0.2005, mae: 0.1868
Iter: 1238, mse: 0.0397, rmse: 0.1992, mae: 0.1872
Iter: 1239, mse: 0.0422, rmse: 0.2054, mae: 0.1954
Iter: 1240, mse: 0.0349, rmse: 0.1867, mae: 0.1741
Iter: 1241, mse: 0.0342, rmse: 0.1849, mae: 0.1708
Iter: 1242, mse: 0.0305, rmse: 0.1746, mae: 0.1562
Iter: 1243, mse: 0.0286, rmse: 0.1690, mae: 0.1490
Iter: 1244, mse: 0.0255, rmse: 0.1598, mae: 0.1381
Iter: 1245, mse: 0.0232, rmse: 0.1525, mae: 0.1308
Iter: 1246, mse: 0.0300, rmse: 0.1733, mae: 0.1560
Iter: 1247, mse: 0.0313, rmse: 0.1769, mae: 0.1621
Iter: 1248, mse: 0.0250, rmse: 0.1580, mae: 0.1406
Iter: 1249, mse: 0.0274, rmse: 0.1655, mae: 0.1497
Iter: 1250, mse: 0.0219, rmse: 0.1480, mae: 0.1292
Iter: 1251, mse: 0.0217, rmse: 0.1472, mae: 0.1298
Iter: 1252, mse: 0.0214, rmse: 0.1462, mae: 0.1295
Iter: 1253, mse: 0.0173, rmse: 0.1314, mae: 0.1127
Iter: 1254, mse: 0.0142, rmse: 0.1191, mae: 0.0984
Iter: 1255, mse: 0.0121, rmse: 0.1099, mae: 0.0885
Iter: 1256, mse: 0.0134, rmse: 0.1156, mae: 0.0927
Iter: 1257, mse: 0.0112, rmse: 0.1056, mae: 0.0825
Iter: 1258, mse: 0.0097, rmse: 0.0986, mae: 0.0752
Iter: 1259, mse: 0.0087, rmse: 0.0931, mae: 0.0699
Iter: 1260, mse: 0.0072, rmse: 0.0851, mae: 0.0625
Iter: 1261, mse: 0.0058, rmse: 0.0759, mae: 0.0581
Iter: 1262, mse: 0.0055, rmse: 0.0741, mae: 0.0579
Iter: 1263, mse: 0.0059, rmse: 0.0771, mae: 0.0580
Iter: 1264, mse: 0.0067, rmse: 0.0820, mae: 0.0643
Iter: 1265, mse: 0.0069, rmse: 0.0829, mae: 0.0650
Iter: 1266, mse: 0.0069, rmse: 0.0833, mae: 0.0676
Iter: 1267, mse: 0.0075, rmse: 0.0865, mae: 0.0703
Iter: 1268, mse: 0.0075, rmse: 0.0865, mae: 0.0725
Iter: 1269, mse: 0.0084, rmse: 0.0917, mae: 0.0768
Iter: 1270, mse: 0.0084, rmse: 0.0915, mae: 0.0806
Iter: 1271, mse: 0.0093, rmse: 0.0964, mae: 0.0858
Iter: 1272, mse: 0.0093, rmse: 0.0963, mae: 0.0857
Iter: 1273, mse: 0.0118, rmse: 0.1088, mae: 0.0989
Iter: 1274, mse: 0.0139, rmse: 0.1179, mae: 0.1085
Iter: 1275, mse: 0.0119, rmse: 0.1091, mae: 0.0984
Iter: 1276, mse: 0.0108, rmse: 0.1037, mae: 0.0933
Iter: 1277, mse: 0.0121, rmse: 0.1099, mae: 0.1013
Iter: 1278, mse: 0.0090, rmse: 0.0951, mae: 0.0844
Iter: 1279, mse: 0.0113, rmse: 0.1061, mae: 0.0968
Iter: 1280, mse: 0.0124, rmse: 0.1115, mae: 0.0976
Iter: 1281, mse: 0.0130, rmse: 0.1142, mae: 0.0987
Iter: 1282, mse: 0.0136, rmse: 0.1164, mae: 0.0968
Iter: 1283, mse: 0.0163, rmse: 0.1276, mae: 0.1146
Iter: 1284, mse: 0.0174, rmse: 0.1320, mae: 0.1190
Iter: 1285, mse: 0.0175, rmse: 0.1324, mae: 0.1188
Iter: 1286, mse: 0.0176, rmse: 0.1328, mae: 0.1155
Iter: 1287, mse: 0.0187, rmse: 0.1366, mae: 0.1217
Iter: 1288, mse: 0.0202, rmse: 0.1421, mae: 0.1274
Iter: 1289, mse: 0.0217, rmse: 0.1472, mae: 0.1348
Iter: 1290, mse: 0.0226, rmse: 0.1504, mae: 0.1382
Iter: 1291, mse: 0.0245, rmse: 0.1565, mae: 0.1426
Iter: 1292, mse: 0.0286, rmse: 0.1692, mae: 0.1508
Iter: 1293, mse: 0.0327, rmse: 0.1808, mae: 0.1598
Iter: 1294, mse: 0.0389, rmse: 0.1972, mae: 0.1718
Iter: 1295, mse: 0.0393, rmse: 0.1981, mae: 0.1775
Iter: 1296, mse: 0.0462, rmse: 0.2150, mae: 0.1888
Iter: 1297, mse: 0.0465, rmse: 0.2157, mae: 0.1947
Iter: 1298, mse: 0.0467, rmse: 0.2162, mae: 0.1962
Iter: 1299, mse: 0.0576, rmse: 0.2400, mae: 0.2169
Iter: 1300, mse: 0.0644, rmse: 0.2538, mae: 0.2319
Iter: 1301, mse: 0.0774, rmse: 0.2782, mae: 0.2597
Iter: 1302, mse: 0.0870, rmse: 0.2950, mae: 0.2800
Iter: 1303, mse: 0.0825, rmse: 0.2873, mae: 0.2724
Iter: 1304, mse: 0.0821, rmse: 0.2866, mae: 0.2733
Iter: 1305, mse: 0.0910, rmse: 0.3017, mae: 0.2915
Iter: 1306, mse: 0.0803, rmse: 0.2835, mae: 0.2707
Iter: 1307, mse: 0.0773, rmse: 0.2780, mae: 0.2651
Iter: 1308, mse: 0.0783, rmse: 0.2799, mae: 0.2666
Iter: 1309, mse: 0.0886, rmse: 0.2976, mae: 0.2856
Iter: 1310, mse: 0.0894, rmse: 0.2990, mae: 0.2845
Iter: 1311, mse: 0.0830, rmse: 0.2880, mae: 0.2701
Iter: 1312, mse: 0.0811, rmse: 0.2847, mae: 0.2637
Iter: 1313, mse: 0.0873, rmse: 0.2955, mae: 0.2747
Iter: 1314, mse: 0.0858, rmse: 0.2929, mae: 0.2696
Iter: 1315, mse: 0.0839, rmse: 0.2897, mae: 0.2666
Iter: 1316, mse: 0.0812, rmse: 0.2849, mae: 0.2621
Iter: 1317, mse: 0.0922, rmse: 0.3036, mae: 0.2867
Iter: 1318, mse: 0.0787, rmse: 0.2806, mae: 0.2621
Iter: 1319, mse: 0.0793, rmse: 0.2816, mae: 0.2644
Iter: 1320, mse: 0.0753, rmse: 0.2744, mae: 0.2568
Iter: 1321, mse: 0.0731, rmse: 0.2703, mae: 0.2530
Iter: 1322, mse: 0.0634, rmse: 0.2518, mae: 0.2332
Iter: 1323, mse: 0.0557, rmse: 0.2361, mae: 0.2150
Iter: 1324, mse: 0.0492, rmse: 0.2219, mae: 0.1984
Iter: 1325, mse: 0.0430, rmse: 0.2074, mae: 0.1808
Iter: 1326, mse: 0.0341, rmse: 0.1848, mae: 0.1542
Iter: 1327, mse: 0.0326, rmse: 0.1804, mae: 0.1486
Iter: 1328, mse: 0.0281, rmse: 0.1676, mae: 0.1343
Iter: 1329, mse: 0.0263, rmse: 0.1622, mae: 0.1286
Iter: 1330, mse: 0.0444, rmse: 0.2107, mae: 0.1824
Iter: 1331, mse: 0.0396, rmse: 0.1989, mae: 0.1707
Iter: 1332, mse: 0.0334, rmse: 0.1828, mae: 0.1526
Iter: 1333, mse: 0.0315, rmse: 0.1774, mae: 0.1470
Iter: 1334, mse: 0.0259, rmse: 0.1609, mae: 0.1325
Iter: 1335, mse: 0.0252, rmse: 0.1589, mae: 0.1312
Iter: 1336, mse: 0.0237, rmse: 0.1539, mae: 0.1275
Iter: 1337, mse: 0.0198, rmse: 0.1406, mae: 0.1152
Iter: 1338, mse: 0.0246, rmse: 0.1567, mae: 0.1298
Iter: 1339, mse: 0.0276, rmse: 0.1662, mae: 0.1386
Iter: 1340, mse: 0.0179, rmse: 0.1336, mae: 0.1135
Iter: 1341, mse: 0.0128, rmse: 0.1132, mae: 0.0989
Iter: 1342, mse: 0.0108, rmse: 0.1038, mae: 0.0912
Iter: 1343, mse: 0.0098, rmse: 0.0989, mae: 0.0883
Iter: 1344, mse: 0.0105, rmse: 0.1024, mae: 0.0901
Iter: 1345, mse: 0.0091, rmse: 0.0954, mae: 0.0867
Iter: 1346, mse: 0.0085, rmse: 0.0919, mae: 0.0817
Iter: 1347, mse: 0.0080, rmse: 0.0896, mae: 0.0792
Iter: 1348, mse: 0.0089, rmse: 0.0942, mae: 0.0830
Iter: 1349, mse: 0.0092, rmse: 0.0957, mae: 0.0856
Iter: 1350, mse: 0.0100, rmse: 0.0999, mae: 0.0897
Iter: 1351, mse: 0.0102, rmse: 0.1011, mae: 0.0920
Iter: 1352, mse: 0.0111, rmse: 0.1055, mae: 0.0959
Iter: 1353, mse: 0.0121, rmse: 0.1101, mae: 0.0995
Iter: 1354, mse: 0.0120, rmse: 0.1094, mae: 0.0984
Iter: 1355, mse: 0.0150, rmse: 0.1224, mae: 0.1084
Iter: 1356, mse: 0.0164, rmse: 0.1279, mae: 0.1138
Iter: 1357, mse: 0.0155, rmse: 0.1246, mae: 0.1113
Iter: 1358, mse: 0.0192, rmse: 0.1385, mae: 0.1248
Iter: 1359, mse: 0.0149, rmse: 0.1220, mae: 0.1091
Iter: 1360, mse: 0.0169, rmse: 0.1302, mae: 0.1186
Iter: 1361, mse: 0.0167, rmse: 0.1293, mae: 0.1186
Iter: 1362, mse: 0.0110, rmse: 0.1051, mae: 0.0884
Iter: 1363, mse: 0.0110, rmse: 0.1048, mae: 0.0893
Iter: 1364, mse: 0.0126, rmse: 0.1124, mae: 0.0965
Iter: 1365, mse: 0.0111, rmse: 0.1054, mae: 0.0916
Iter: 1366, mse: 0.0103, rmse: 0.1015, mae: 0.0897
Iter: 1367, mse: 0.0124, rmse: 0.1113, mae: 0.0980
Iter: 1368, mse: 0.0117, rmse: 0.1084, mae: 0.0972
Iter: 1369, mse: 0.0149, rmse: 0.1222, mae: 0.1075
Iter: 1370, mse: 0.0198, rmse: 0.1408, mae: 0.1236
Iter: 1371, mse: 0.0219, rmse: 0.1480, mae: 0.1312
Iter: 1372, mse: 0.0232, rmse: 0.1522, mae: 0.1373
Iter: 1373, mse: 0.0249, rmse: 0.1579, mae: 0.1443
Iter: 1374, mse: 0.0214, rmse: 0.1464, mae: 0.1299
Iter: 1375, mse: 0.0212, rmse: 0.1457, mae: 0.1300
Iter: 1376, mse: 0.0220, rmse: 0.1484, mae: 0.1349
Iter: 1377, mse: 0.0236, rmse: 0.1537, mae: 0.1418
Iter: 1378, mse: 0.0236, rmse: 0.1535, mae: 0.1430
Iter: 1379, mse: 0.0197, rmse: 0.1404, mae: 0.1294
Iter: 1380, mse: 0.0163, rmse: 0.1276, mae: 0.1138
Iter: 1381, mse: 0.0199, rmse: 0.1412, mae: 0.1310
Iter: 1382, mse: 0.0169, rmse: 0.1301, mae: 0.1174
Iter: 1383, mse: 0.0177, rmse: 0.1329, mae: 0.1214
Iter: 1384, mse: 0.0166, rmse: 0.1290, mae: 0.1166
Iter: 1385, mse: 0.0163, rmse: 0.1276, mae: 0.1149
Iter: 1386, mse: 0.0149, rmse: 0.1219, mae: 0.1082
Iter: 1387, mse: 0.0149, rmse: 0.1221, mae: 0.1067
Iter: 1388, mse: 0.0141, rmse: 0.1187, mae: 0.1031
Iter: 1389, mse: 0.0136, rmse: 0.1166, mae: 0.1009
Iter: 1390, mse: 0.0171, rmse: 0.1307, mae: 0.1180
Iter: 1391, mse: 0.0154, rmse: 0.1242, mae: 0.1119
Iter: 1392, mse: 0.0179, rmse: 0.1336, mae: 0.1229
Iter: 1393, mse: 0.0160, rmse: 0.1267, mae: 0.1157
Iter: 1394, mse: 0.0169, rmse: 0.1299, mae: 0.1203
Iter: 1395, mse: 0.0138, rmse: 0.1173, mae: 0.1078
Iter: 1396, mse: 0.0104, rmse: 0.1018, mae: 0.0914
Iter: 1397, mse: 0.0096, rmse: 0.0980, mae: 0.0870
Iter: 1398, mse: 0.0079, rmse: 0.0889, mae: 0.0766
Iter: 1399, mse: 0.0073, rmse: 0.0852, mae: 0.0717
Iter: 1400, mse: 0.0061, rmse: 0.0780, mae: 0.0635
Iter: 1401, mse: 0.0035, rmse: 0.0593, mae: 0.0452
Iter: 1402, mse: 0.0027, rmse: 0.0518, mae: 0.0403
Iter: 1403, mse: 0.0038, rmse: 0.0618, mae: 0.0435
Iter: 1404, mse: 0.0048, rmse: 0.0693, mae: 0.0483
Iter: 1405, mse: 0.0057, rmse: 0.0756, mae: 0.0522
Iter: 1406, mse: 0.0066, rmse: 0.0815, mae: 0.0564
Iter: 1407, mse: 0.0074, rmse: 0.0859, mae: 0.0647
Iter: 1408, mse: 0.0090, rmse: 0.0947, mae: 0.0687
Iter: 1409, mse: 0.0100, rmse: 0.1002, mae: 0.0733
Iter: 1410, mse: 0.0116, rmse: 0.1076, mae: 0.0789
Iter: 1411, mse: 0.0102, rmse: 0.1010, mae: 0.0748
Iter: 1412, mse: 0.0105, rmse: 0.1024, mae: 0.0772
Iter: 1413, mse: 0.0109, rmse: 0.1043, mae: 0.0804
Iter: 1414, mse: 0.0134, rmse: 0.1157, mae: 0.0898
Iter: 1415, mse: 0.0132, rmse: 0.1149, mae: 0.0906
Iter: 1416, mse: 0.0162, rmse: 0.1273, mae: 0.1039
Iter: 1417, mse: 0.0155, rmse: 0.1244, mae: 0.1017
Iter: 1418, mse: 0.0135, rmse: 0.1160, mae: 0.0944
Iter: 1419, mse: 0.0147, rmse: 0.1212, mae: 0.1007
Iter: 1420, mse: 0.0152, rmse: 0.1232, mae: 0.1045
Iter: 1421, mse: 0.0183, rmse: 0.1355, mae: 0.1168
Iter: 1422, mse: 0.0199, rmse: 0.1412, mae: 0.1252
Iter: 1423, mse: 0.0189, rmse: 0.1376, mae: 0.1221
Iter: 1424, mse: 0.0197, rmse: 0.1404, mae: 0.1265
Iter: 1425, mse: 0.0195, rmse: 0.1397, mae: 0.1259
Iter: 1426, mse: 0.0212, rmse: 0.1457, mae: 0.1327
Iter: 1427, mse: 0.0218, rmse: 0.1476, mae: 0.1356
Iter: 1428, mse: 0.0204, rmse: 0.1427, mae: 0.1316
Iter: 1429, mse: 0.0190, rmse: 0.1380, mae: 0.1269
Iter: 1430, mse: 0.0173, rmse: 0.1314, mae: 0.1204
Iter: 1431, mse: 0.0155, rmse: 0.1244, mae: 0.1144
Iter: 1432, mse: 0.0124, rmse: 0.1112, mae: 0.1024
Iter: 1433, mse: 0.0106, rmse: 0.1030, mae: 0.0958
Iter: 1434, mse: 0.0094, rmse: 0.0969, mae: 0.0907
Iter: 1435, mse: 0.0072, rmse: 0.0851, mae: 0.0797
Iter: 1436, mse: 0.0070, rmse: 0.0834, mae: 0.0775
Iter: 1437, mse: 0.0068, rmse: 0.0827, mae: 0.0740
Iter: 1438, mse: 0.0077, rmse: 0.0880, mae: 0.0793
Iter: 1439, mse: 0.0081, rmse: 0.0898, mae: 0.0746
Iter: 1440, mse: 0.0090, rmse: 0.0950, mae: 0.0771
Iter: 1441, mse: 0.0100, rmse: 0.1002, mae: 0.0846
Iter: 1442, mse: 0.0120, rmse: 0.1093, mae: 0.0957
Iter: 1443, mse: 0.0135, rmse: 0.1162, mae: 0.1011
Iter: 1444, mse: 0.0136, rmse: 0.1167, mae: 0.1001
Iter: 1445, mse: 0.0138, rmse: 0.1174, mae: 0.0975
Iter: 1446, mse: 0.0152, rmse: 0.1233, mae: 0.1047
Iter: 1447, mse: 0.0164, rmse: 0.1279, mae: 0.1091
Iter: 1448, mse: 0.0166, rmse: 0.1290, mae: 0.1096
Iter: 1449, mse: 0.0174, rmse: 0.1319, mae: 0.1152
Iter: 1450, mse: 0.0176, rmse: 0.1328, mae: 0.1164
Iter: 1451, mse: 0.0179, rmse: 0.1337, mae: 0.1192
Iter: 1452, mse: 0.0176, rmse: 0.1327, mae: 0.1191
Iter: 1453, mse: 0.0181, rmse: 0.1345, mae: 0.1223
Iter: 1454, mse: 0.0183, rmse: 0.1352, mae: 0.1246
Iter: 1455, mse: 0.0184, rmse: 0.1356, mae: 0.1253
Iter: 1456, mse: 0.0182, rmse: 0.1349, mae: 0.1257
Iter: 1457, mse: 0.0172, rmse: 0.1311, mae: 0.1233
Iter: 1458, mse: 0.0176, rmse: 0.1328, mae: 0.1242
Iter: 1459, mse: 0.0184, rmse: 0.1357, mae: 0.1270
Iter: 1460, mse: 0.0194, rmse: 0.1393, mae: 0.1296
Iter: 1461, mse: 0.0204, rmse: 0.1428, mae: 0.1324
Iter: 1462, mse: 0.0209, rmse: 0.1445, mae: 0.1341
Iter: 1463, mse: 0.0229, rmse: 0.1513, mae: 0.1404
Iter: 1464, mse: 0.0183, rmse: 0.1353, mae: 0.1247
Iter: 1465, mse: 0.0128, rmse: 0.1133, mae: 0.1011
Iter: 1466, mse: 0.0101, rmse: 0.1006, mae: 0.0865
Iter: 1467, mse: 0.0092, rmse: 0.0960, mae: 0.0823
Iter: 1468, mse: 0.0095, rmse: 0.0973, mae: 0.0837
Iter: 1469, mse: 0.0081, rmse: 0.0898, mae: 0.0741
Iter: 1470, mse: 0.0089, rmse: 0.0941, mae: 0.0765
Iter: 1471, mse: 0.0089, rmse: 0.0941, mae: 0.0741
Iter: 1472, mse: 0.0107, rmse: 0.1036, mae: 0.0821
Iter: 1473, mse: 0.0108, rmse: 0.1040, mae: 0.0782
Iter: 1474, mse: 0.0116, rmse: 0.1078, mae: 0.0780
Iter: 1475, mse: 0.0124, rmse: 0.1112, mae: 0.0798
Iter: 1476, mse: 0.0155, rmse: 0.1245, mae: 0.0913
Iter: 1477, mse: 0.0174, rmse: 0.1317, mae: 0.0961
Iter: 1478, mse: 0.0179, rmse: 0.1338, mae: 0.0984
Iter: 1479, mse: 0.0188, rmse: 0.1371, mae: 0.1027
Iter: 1480, mse: 0.0214, rmse: 0.1464, mae: 0.1105
Iter: 1481, mse: 0.0223, rmse: 0.1495, mae: 0.1160
Iter: 1482, mse: 0.0242, rmse: 0.1554, mae: 0.1207
Iter: 1483, mse: 0.0247, rmse: 0.1573, mae: 0.1245
Iter: 1484, mse: 0.0278, rmse: 0.1666, mae: 0.1317
Iter: 1485, mse: 0.0274, rmse: 0.1656, mae: 0.1378
mse:  0.038874962069954645 rmse:  0.19716734534388458 mae:  0.15230981821898118 mape:  0.13121986482425135 mspe:  0.046424510923716016
[1;34mwandb[0m: 
[1;34mwandb[0m:  View run [33mexchange_rate_96_96[0m at: [34m[0m
[1;34mwandb[0m: Find logs at: [1;35mwandb/run-20250929_122006-i9jignqs/logs[0m
