>>> Model dtype: torch.bfloat16; Attention:eager
>>> Model dtype: torch.float32; Attention:eager
N points: 8640
Window length: 608
N points: 8640
Window length: 608
N points: 8640
Window length: 608
N points: 8640
Window length: 608
N points: 8640
Window length: 608
N points: 8640
Window length: 608
N points: 8640
Window length: 608
len dataset train: 56224
dec_in: 7
Saved Pred to /scratch/s223540177/Time-Moe/cache_data_fixed_full/ETTh1/pred_cache.pt
N points: 8640
Window length: 608
N points: 8640
Window length: 608
N points: 8640
Window length: 608
N points: 8640
Window length: 608
N points: 8640
Window length: 608
N points: 8640
Window length: 608
N points: 8640
Window length: 608
Saved gt to /scratch/s223540177/Time-Moe/cache_data_fixed_full/ETTh1/gt_cache.pt
SORTED DONE
2025-11-16 18:29:23,444 - log_util.py[pid:1196909;line:52:log_in_local_rank_0] - INFO: >>> Split test data from 2017-10-02 16:00:00 to 2018-02-20 23:00:00, and evaluation start date is: 2017-10-24 00:00:00
1870848
0 - {'mse': tensor(0.3447, device='cuda:0'), 'mae': tensor(0.3736, device='cuda:0')}
[1;34mwandb[0m: 
[1;34mwandb[0m: 🚀 View run [33mdaily-aardvark-820[0m at: [34m[0m
[1;34mwandb[0m: Find logs at: [1;35mwandb/run-20251116_154329-hw9nyf5o/logs[0m
