=== Running lam=0.01, num_closest_samples=1 ===
Loaded pred cache: /scratch/s223540177/Time-Moe/timerxl/cache_data_finetuned_fixed_timerxl/ETTm2/timerxl/pred_cache.pt
Loaded gt cache: /scratch/s223540177/Time-Moe/timerxl/cache_data_finetuned_fixed_timerxl/ETTm2/timerxl/gt_cache.pt
Caches ready.
NaN encountered at step 12, total NaNs: 1
7578624
0 - {'mse': tensor(0.1893, device='cuda:0'), 'mae': tensor(0.2702, device='cuda:0')}
Saved final metrics to /home/s223540177/Time-MoE/metric_results_timer_xl/512_96/ETTm2/final_metrics/
=== Running lam=0.01, num_closest_samples=2 ===
Loaded pred cache: /scratch/s223540177/Time-Moe/timerxl/cache_data_finetuned_fixed_timerxl/ETTm2/timerxl/pred_cache.pt
Loaded gt cache: /scratch/s223540177/Time-Moe/timerxl/cache_data_finetuned_fixed_timerxl/ETTm2/timerxl/gt_cache.pt
Caches ready.
NaN encountered at step 12, total NaNs: 1
7578624
0 - {'mse': tensor(0.1895, device='cuda:0'), 'mae': tensor(0.2703, device='cuda:0')}
Saved final metrics to /home/s223540177/Time-MoE/metric_results_timer_xl/512_96/ETTm2/final_metrics/
=== Running lam=0.01, num_closest_samples=3 ===
Loaded pred cache: /scratch/s223540177/Time-Moe/timerxl/cache_data_finetuned_fixed_timerxl/ETTm2/timerxl/pred_cache.pt
Loaded gt cache: /scratch/s223540177/Time-Moe/timerxl/cache_data_finetuned_fixed_timerxl/ETTm2/timerxl/gt_cache.pt
Caches ready.
NaN encountered at step 12, total NaNs: 1
7578624
0 - {'mse': tensor(0.1894, device='cuda:0'), 'mae': tensor(0.2701, device='cuda:0')}
Saved final metrics to /home/s223540177/Time-MoE/metric_results_timer_xl/512_96/ETTm2/final_metrics/
=== Running lam=0.01, num_closest_samples=4 ===
Loaded pred cache: /scratch/s223540177/Time-Moe/timerxl/cache_data_finetuned_fixed_timerxl/ETTm2/timerxl/pred_cache.pt
Loaded gt cache: /scratch/s223540177/Time-Moe/timerxl/cache_data_finetuned_fixed_timerxl/ETTm2/timerxl/gt_cache.pt
Caches ready.
NaN encountered at step 12, total NaNs: 1
7578624
0 - {'mse': tensor(0.1895, device='cuda:0'), 'mae': tensor(0.2702, device='cuda:0')}
Saved final metrics to /home/s223540177/Time-MoE/metric_results_timer_xl/512_96/ETTm2/final_metrics/
=== Running lam=0.01, num_closest_samples=5 ===
Loaded pred cache: /scratch/s223540177/Time-Moe/timerxl/cache_data_finetuned_fixed_timerxl/ETTm2/timerxl/pred_cache.pt
Loaded gt cache: /scratch/s223540177/Time-Moe/timerxl/cache_data_finetuned_fixed_timerxl/ETTm2/timerxl/gt_cache.pt
Caches ready.
NaN encountered at step 12, total NaNs: 1
7578624
0 - {'mse': tensor(0.1894, device='cuda:0'), 'mae': tensor(0.2701, device='cuda:0')}
Saved final metrics to /home/s223540177/Time-MoE/metric_results_timer_xl/512_96/ETTm2/final_metrics/
=== Running lam=0.01, num_closest_samples=6 ===
Loaded pred cache: /scratch/s223540177/Time-Moe/timerxl/cache_data_finetuned_fixed_timerxl/ETTm2/timerxl/pred_cache.pt
Loaded gt cache: /scratch/s223540177/Time-Moe/timerxl/cache_data_finetuned_fixed_timerxl/ETTm2/timerxl/gt_cache.pt
Caches ready.
NaN encountered at step 12, total NaNs: 1
7578624
0 - {'mse': tensor(0.1894, device='cuda:0'), 'mae': tensor(0.2701, device='cuda:0')}
Saved final metrics to /home/s223540177/Time-MoE/metric_results_timer_xl/512_96/ETTm2/final_metrics/
=== Running lam=0.01, num_closest_samples=7 ===
Loaded pred cache: /scratch/s223540177/Time-Moe/timerxl/cache_data_finetuned_fixed_timerxl/ETTm2/timerxl/pred_cache.pt
Loaded gt cache: /scratch/s223540177/Time-Moe/timerxl/cache_data_finetuned_fixed_timerxl/ETTm2/timerxl/gt_cache.pt
Caches ready.
NaN encountered at step 12, total NaNs: 1
7578624
0 - {'mse': tensor(0.1893, device='cuda:0'), 'mae': tensor(0.2700, device='cuda:0')}
Saved final metrics to /home/s223540177/Time-MoE/metric_results_timer_xl/512_96/ETTm2/final_metrics/
=== Running lam=0.01, num_closest_samples=8 ===
Loaded pred cache: /scratch/s223540177/Time-Moe/timerxl/cache_data_finetuned_fixed_timerxl/ETTm2/timerxl/pred_cache.pt
Loaded gt cache: /scratch/s223540177/Time-Moe/timerxl/cache_data_finetuned_fixed_timerxl/ETTm2/timerxl/gt_cache.pt
Caches ready.
NaN encountered at step 12, total NaNs: 1
7578624
0 - {'mse': tensor(0.1893, device='cuda:0'), 'mae': tensor(0.2700, device='cuda:0')}
Saved final metrics to /home/s223540177/Time-MoE/metric_results_timer_xl/512_96/ETTm2/final_metrics/
=== Running lam=0.01, num_closest_samples=9 ===
Loaded pred cache: /scratch/s223540177/Time-Moe/timerxl/cache_data_finetuned_fixed_timerxl/ETTm2/timerxl/pred_cache.pt
Loaded gt cache: /scratch/s223540177/Time-Moe/timerxl/cache_data_finetuned_fixed_timerxl/ETTm2/timerxl/gt_cache.pt
Caches ready.
NaN encountered at step 12, total NaNs: 1
7578624
0 - {'mse': tensor(0.1893, device='cuda:0'), 'mae': tensor(0.2700, device='cuda:0')}
Saved final metrics to /home/s223540177/Time-MoE/metric_results_timer_xl/512_96/ETTm2/final_metrics/
=== Running lam=0.01, num_closest_samples=10 ===
Loaded pred cache: /scratch/s223540177/Time-Moe/timerxl/cache_data_finetuned_fixed_timerxl/ETTm2/timerxl/pred_cache.pt
Loaded gt cache: /scratch/s223540177/Time-Moe/timerxl/cache_data_finetuned_fixed_timerxl/ETTm2/timerxl/gt_cache.pt
Caches ready.
NaN encountered at step 12, total NaNs: 1
7578624
0 - {'mse': tensor(0.1894, device='cuda:0'), 'mae': tensor(0.2701, device='cuda:0')}
Saved final metrics to /home/s223540177/Time-MoE/metric_results_timer_xl/512_96/ETTm2/final_metrics/
=== Running lam=0.01, num_closest_samples=11 ===
Loaded pred cache: /scratch/s223540177/Time-Moe/timerxl/cache_data_finetuned_fixed_timerxl/ETTm2/timerxl/pred_cache.pt
Loaded gt cache: /scratch/s223540177/Time-Moe/timerxl/cache_data_finetuned_fixed_timerxl/ETTm2/timerxl/gt_cache.pt
Caches ready.
NaN encountered at step 12, total NaNs: 1
7578624
0 - {'mse': tensor(0.1893, device='cuda:0'), 'mae': tensor(0.2701, device='cuda:0')}
Saved final metrics to /home/s223540177/Time-MoE/metric_results_timer_xl/512_96/ETTm2/final_metrics/
=== Running lam=0.01, num_closest_samples=12 ===
Loaded pred cache: /scratch/s223540177/Time-Moe/timerxl/cache_data_finetuned_fixed_timerxl/ETTm2/timerxl/pred_cache.pt
Loaded gt cache: /scratch/s223540177/Time-Moe/timerxl/cache_data_finetuned_fixed_timerxl/ETTm2/timerxl/gt_cache.pt
Caches ready.
NaN encountered at step 12, total NaNs: 1
7578624
0 - {'mse': tensor(0.1893, device='cuda:0'), 'mae': tensor(0.2702, device='cuda:0')}
Saved final metrics to /home/s223540177/Time-MoE/metric_results_timer_xl/512_96/ETTm2/final_metrics/
=== Running lam=0.01, num_closest_samples=13 ===
Loaded pred cache: /scratch/s223540177/Time-Moe/timerxl/cache_data_finetuned_fixed_timerxl/ETTm2/timerxl/pred_cache.pt
Loaded gt cache: /scratch/s223540177/Time-Moe/timerxl/cache_data_finetuned_fixed_timerxl/ETTm2/timerxl/gt_cache.pt
Caches ready.
NaN encountered at step 12, total NaNs: 1
7578624
0 - {'mse': tensor(0.1893, device='cuda:0'), 'mae': tensor(0.2703, device='cuda:0')}
Saved final metrics to /home/s223540177/Time-MoE/metric_results_timer_xl/512_96/ETTm2/final_metrics/
=== Running lam=0.01, num_closest_samples=14 ===
Loaded pred cache: /scratch/s223540177/Time-Moe/timerxl/cache_data_finetuned_fixed_timerxl/ETTm2/timerxl/pred_cache.pt
Loaded gt cache: /scratch/s223540177/Time-Moe/timerxl/cache_data_finetuned_fixed_timerxl/ETTm2/timerxl/gt_cache.pt
Caches ready.
NaN encountered at step 12, total NaNs: 1
7578624
0 - {'mse': tensor(0.1895, device='cuda:0'), 'mae': tensor(0.2704, device='cuda:0')}
Saved final metrics to /home/s223540177/Time-MoE/metric_results_timer_xl/512_96/ETTm2/final_metrics/
=== Running lam=0.01, num_closest_samples=15 ===
Loaded pred cache: /scratch/s223540177/Time-Moe/timerxl/cache_data_finetuned_fixed_timerxl/ETTm2/timerxl/pred_cache.pt
Loaded gt cache: /scratch/s223540177/Time-Moe/timerxl/cache_data_finetuned_fixed_timerxl/ETTm2/timerxl/gt_cache.pt
Caches ready.
NaN encountered at step 12, total NaNs: 1
7578624
0 - {'mse': tensor(0.1893, device='cuda:0'), 'mae': tensor(0.2704, device='cuda:0')}
Saved final metrics to /home/s223540177/Time-MoE/metric_results_timer_xl/512_96/ETTm2/final_metrics/
=== Running lam=0.01, num_closest_samples=16 ===
Loaded pred cache: /scratch/s223540177/Time-Moe/timerxl/cache_data_finetuned_fixed_timerxl/ETTm2/timerxl/pred_cache.pt
Loaded gt cache: /scratch/s223540177/Time-Moe/timerxl/cache_data_finetuned_fixed_timerxl/ETTm2/timerxl/gt_cache.pt
Caches ready.
NaN encountered at step 12, total NaNs: 1
7578624
0 - {'mse': tensor(0.1893, device='cuda:0'), 'mae': tensor(0.2705, device='cuda:0')}
Saved final metrics to /home/s223540177/Time-MoE/metric_results_timer_xl/512_96/ETTm2/final_metrics/
=== Running lam=0.05, num_closest_samples=1 ===
Loaded pred cache: /scratch/s223540177/Time-Moe/timerxl/cache_data_finetuned_fixed_timerxl/ETTm2/timerxl/pred_cache.pt
Loaded gt cache: /scratch/s223540177/Time-Moe/timerxl/cache_data_finetuned_fixed_timerxl/ETTm2/timerxl/gt_cache.pt
Caches ready.
NaN encountered at step 12, total NaNs: 1
7578624
0 - {'mse': tensor(0.2043, device='cuda:0'), 'mae': tensor(0.2869, device='cuda:0')}
Saved final metrics to /home/s223540177/Time-MoE/metric_results_timer_xl/512_96/ETTm2/final_metrics/
=== Running lam=0.05, num_closest_samples=2 ===
Loaded pred cache: /scratch/s223540177/Time-Moe/timerxl/cache_data_finetuned_fixed_timerxl/ETTm2/timerxl/pred_cache.pt
Loaded gt cache: /scratch/s223540177/Time-Moe/timerxl/cache_data_finetuned_fixed_timerxl/ETTm2/timerxl/gt_cache.pt
Caches ready.
NaN encountered at step 12, total NaNs: 1
7578624
0 - {'mse': tensor(0.2020, device='cuda:0'), 'mae': tensor(0.2857, device='cuda:0')}
Saved final metrics to /home/s223540177/Time-MoE/metric_results_timer_xl/512_96/ETTm2/final_metrics/
=== Running lam=0.05, num_closest_samples=3 ===
Loaded pred cache: /scratch/s223540177/Time-Moe/timerxl/cache_data_finetuned_fixed_timerxl/ETTm2/timerxl/pred_cache.pt
Loaded gt cache: /scratch/s223540177/Time-Moe/timerxl/cache_data_finetuned_fixed_timerxl/ETTm2/timerxl/gt_cache.pt
Caches ready.
NaN encountered at step 12, total NaNs: 1
7578624
0 - {'mse': tensor(0.2036, device='cuda:0'), 'mae': tensor(0.2872, device='cuda:0')}
Saved final metrics to /home/s223540177/Time-MoE/metric_results_timer_xl/512_96/ETTm2/final_metrics/
=== Running lam=0.05, num_closest_samples=4 ===
Loaded pred cache: /scratch/s223540177/Time-Moe/timerxl/cache_data_finetuned_fixed_timerxl/ETTm2/timerxl/pred_cache.pt
Loaded gt cache: /scratch/s223540177/Time-Moe/timerxl/cache_data_finetuned_fixed_timerxl/ETTm2/timerxl/gt_cache.pt
Caches ready.
NaN encountered at step 12, total NaNs: 1
7578624
0 - {'mse': tensor(0.2039, device='cuda:0'), 'mae': tensor(0.2864, device='cuda:0')}
Saved final metrics to /home/s223540177/Time-MoE/metric_results_timer_xl/512_96/ETTm2/final_metrics/
=== Running lam=0.05, num_closest_samples=5 ===
Loaded pred cache: /scratch/s223540177/Time-Moe/timerxl/cache_data_finetuned_fixed_timerxl/ETTm2/timerxl/pred_cache.pt
Loaded gt cache: /scratch/s223540177/Time-Moe/timerxl/cache_data_finetuned_fixed_timerxl/ETTm2/timerxl/gt_cache.pt
Caches ready.
NaN encountered at step 12, total NaNs: 1
7578624
0 - {'mse': tensor(0.2064, device='cuda:0'), 'mae': tensor(0.2904, device='cuda:0')}
Saved final metrics to /home/s223540177/Time-MoE/metric_results_timer_xl/512_96/ETTm2/final_metrics/
=== Running lam=0.05, num_closest_samples=6 ===
Loaded pred cache: /scratch/s223540177/Time-Moe/timerxl/cache_data_finetuned_fixed_timerxl/ETTm2/timerxl/pred_cache.pt
Loaded gt cache: /scratch/s223540177/Time-Moe/timerxl/cache_data_finetuned_fixed_timerxl/ETTm2/timerxl/gt_cache.pt
Caches ready.
NaN encountered at step 12, total NaNs: 1
7578624
0 - {'mse': tensor(0.2040, device='cuda:0'), 'mae': tensor(0.2862, device='cuda:0')}
Saved final metrics to /home/s223540177/Time-MoE/metric_results_timer_xl/512_96/ETTm2/final_metrics/
=== Running lam=0.05, num_closest_samples=7 ===
Loaded pred cache: /scratch/s223540177/Time-Moe/timerxl/cache_data_finetuned_fixed_timerxl/ETTm2/timerxl/pred_cache.pt
Loaded gt cache: /scratch/s223540177/Time-Moe/timerxl/cache_data_finetuned_fixed_timerxl/ETTm2/timerxl/gt_cache.pt
Caches ready.
NaN encountered at step 12, total NaNs: 1
7578624
0 - {'mse': tensor(0.2042, device='cuda:0'), 'mae': tensor(0.2880, device='cuda:0')}
Saved final metrics to /home/s223540177/Time-MoE/metric_results_timer_xl/512_96/ETTm2/final_metrics/
=== Running lam=0.05, num_closest_samples=8 ===
Loaded pred cache: /scratch/s223540177/Time-Moe/timerxl/cache_data_finetuned_fixed_timerxl/ETTm2/timerxl/pred_cache.pt
Loaded gt cache: /scratch/s223540177/Time-Moe/timerxl/cache_data_finetuned_fixed_timerxl/ETTm2/timerxl/gt_cache.pt
Caches ready.
NaN encountered at step 12, total NaNs: 1
7578624
0 - {'mse': tensor(0.2002, device='cuda:0'), 'mae': tensor(0.2843, device='cuda:0')}
Saved final metrics to /home/s223540177/Time-MoE/metric_results_timer_xl/512_96/ETTm2/final_metrics/
=== Running lam=0.05, num_closest_samples=9 ===
Loaded pred cache: /scratch/s223540177/Time-Moe/timerxl/cache_data_finetuned_fixed_timerxl/ETTm2/timerxl/pred_cache.pt
Loaded gt cache: /scratch/s223540177/Time-Moe/timerxl/cache_data_finetuned_fixed_timerxl/ETTm2/timerxl/gt_cache.pt
Caches ready.
NaN encountered at step 12, total NaNs: 1
7578624
0 - {'mse': tensor(0.2062, device='cuda:0'), 'mae': tensor(0.2901, device='cuda:0')}
Saved final metrics to /home/s223540177/Time-MoE/metric_results_timer_xl/512_96/ETTm2/final_metrics/
=== Running lam=0.05, num_closest_samples=10 ===
Loaded pred cache: /scratch/s223540177/Time-Moe/timerxl/cache_data_finetuned_fixed_timerxl/ETTm2/timerxl/pred_cache.pt
Loaded gt cache: /scratch/s223540177/Time-Moe/timerxl/cache_data_finetuned_fixed_timerxl/ETTm2/timerxl/gt_cache.pt
Caches ready.
NaN encountered at step 12, total NaNs: 1
7578624
0 - {'mse': tensor(0.2044, device='cuda:0'), 'mae': tensor(0.2878, device='cuda:0')}
Saved final metrics to /home/s223540177/Time-MoE/metric_results_timer_xl/512_96/ETTm2/final_metrics/
=== Running lam=0.05, num_closest_samples=11 ===
Loaded pred cache: /scratch/s223540177/Time-Moe/timerxl/cache_data_finetuned_fixed_timerxl/ETTm2/timerxl/pred_cache.pt
Loaded gt cache: /scratch/s223540177/Time-Moe/timerxl/cache_data_finetuned_fixed_timerxl/ETTm2/timerxl/gt_cache.pt
Caches ready.
NaN encountered at step 12, total NaNs: 1
7578624
0 - {'mse': tensor(0.2040, device='cuda:0'), 'mae': tensor(0.2887, device='cuda:0')}
Saved final metrics to /home/s223540177/Time-MoE/metric_results_timer_xl/512_96/ETTm2/final_metrics/
=== Running lam=0.05, num_closest_samples=12 ===
Loaded pred cache: /scratch/s223540177/Time-Moe/timerxl/cache_data_finetuned_fixed_timerxl/ETTm2/timerxl/pred_cache.pt
Loaded gt cache: /scratch/s223540177/Time-Moe/timerxl/cache_data_finetuned_fixed_timerxl/ETTm2/timerxl/gt_cache.pt
Caches ready.
NaN encountered at step 12, total NaNs: 1
7578624
0 - {'mse': tensor(0.2078, device='cuda:0'), 'mae': tensor(0.2905, device='cuda:0')}
Saved final metrics to /home/s223540177/Time-MoE/metric_results_timer_xl/512_96/ETTm2/final_metrics/
=== Running lam=0.05, num_closest_samples=13 ===
Loaded pred cache: /scratch/s223540177/Time-Moe/timerxl/cache_data_finetuned_fixed_timerxl/ETTm2/timerxl/pred_cache.pt
Loaded gt cache: /scratch/s223540177/Time-Moe/timerxl/cache_data_finetuned_fixed_timerxl/ETTm2/timerxl/gt_cache.pt
Caches ready.
NaN encountered at step 12, total NaNs: 1
7578624
0 - {'mse': tensor(0.2080, device='cuda:0'), 'mae': tensor(0.2907, device='cuda:0')}
Saved final metrics to /home/s223540177/Time-MoE/metric_results_timer_xl/512_96/ETTm2/final_metrics/
=== Running lam=0.05, num_closest_samples=14 ===
Loaded pred cache: /scratch/s223540177/Time-Moe/timerxl/cache_data_finetuned_fixed_timerxl/ETTm2/timerxl/pred_cache.pt
Loaded gt cache: /scratch/s223540177/Time-Moe/timerxl/cache_data_finetuned_fixed_timerxl/ETTm2/timerxl/gt_cache.pt
Caches ready.
NaN encountered at step 12, total NaNs: 1
7578624
0 - {'mse': tensor(0.2064, device='cuda:0'), 'mae': tensor(0.2906, device='cuda:0')}
Saved final metrics to /home/s223540177/Time-MoE/metric_results_timer_xl/512_96/ETTm2/final_metrics/
=== Running lam=0.05, num_closest_samples=15 ===
Loaded pred cache: /scratch/s223540177/Time-Moe/timerxl/cache_data_finetuned_fixed_timerxl/ETTm2/timerxl/pred_cache.pt
Loaded gt cache: /scratch/s223540177/Time-Moe/timerxl/cache_data_finetuned_fixed_timerxl/ETTm2/timerxl/gt_cache.pt
Caches ready.
NaN encountered at step 12, total NaNs: 1
7578624
0 - {'mse': tensor(0.2083, device='cuda:0'), 'mae': tensor(0.2920, device='cuda:0')}
Saved final metrics to /home/s223540177/Time-MoE/metric_results_timer_xl/512_96/ETTm2/final_metrics/
=== Running lam=0.05, num_closest_samples=16 ===
Loaded pred cache: /scratch/s223540177/Time-Moe/timerxl/cache_data_finetuned_fixed_timerxl/ETTm2/timerxl/pred_cache.pt
Loaded gt cache: /scratch/s223540177/Time-Moe/timerxl/cache_data_finetuned_fixed_timerxl/ETTm2/timerxl/gt_cache.pt
Caches ready.
NaN encountered at step 12, total NaNs: 1
7578624
0 - {'mse': tensor(0.2057, device='cuda:0'), 'mae': tensor(0.2897, device='cuda:0')}
Saved final metrics to /home/s223540177/Time-MoE/metric_results_timer_xl/512_96/ETTm2/final_metrics/
=== Running lam=0.1, num_closest_samples=1 ===
Loaded pred cache: /scratch/s223540177/Time-Moe/timerxl/cache_data_finetuned_fixed_timerxl/ETTm2/timerxl/pred_cache.pt
Loaded gt cache: /scratch/s223540177/Time-Moe/timerxl/cache_data_finetuned_fixed_timerxl/ETTm2/timerxl/gt_cache.pt
Caches ready.
NaN encountered at step 12, total NaNs: 1
7578624
0 - {'mse': tensor(0.2614, device='cuda:0'), 'mae': tensor(0.3416, device='cuda:0')}
Saved final metrics to /home/s223540177/Time-MoE/metric_results_timer_xl/512_96/ETTm2/final_metrics/
=== Running lam=0.1, num_closest_samples=2 ===
Loaded pred cache: /scratch/s223540177/Time-Moe/timerxl/cache_data_finetuned_fixed_timerxl/ETTm2/timerxl/pred_cache.pt
Loaded gt cache: /scratch/s223540177/Time-Moe/timerxl/cache_data_finetuned_fixed_timerxl/ETTm2/timerxl/gt_cache.pt
Caches ready.
NaN encountered at step 12, total NaNs: 1
7578624
0 - {'mse': tensor(0.2547, device='cuda:0'), 'mae': tensor(0.3367, device='cuda:0')}
Saved final metrics to /home/s223540177/Time-MoE/metric_results_timer_xl/512_96/ETTm2/final_metrics/
=== Running lam=0.1, num_closest_samples=3 ===
Loaded pred cache: /scratch/s223540177/Time-Moe/timerxl/cache_data_finetuned_fixed_timerxl/ETTm2/timerxl/pred_cache.pt
Loaded gt cache: /scratch/s223540177/Time-Moe/timerxl/cache_data_finetuned_fixed_timerxl/ETTm2/timerxl/gt_cache.pt
Caches ready.
NaN encountered at step 12, total NaNs: 1
7578624
0 - {'mse': tensor(0.2557, device='cuda:0'), 'mae': tensor(0.3367, device='cuda:0')}
Saved final metrics to /home/s223540177/Time-MoE/metric_results_timer_xl/512_96/ETTm2/final_metrics/
=== Running lam=0.1, num_closest_samples=4 ===
Loaded pred cache: /scratch/s223540177/Time-Moe/timerxl/cache_data_finetuned_fixed_timerxl/ETTm2/timerxl/pred_cache.pt
Loaded gt cache: /scratch/s223540177/Time-Moe/timerxl/cache_data_finetuned_fixed_timerxl/ETTm2/timerxl/gt_cache.pt
Caches ready.
NaN encountered at step 12, total NaNs: 1
7578624
0 - {'mse': tensor(0.2538, device='cuda:0'), 'mae': tensor(0.3343, device='cuda:0')}
Saved final metrics to /home/s223540177/Time-MoE/metric_results_timer_xl/512_96/ETTm2/final_metrics/
=== Running lam=0.1, num_closest_samples=5 ===
Loaded pred cache: /scratch/s223540177/Time-Moe/timerxl/cache_data_finetuned_fixed_timerxl/ETTm2/timerxl/pred_cache.pt
Loaded gt cache: /scratch/s223540177/Time-Moe/timerxl/cache_data_finetuned_fixed_timerxl/ETTm2/timerxl/gt_cache.pt
Caches ready.
NaN encountered at step 12, total NaNs: 1
7578624
0 - {'mse': tensor(0.2599, device='cuda:0'), 'mae': tensor(0.3413, device='cuda:0')}
Saved final metrics to /home/s223540177/Time-MoE/metric_results_timer_xl/512_96/ETTm2/final_metrics/
=== Running lam=0.1, num_closest_samples=6 ===
Loaded pred cache: /scratch/s223540177/Time-Moe/timerxl/cache_data_finetuned_fixed_timerxl/ETTm2/timerxl/pred_cache.pt
Loaded gt cache: /scratch/s223540177/Time-Moe/timerxl/cache_data_finetuned_fixed_timerxl/ETTm2/timerxl/gt_cache.pt
Caches ready.
NaN encountered at step 12, total NaNs: 1
7578624
0 - {'mse': tensor(0.2656, device='cuda:0'), 'mae': tensor(0.3430, device='cuda:0')}
Saved final metrics to /home/s223540177/Time-MoE/metric_results_timer_xl/512_96/ETTm2/final_metrics/
=== Running lam=0.1, num_closest_samples=7 ===
Loaded pred cache: /scratch/s223540177/Time-Moe/timerxl/cache_data_finetuned_fixed_timerxl/ETTm2/timerxl/pred_cache.pt
Loaded gt cache: /scratch/s223540177/Time-Moe/timerxl/cache_data_finetuned_fixed_timerxl/ETTm2/timerxl/gt_cache.pt
Caches ready.
NaN encountered at step 12, total NaNs: 1
7578624
0 - {'mse': tensor(0.2616, device='cuda:0'), 'mae': tensor(0.3385, device='cuda:0')}
Saved final metrics to /home/s223540177/Time-MoE/metric_results_timer_xl/512_96/ETTm2/final_metrics/
=== Running lam=0.1, num_closest_samples=8 ===
Loaded pred cache: /scratch/s223540177/Time-Moe/timerxl/cache_data_finetuned_fixed_timerxl/ETTm2/timerxl/pred_cache.pt
Loaded gt cache: /scratch/s223540177/Time-Moe/timerxl/cache_data_finetuned_fixed_timerxl/ETTm2/timerxl/gt_cache.pt
Caches ready.
NaN encountered at step 12, total NaNs: 1
7578624
0 - {'mse': tensor(0.2648, device='cuda:0'), 'mae': tensor(0.3473, device='cuda:0')}
Saved final metrics to /home/s223540177/Time-MoE/metric_results_timer_xl/512_96/ETTm2/final_metrics/
=== Running lam=0.1, num_closest_samples=9 ===
Loaded pred cache: /scratch/s223540177/Time-Moe/timerxl/cache_data_finetuned_fixed_timerxl/ETTm2/timerxl/pred_cache.pt
Loaded gt cache: /scratch/s223540177/Time-Moe/timerxl/cache_data_finetuned_fixed_timerxl/ETTm2/timerxl/gt_cache.pt
Caches ready.
NaN encountered at step 12, total NaNs: 1
7578624
0 - {'mse': tensor(0.2522, device='cuda:0'), 'mae': tensor(0.3315, device='cuda:0')}
Saved final metrics to /home/s223540177/Time-MoE/metric_results_timer_xl/512_96/ETTm2/final_metrics/
=== Running lam=0.1, num_closest_samples=10 ===
Loaded pred cache: /scratch/s223540177/Time-Moe/timerxl/cache_data_finetuned_fixed_timerxl/ETTm2/timerxl/pred_cache.pt
Loaded gt cache: /scratch/s223540177/Time-Moe/timerxl/cache_data_finetuned_fixed_timerxl/ETTm2/timerxl/gt_cache.pt
Caches ready.
NaN encountered at step 12, total NaNs: 1
7578624
0 - {'mse': tensor(0.2631, device='cuda:0'), 'mae': tensor(0.3423, device='cuda:0')}
Saved final metrics to /home/s223540177/Time-MoE/metric_results_timer_xl/512_96/ETTm2/final_metrics/
=== Running lam=0.1, num_closest_samples=11 ===
Loaded pred cache: /scratch/s223540177/Time-Moe/timerxl/cache_data_finetuned_fixed_timerxl/ETTm2/timerxl/pred_cache.pt
Loaded gt cache: /scratch/s223540177/Time-Moe/timerxl/cache_data_finetuned_fixed_timerxl/ETTm2/timerxl/gt_cache.pt
Caches ready.
NaN encountered at step 12, total NaNs: 1
7578624
0 - {'mse': tensor(0.2643, device='cuda:0'), 'mae': tensor(0.3437, device='cuda:0')}
Saved final metrics to /home/s223540177/Time-MoE/metric_results_timer_xl/512_96/ETTm2/final_metrics/
=== Running lam=0.1, num_closest_samples=12 ===
Loaded pred cache: /scratch/s223540177/Time-Moe/timerxl/cache_data_finetuned_fixed_timerxl/ETTm2/timerxl/pred_cache.pt
Loaded gt cache: /scratch/s223540177/Time-Moe/timerxl/cache_data_finetuned_fixed_timerxl/ETTm2/timerxl/gt_cache.pt
Caches ready.
NaN encountered at step 12, total NaNs: 1
7578624
0 - {'mse': tensor(0.2600, device='cuda:0'), 'mae': tensor(0.3414, device='cuda:0')}
Saved final metrics to /home/s223540177/Time-MoE/metric_results_timer_xl/512_96/ETTm2/final_metrics/
=== Running lam=0.1, num_closest_samples=13 ===
Loaded pred cache: /scratch/s223540177/Time-Moe/timerxl/cache_data_finetuned_fixed_timerxl/ETTm2/timerxl/pred_cache.pt
Loaded gt cache: /scratch/s223540177/Time-Moe/timerxl/cache_data_finetuned_fixed_timerxl/ETTm2/timerxl/gt_cache.pt
Caches ready.
NaN encountered at step 12, total NaNs: 1
7578624
0 - {'mse': tensor(0.2654, device='cuda:0'), 'mae': tensor(0.3439, device='cuda:0')}
Saved final metrics to /home/s223540177/Time-MoE/metric_results_timer_xl/512_96/ETTm2/final_metrics/
=== Running lam=0.1, num_closest_samples=14 ===
Loaded pred cache: /scratch/s223540177/Time-Moe/timerxl/cache_data_finetuned_fixed_timerxl/ETTm2/timerxl/pred_cache.pt
Loaded gt cache: /scratch/s223540177/Time-Moe/timerxl/cache_data_finetuned_fixed_timerxl/ETTm2/timerxl/gt_cache.pt
Caches ready.
NaN encountered at step 12, total NaNs: 1
7578624
0 - {'mse': tensor(0.1945, device='cuda:0'), 'mae': tensor(0.2791, device='cuda:0')}
Saved final metrics to /home/s223540177/Time-MoE/metric_results_timer_xl/512_96/ETTm2/final_metrics/
=== Running lam=0.1, num_closest_samples=15 ===
Loaded pred cache: /scratch/s223540177/Time-Moe/timerxl/cache_data_finetuned_fixed_timerxl/ETTm2/timerxl/pred_cache.pt
Loaded gt cache: /scratch/s223540177/Time-Moe/timerxl/cache_data_finetuned_fixed_timerxl/ETTm2/timerxl/gt_cache.pt
Caches ready.
NaN encountered at step 12, total NaNs: 1
7578624
0 - {'mse': tensor(0.2481, device='cuda:0'), 'mae': tensor(0.3380, device='cuda:0')}
Saved final metrics to /home/s223540177/Time-MoE/metric_results_timer_xl/512_96/ETTm2/final_metrics/
=== Running lam=0.1, num_closest_samples=16 ===
Loaded pred cache: /scratch/s223540177/Time-Moe/timerxl/cache_data_finetuned_fixed_timerxl/ETTm2/timerxl/pred_cache.pt
Loaded gt cache: /scratch/s223540177/Time-Moe/timerxl/cache_data_finetuned_fixed_timerxl/ETTm2/timerxl/gt_cache.pt
Caches ready.
NaN encountered at step 12, total NaNs: 1
7578624
0 - {'mse': tensor(0.2535, device='cuda:0'), 'mae': tensor(0.3401, device='cuda:0')}
Saved final metrics to /home/s223540177/Time-MoE/metric_results_timer_xl/512_96/ETTm2/final_metrics/
