=== Running lam=0.01, num_closest_samples=1 ===
Loaded pred cache: /scratch/s223540177/Time-Moe/timerxl/cache_data_finetuned_fixed_timerxl/ETTh2/timerxl/pred_cache.pt
Loaded gt cache: /scratch/s223540177/Time-Moe/timerxl/cache_data_finetuned_fixed_timerxl/ETTh2/timerxl/gt_cache.pt
Caches ready.
1870848
0 - {'mse': tensor(0.3191, device='cuda:0'), 'mae': tensor(0.3593, device='cuda:0')}
Saved final metrics to /home/s223540177/Time-MoE/metric_results_timer_xl/512_96/ETTh2/final_metrics/
=== Running lam=0.01, num_closest_samples=2 ===
Loaded pred cache: /scratch/s223540177/Time-Moe/timerxl/cache_data_finetuned_fixed_timerxl/ETTh2/timerxl/pred_cache.pt
Loaded gt cache: /scratch/s223540177/Time-Moe/timerxl/cache_data_finetuned_fixed_timerxl/ETTh2/timerxl/gt_cache.pt
Caches ready.
1870848
0 - {'mse': tensor(0.3187, device='cuda:0'), 'mae': tensor(0.3587, device='cuda:0')}
Saved final metrics to /home/s223540177/Time-MoE/metric_results_timer_xl/512_96/ETTh2/final_metrics/
=== Running lam=0.01, num_closest_samples=3 ===
Loaded pred cache: /scratch/s223540177/Time-Moe/timerxl/cache_data_finetuned_fixed_timerxl/ETTh2/timerxl/pred_cache.pt
Loaded gt cache: /scratch/s223540177/Time-Moe/timerxl/cache_data_finetuned_fixed_timerxl/ETTh2/timerxl/gt_cache.pt
Caches ready.
1870848
0 - {'mse': tensor(0.3191, device='cuda:0'), 'mae': tensor(0.3589, device='cuda:0')}
Saved final metrics to /home/s223540177/Time-MoE/metric_results_timer_xl/512_96/ETTh2/final_metrics/
=== Running lam=0.01, num_closest_samples=4 ===
Loaded pred cache: /scratch/s223540177/Time-Moe/timerxl/cache_data_finetuned_fixed_timerxl/ETTh2/timerxl/pred_cache.pt
Loaded gt cache: /scratch/s223540177/Time-Moe/timerxl/cache_data_finetuned_fixed_timerxl/ETTh2/timerxl/gt_cache.pt
Caches ready.
1870848
0 - {'mse': tensor(0.3186, device='cuda:0'), 'mae': tensor(0.3585, device='cuda:0')}
Saved final metrics to /home/s223540177/Time-MoE/metric_results_timer_xl/512_96/ETTh2/final_metrics/
=== Running lam=0.01, num_closest_samples=5 ===
Loaded pred cache: /scratch/s223540177/Time-Moe/timerxl/cache_data_finetuned_fixed_timerxl/ETTh2/timerxl/pred_cache.pt
Loaded gt cache: /scratch/s223540177/Time-Moe/timerxl/cache_data_finetuned_fixed_timerxl/ETTh2/timerxl/gt_cache.pt
Caches ready.
1870848
0 - {'mse': tensor(0.3180, device='cuda:0'), 'mae': tensor(0.3584, device='cuda:0')}
Saved final metrics to /home/s223540177/Time-MoE/metric_results_timer_xl/512_96/ETTh2/final_metrics/
=== Running lam=0.01, num_closest_samples=6 ===
Loaded pred cache: /scratch/s223540177/Time-Moe/timerxl/cache_data_finetuned_fixed_timerxl/ETTh2/timerxl/pred_cache.pt
Loaded gt cache: /scratch/s223540177/Time-Moe/timerxl/cache_data_finetuned_fixed_timerxl/ETTh2/timerxl/gt_cache.pt
Caches ready.
1870848
0 - {'mse': tensor(0.3182, device='cuda:0'), 'mae': tensor(0.3582, device='cuda:0')}
Saved final metrics to /home/s223540177/Time-MoE/metric_results_timer_xl/512_96/ETTh2/final_metrics/
=== Running lam=0.01, num_closest_samples=7 ===
Loaded pred cache: /scratch/s223540177/Time-Moe/timerxl/cache_data_finetuned_fixed_timerxl/ETTh2/timerxl/pred_cache.pt
Loaded gt cache: /scratch/s223540177/Time-Moe/timerxl/cache_data_finetuned_fixed_timerxl/ETTh2/timerxl/gt_cache.pt
Caches ready.
1870848
0 - {'mse': tensor(0.3179, device='cuda:0'), 'mae': tensor(0.3580, device='cuda:0')}
Saved final metrics to /home/s223540177/Time-MoE/metric_results_timer_xl/512_96/ETTh2/final_metrics/
=== Running lam=0.01, num_closest_samples=8 ===
Loaded pred cache: /scratch/s223540177/Time-Moe/timerxl/cache_data_finetuned_fixed_timerxl/ETTh2/timerxl/pred_cache.pt
Loaded gt cache: /scratch/s223540177/Time-Moe/timerxl/cache_data_finetuned_fixed_timerxl/ETTh2/timerxl/gt_cache.pt
Caches ready.
1870848
0 - {'mse': tensor(0.3179, device='cuda:0'), 'mae': tensor(0.3580, device='cuda:0')}
Saved final metrics to /home/s223540177/Time-MoE/metric_results_timer_xl/512_96/ETTh2/final_metrics/
=== Running lam=0.01, num_closest_samples=9 ===
Loaded pred cache: /scratch/s223540177/Time-Moe/timerxl/cache_data_finetuned_fixed_timerxl/ETTh2/timerxl/pred_cache.pt
Loaded gt cache: /scratch/s223540177/Time-Moe/timerxl/cache_data_finetuned_fixed_timerxl/ETTh2/timerxl/gt_cache.pt
Caches ready.
1870848
0 - {'mse': tensor(0.3181, device='cuda:0'), 'mae': tensor(0.3580, device='cuda:0')}
Saved final metrics to /home/s223540177/Time-MoE/metric_results_timer_xl/512_96/ETTh2/final_metrics/
=== Running lam=0.01, num_closest_samples=10 ===
Loaded pred cache: /scratch/s223540177/Time-Moe/timerxl/cache_data_finetuned_fixed_timerxl/ETTh2/timerxl/pred_cache.pt
Loaded gt cache: /scratch/s223540177/Time-Moe/timerxl/cache_data_finetuned_fixed_timerxl/ETTh2/timerxl/gt_cache.pt
Caches ready.
1870848
0 - {'mse': tensor(0.3176, device='cuda:0'), 'mae': tensor(0.3577, device='cuda:0')}
Saved final metrics to /home/s223540177/Time-MoE/metric_results_timer_xl/512_96/ETTh2/final_metrics/
=== Running lam=0.01, num_closest_samples=11 ===
Loaded pred cache: /scratch/s223540177/Time-Moe/timerxl/cache_data_finetuned_fixed_timerxl/ETTh2/timerxl/pred_cache.pt
Loaded gt cache: /scratch/s223540177/Time-Moe/timerxl/cache_data_finetuned_fixed_timerxl/ETTh2/timerxl/gt_cache.pt
Caches ready.
1870848
0 - {'mse': tensor(0.3177, device='cuda:0'), 'mae': tensor(0.3578, device='cuda:0')}
Saved final metrics to /home/s223540177/Time-MoE/metric_results_timer_xl/512_96/ETTh2/final_metrics/
=== Running lam=0.01, num_closest_samples=12 ===
Loaded pred cache: /scratch/s223540177/Time-Moe/timerxl/cache_data_finetuned_fixed_timerxl/ETTh2/timerxl/pred_cache.pt
Loaded gt cache: /scratch/s223540177/Time-Moe/timerxl/cache_data_finetuned_fixed_timerxl/ETTh2/timerxl/gt_cache.pt
Caches ready.
1870848
0 - {'mse': tensor(0.3178, device='cuda:0'), 'mae': tensor(0.3578, device='cuda:0')}
Saved final metrics to /home/s223540177/Time-MoE/metric_results_timer_xl/512_96/ETTh2/final_metrics/
=== Running lam=0.01, num_closest_samples=13 ===
Loaded pred cache: /scratch/s223540177/Time-Moe/timerxl/cache_data_finetuned_fixed_timerxl/ETTh2/timerxl/pred_cache.pt
Loaded gt cache: /scratch/s223540177/Time-Moe/timerxl/cache_data_finetuned_fixed_timerxl/ETTh2/timerxl/gt_cache.pt
Caches ready.
1870848
0 - {'mse': tensor(0.3179, device='cuda:0'), 'mae': tensor(0.3579, device='cuda:0')}
Saved final metrics to /home/s223540177/Time-MoE/metric_results_timer_xl/512_96/ETTh2/final_metrics/
=== Running lam=0.01, num_closest_samples=14 ===
Loaded pred cache: /scratch/s223540177/Time-Moe/timerxl/cache_data_finetuned_fixed_timerxl/ETTh2/timerxl/pred_cache.pt
Loaded gt cache: /scratch/s223540177/Time-Moe/timerxl/cache_data_finetuned_fixed_timerxl/ETTh2/timerxl/gt_cache.pt
Caches ready.
1870848
0 - {'mse': tensor(0.3179, device='cuda:0'), 'mae': tensor(0.3579, device='cuda:0')}
Saved final metrics to /home/s223540177/Time-MoE/metric_results_timer_xl/512_96/ETTh2/final_metrics/
=== Running lam=0.01, num_closest_samples=15 ===
Loaded pred cache: /scratch/s223540177/Time-Moe/timerxl/cache_data_finetuned_fixed_timerxl/ETTh2/timerxl/pred_cache.pt
Loaded gt cache: /scratch/s223540177/Time-Moe/timerxl/cache_data_finetuned_fixed_timerxl/ETTh2/timerxl/gt_cache.pt
Caches ready.
1870848
0 - {'mse': tensor(0.3178, device='cuda:0'), 'mae': tensor(0.3578, device='cuda:0')}
Saved final metrics to /home/s223540177/Time-MoE/metric_results_timer_xl/512_96/ETTh2/final_metrics/
=== Running lam=0.01, num_closest_samples=16 ===
Loaded pred cache: /scratch/s223540177/Time-Moe/timerxl/cache_data_finetuned_fixed_timerxl/ETTh2/timerxl/pred_cache.pt
Loaded gt cache: /scratch/s223540177/Time-Moe/timerxl/cache_data_finetuned_fixed_timerxl/ETTh2/timerxl/gt_cache.pt
Caches ready.
1870848
0 - {'mse': tensor(0.3176, device='cuda:0'), 'mae': tensor(0.3576, device='cuda:0')}
Saved final metrics to /home/s223540177/Time-MoE/metric_results_timer_xl/512_96/ETTh2/final_metrics/
=== Running lam=0.05, num_closest_samples=1 ===
Loaded pred cache: /scratch/s223540177/Time-Moe/timerxl/cache_data_finetuned_fixed_timerxl/ETTh2/timerxl/pred_cache.pt
Loaded gt cache: /scratch/s223540177/Time-Moe/timerxl/cache_data_finetuned_fixed_timerxl/ETTh2/timerxl/gt_cache.pt
Caches ready.
1870848
0 - {'mse': tensor(0.3391, device='cuda:0'), 'mae': tensor(0.3752, device='cuda:0')}
Saved final metrics to /home/s223540177/Time-MoE/metric_results_timer_xl/512_96/ETTh2/final_metrics/
=== Running lam=0.05, num_closest_samples=2 ===
Loaded pred cache: /scratch/s223540177/Time-Moe/timerxl/cache_data_finetuned_fixed_timerxl/ETTh2/timerxl/pred_cache.pt
Loaded gt cache: /scratch/s223540177/Time-Moe/timerxl/cache_data_finetuned_fixed_timerxl/ETTh2/timerxl/gt_cache.pt
Caches ready.
1870848
0 - {'mse': tensor(0.3335, device='cuda:0'), 'mae': tensor(0.3707, device='cuda:0')}
Saved final metrics to /home/s223540177/Time-MoE/metric_results_timer_xl/512_96/ETTh2/final_metrics/
=== Running lam=0.05, num_closest_samples=3 ===
Loaded pred cache: /scratch/s223540177/Time-Moe/timerxl/cache_data_finetuned_fixed_timerxl/ETTh2/timerxl/pred_cache.pt
Loaded gt cache: /scratch/s223540177/Time-Moe/timerxl/cache_data_finetuned_fixed_timerxl/ETTh2/timerxl/gt_cache.pt
Caches ready.
1870848
0 - {'mse': tensor(0.3397, device='cuda:0'), 'mae': tensor(0.3772, device='cuda:0')}
Saved final metrics to /home/s223540177/Time-MoE/metric_results_timer_xl/512_96/ETTh2/final_metrics/
=== Running lam=0.05, num_closest_samples=4 ===
Loaded pred cache: /scratch/s223540177/Time-Moe/timerxl/cache_data_finetuned_fixed_timerxl/ETTh2/timerxl/pred_cache.pt
Loaded gt cache: /scratch/s223540177/Time-Moe/timerxl/cache_data_finetuned_fixed_timerxl/ETTh2/timerxl/gt_cache.pt
Caches ready.
1870848
0 - {'mse': tensor(0.3359, device='cuda:0'), 'mae': tensor(0.3767, device='cuda:0')}
Saved final metrics to /home/s223540177/Time-MoE/metric_results_timer_xl/512_96/ETTh2/final_metrics/
=== Running lam=0.05, num_closest_samples=5 ===
Loaded pred cache: /scratch/s223540177/Time-Moe/timerxl/cache_data_finetuned_fixed_timerxl/ETTh2/timerxl/pred_cache.pt
Loaded gt cache: /scratch/s223540177/Time-Moe/timerxl/cache_data_finetuned_fixed_timerxl/ETTh2/timerxl/gt_cache.pt
Caches ready.
1870848
0 - {'mse': tensor(0.3353, device='cuda:0'), 'mae': tensor(0.3739, device='cuda:0')}
Saved final metrics to /home/s223540177/Time-MoE/metric_results_timer_xl/512_96/ETTh2/final_metrics/
=== Running lam=0.05, num_closest_samples=6 ===
Loaded pred cache: /scratch/s223540177/Time-Moe/timerxl/cache_data_finetuned_fixed_timerxl/ETTh2/timerxl/pred_cache.pt
Loaded gt cache: /scratch/s223540177/Time-Moe/timerxl/cache_data_finetuned_fixed_timerxl/ETTh2/timerxl/gt_cache.pt
Caches ready.
1870848
0 - {'mse': tensor(0.3359, device='cuda:0'), 'mae': tensor(0.3737, device='cuda:0')}
Saved final metrics to /home/s223540177/Time-MoE/metric_results_timer_xl/512_96/ETTh2/final_metrics/
=== Running lam=0.05, num_closest_samples=7 ===
Loaded pred cache: /scratch/s223540177/Time-Moe/timerxl/cache_data_finetuned_fixed_timerxl/ETTh2/timerxl/pred_cache.pt
Loaded gt cache: /scratch/s223540177/Time-Moe/timerxl/cache_data_finetuned_fixed_timerxl/ETTh2/timerxl/gt_cache.pt
Caches ready.
1870848
0 - {'mse': tensor(0.3335, device='cuda:0'), 'mae': tensor(0.3742, device='cuda:0')}
Saved final metrics to /home/s223540177/Time-MoE/metric_results_timer_xl/512_96/ETTh2/final_metrics/
=== Running lam=0.05, num_closest_samples=8 ===
Loaded pred cache: /scratch/s223540177/Time-Moe/timerxl/cache_data_finetuned_fixed_timerxl/ETTh2/timerxl/pred_cache.pt
Loaded gt cache: /scratch/s223540177/Time-Moe/timerxl/cache_data_finetuned_fixed_timerxl/ETTh2/timerxl/gt_cache.pt
Caches ready.
1870848
0 - {'mse': tensor(0.3284, device='cuda:0'), 'mae': tensor(0.3696, device='cuda:0')}
Saved final metrics to /home/s223540177/Time-MoE/metric_results_timer_xl/512_96/ETTh2/final_metrics/
=== Running lam=0.05, num_closest_samples=9 ===
Loaded pred cache: /scratch/s223540177/Time-Moe/timerxl/cache_data_finetuned_fixed_timerxl/ETTh2/timerxl/pred_cache.pt
Loaded gt cache: /scratch/s223540177/Time-Moe/timerxl/cache_data_finetuned_fixed_timerxl/ETTh2/timerxl/gt_cache.pt
Caches ready.
1870848
0 - {'mse': tensor(0.3293, device='cuda:0'), 'mae': tensor(0.3700, device='cuda:0')}
Saved final metrics to /home/s223540177/Time-MoE/metric_results_timer_xl/512_96/ETTh2/final_metrics/
=== Running lam=0.05, num_closest_samples=10 ===
Loaded pred cache: /scratch/s223540177/Time-Moe/timerxl/cache_data_finetuned_fixed_timerxl/ETTh2/timerxl/pred_cache.pt
Loaded gt cache: /scratch/s223540177/Time-Moe/timerxl/cache_data_finetuned_fixed_timerxl/ETTh2/timerxl/gt_cache.pt
Caches ready.
1870848
0 - {'mse': tensor(0.3239, device='cuda:0'), 'mae': tensor(0.3652, device='cuda:0')}
Saved final metrics to /home/s223540177/Time-MoE/metric_results_timer_xl/512_96/ETTh2/final_metrics/
=== Running lam=0.05, num_closest_samples=11 ===
Loaded pred cache: /scratch/s223540177/Time-Moe/timerxl/cache_data_finetuned_fixed_timerxl/ETTh2/timerxl/pred_cache.pt
Loaded gt cache: /scratch/s223540177/Time-Moe/timerxl/cache_data_finetuned_fixed_timerxl/ETTh2/timerxl/gt_cache.pt
Caches ready.
1870848
0 - {'mse': tensor(0.3248, device='cuda:0'), 'mae': tensor(0.3662, device='cuda:0')}
Saved final metrics to /home/s223540177/Time-MoE/metric_results_timer_xl/512_96/ETTh2/final_metrics/
=== Running lam=0.05, num_closest_samples=12 ===
Loaded pred cache: /scratch/s223540177/Time-Moe/timerxl/cache_data_finetuned_fixed_timerxl/ETTh2/timerxl/pred_cache.pt
Loaded gt cache: /scratch/s223540177/Time-Moe/timerxl/cache_data_finetuned_fixed_timerxl/ETTh2/timerxl/gt_cache.pt
Caches ready.
1870848
0 - {'mse': tensor(0.3229, device='cuda:0'), 'mae': tensor(0.3664, device='cuda:0')}
Saved final metrics to /home/s223540177/Time-MoE/metric_results_timer_xl/512_96/ETTh2/final_metrics/
=== Running lam=0.05, num_closest_samples=13 ===
Loaded pred cache: /scratch/s223540177/Time-Moe/timerxl/cache_data_finetuned_fixed_timerxl/ETTh2/timerxl/pred_cache.pt
Loaded gt cache: /scratch/s223540177/Time-Moe/timerxl/cache_data_finetuned_fixed_timerxl/ETTh2/timerxl/gt_cache.pt
Caches ready.
1870848
0 - {'mse': tensor(0.3248, device='cuda:0'), 'mae': tensor(0.3670, device='cuda:0')}
Saved final metrics to /home/s223540177/Time-MoE/metric_results_timer_xl/512_96/ETTh2/final_metrics/
=== Running lam=0.05, num_closest_samples=14 ===
Loaded pred cache: /scratch/s223540177/Time-Moe/timerxl/cache_data_finetuned_fixed_timerxl/ETTh2/timerxl/pred_cache.pt
Loaded gt cache: /scratch/s223540177/Time-Moe/timerxl/cache_data_finetuned_fixed_timerxl/ETTh2/timerxl/gt_cache.pt
Caches ready.
1870848
0 - {'mse': tensor(0.3254, device='cuda:0'), 'mae': tensor(0.3682, device='cuda:0')}
Saved final metrics to /home/s223540177/Time-MoE/metric_results_timer_xl/512_96/ETTh2/final_metrics/
=== Running lam=0.05, num_closest_samples=15 ===
Loaded pred cache: /scratch/s223540177/Time-Moe/timerxl/cache_data_finetuned_fixed_timerxl/ETTh2/timerxl/pred_cache.pt
Loaded gt cache: /scratch/s223540177/Time-Moe/timerxl/cache_data_finetuned_fixed_timerxl/ETTh2/timerxl/gt_cache.pt
Caches ready.
1870848
0 - {'mse': tensor(0.3235, device='cuda:0'), 'mae': tensor(0.3667, device='cuda:0')}
Saved final metrics to /home/s223540177/Time-MoE/metric_results_timer_xl/512_96/ETTh2/final_metrics/
=== Running lam=0.05, num_closest_samples=16 ===
Loaded pred cache: /scratch/s223540177/Time-Moe/timerxl/cache_data_finetuned_fixed_timerxl/ETTh2/timerxl/pred_cache.pt
Loaded gt cache: /scratch/s223540177/Time-Moe/timerxl/cache_data_finetuned_fixed_timerxl/ETTh2/timerxl/gt_cache.pt
Caches ready.
1870848
0 - {'mse': tensor(0.3284, device='cuda:0'), 'mae': tensor(0.3675, device='cuda:0')}
Saved final metrics to /home/s223540177/Time-MoE/metric_results_timer_xl/512_96/ETTh2/final_metrics/
=== Running lam=0.1, num_closest_samples=1 ===
Loaded pred cache: /scratch/s223540177/Time-Moe/timerxl/cache_data_finetuned_fixed_timerxl/ETTh2/timerxl/pred_cache.pt
Loaded gt cache: /scratch/s223540177/Time-Moe/timerxl/cache_data_finetuned_fixed_timerxl/ETTh2/timerxl/gt_cache.pt
Caches ready.
1870848
0 - {'mse': tensor(0.3938, device='cuda:0'), 'mae': tensor(0.4166, device='cuda:0')}
Saved final metrics to /home/s223540177/Time-MoE/metric_results_timer_xl/512_96/ETTh2/final_metrics/
=== Running lam=0.1, num_closest_samples=2 ===
Loaded pred cache: /scratch/s223540177/Time-Moe/timerxl/cache_data_finetuned_fixed_timerxl/ETTh2/timerxl/pred_cache.pt
Loaded gt cache: /scratch/s223540177/Time-Moe/timerxl/cache_data_finetuned_fixed_timerxl/ETTh2/timerxl/gt_cache.pt
Caches ready.
1870848
0 - {'mse': tensor(0.4021, device='cuda:0'), 'mae': tensor(0.4168, device='cuda:0')}
Saved final metrics to /home/s223540177/Time-MoE/metric_results_timer_xl/512_96/ETTh2/final_metrics/
=== Running lam=0.1, num_closest_samples=3 ===
Loaded pred cache: /scratch/s223540177/Time-Moe/timerxl/cache_data_finetuned_fixed_timerxl/ETTh2/timerxl/pred_cache.pt
Loaded gt cache: /scratch/s223540177/Time-Moe/timerxl/cache_data_finetuned_fixed_timerxl/ETTh2/timerxl/gt_cache.pt
Caches ready.
1870848
0 - {'mse': tensor(0.4458, device='cuda:0'), 'mae': tensor(0.4459, device='cuda:0')}
Saved final metrics to /home/s223540177/Time-MoE/metric_results_timer_xl/512_96/ETTh2/final_metrics/
=== Running lam=0.1, num_closest_samples=4 ===
Loaded pred cache: /scratch/s223540177/Time-Moe/timerxl/cache_data_finetuned_fixed_timerxl/ETTh2/timerxl/pred_cache.pt
Loaded gt cache: /scratch/s223540177/Time-Moe/timerxl/cache_data_finetuned_fixed_timerxl/ETTh2/timerxl/gt_cache.pt
Caches ready.
1870848
0 - {'mse': tensor(0.3950, device='cuda:0'), 'mae': tensor(0.4234, device='cuda:0')}
Saved final metrics to /home/s223540177/Time-MoE/metric_results_timer_xl/512_96/ETTh2/final_metrics/
=== Running lam=0.1, num_closest_samples=5 ===
Loaded pred cache: /scratch/s223540177/Time-Moe/timerxl/cache_data_finetuned_fixed_timerxl/ETTh2/timerxl/pred_cache.pt
Loaded gt cache: /scratch/s223540177/Time-Moe/timerxl/cache_data_finetuned_fixed_timerxl/ETTh2/timerxl/gt_cache.pt
Caches ready.
1870848
0 - {'mse': tensor(0.4135, device='cuda:0'), 'mae': tensor(0.4289, device='cuda:0')}
Saved final metrics to /home/s223540177/Time-MoE/metric_results_timer_xl/512_96/ETTh2/final_metrics/
=== Running lam=0.1, num_closest_samples=6 ===
Loaded pred cache: /scratch/s223540177/Time-Moe/timerxl/cache_data_finetuned_fixed_timerxl/ETTh2/timerxl/pred_cache.pt
Loaded gt cache: /scratch/s223540177/Time-Moe/timerxl/cache_data_finetuned_fixed_timerxl/ETTh2/timerxl/gt_cache.pt
Caches ready.
1870848
0 - {'mse': tensor(0.3916, device='cuda:0'), 'mae': tensor(0.4265, device='cuda:0')}
Saved final metrics to /home/s223540177/Time-MoE/metric_results_timer_xl/512_96/ETTh2/final_metrics/
=== Running lam=0.1, num_closest_samples=7 ===
Loaded pred cache: /scratch/s223540177/Time-Moe/timerxl/cache_data_finetuned_fixed_timerxl/ETTh2/timerxl/pred_cache.pt
Loaded gt cache: /scratch/s223540177/Time-Moe/timerxl/cache_data_finetuned_fixed_timerxl/ETTh2/timerxl/gt_cache.pt
Caches ready.
1870848
0 - {'mse': tensor(0.4104, device='cuda:0'), 'mae': tensor(0.4279, device='cuda:0')}
Saved final metrics to /home/s223540177/Time-MoE/metric_results_timer_xl/512_96/ETTh2/final_metrics/
=== Running lam=0.1, num_closest_samples=8 ===
Loaded pred cache: /scratch/s223540177/Time-Moe/timerxl/cache_data_finetuned_fixed_timerxl/ETTh2/timerxl/pred_cache.pt
Loaded gt cache: /scratch/s223540177/Time-Moe/timerxl/cache_data_finetuned_fixed_timerxl/ETTh2/timerxl/gt_cache.pt
Caches ready.
1870848
0 - {'mse': tensor(0.4053, device='cuda:0'), 'mae': tensor(0.4217, device='cuda:0')}
Saved final metrics to /home/s223540177/Time-MoE/metric_results_timer_xl/512_96/ETTh2/final_metrics/
=== Running lam=0.1, num_closest_samples=9 ===
Loaded pred cache: /scratch/s223540177/Time-Moe/timerxl/cache_data_finetuned_fixed_timerxl/ETTh2/timerxl/pred_cache.pt
Loaded gt cache: /scratch/s223540177/Time-Moe/timerxl/cache_data_finetuned_fixed_timerxl/ETTh2/timerxl/gt_cache.pt
Caches ready.
1870848
0 - {'mse': tensor(0.4220, device='cuda:0'), 'mae': tensor(0.4312, device='cuda:0')}
Saved final metrics to /home/s223540177/Time-MoE/metric_results_timer_xl/512_96/ETTh2/final_metrics/
=== Running lam=0.1, num_closest_samples=10 ===
Loaded pred cache: /scratch/s223540177/Time-Moe/timerxl/cache_data_finetuned_fixed_timerxl/ETTh2/timerxl/pred_cache.pt
Loaded gt cache: /scratch/s223540177/Time-Moe/timerxl/cache_data_finetuned_fixed_timerxl/ETTh2/timerxl/gt_cache.pt
Caches ready.
1870848
0 - {'mse': tensor(0.4137, device='cuda:0'), 'mae': tensor(0.4231, device='cuda:0')}
Saved final metrics to /home/s223540177/Time-MoE/metric_results_timer_xl/512_96/ETTh2/final_metrics/
=== Running lam=0.1, num_closest_samples=11 ===
Loaded pred cache: /scratch/s223540177/Time-Moe/timerxl/cache_data_finetuned_fixed_timerxl/ETTh2/timerxl/pred_cache.pt
Loaded gt cache: /scratch/s223540177/Time-Moe/timerxl/cache_data_finetuned_fixed_timerxl/ETTh2/timerxl/gt_cache.pt
Caches ready.
1870848
0 - {'mse': tensor(0.3921, device='cuda:0'), 'mae': tensor(0.4204, device='cuda:0')}
Saved final metrics to /home/s223540177/Time-MoE/metric_results_timer_xl/512_96/ETTh2/final_metrics/
=== Running lam=0.1, num_closest_samples=12 ===
Loaded pred cache: /scratch/s223540177/Time-Moe/timerxl/cache_data_finetuned_fixed_timerxl/ETTh2/timerxl/pred_cache.pt
Loaded gt cache: /scratch/s223540177/Time-Moe/timerxl/cache_data_finetuned_fixed_timerxl/ETTh2/timerxl/gt_cache.pt
Caches ready.
1870848
0 - {'mse': tensor(0.3962, device='cuda:0'), 'mae': tensor(0.4201, device='cuda:0')}
Saved final metrics to /home/s223540177/Time-MoE/metric_results_timer_xl/512_96/ETTh2/final_metrics/
=== Running lam=0.1, num_closest_samples=13 ===
Loaded pred cache: /scratch/s223540177/Time-Moe/timerxl/cache_data_finetuned_fixed_timerxl/ETTh2/timerxl/pred_cache.pt
Loaded gt cache: /scratch/s223540177/Time-Moe/timerxl/cache_data_finetuned_fixed_timerxl/ETTh2/timerxl/gt_cache.pt
Caches ready.
1870848
0 - {'mse': tensor(0.4032, device='cuda:0'), 'mae': tensor(0.4233, device='cuda:0')}
Saved final metrics to /home/s223540177/Time-MoE/metric_results_timer_xl/512_96/ETTh2/final_metrics/
=== Running lam=0.1, num_closest_samples=14 ===
Loaded pred cache: /scratch/s223540177/Time-Moe/timerxl/cache_data_finetuned_fixed_timerxl/ETTh2/timerxl/pred_cache.pt
Loaded gt cache: /scratch/s223540177/Time-Moe/timerxl/cache_data_finetuned_fixed_timerxl/ETTh2/timerxl/gt_cache.pt
Caches ready.
1870848
0 - {'mse': tensor(0.4176, device='cuda:0'), 'mae': tensor(0.4348, device='cuda:0')}
Saved final metrics to /home/s223540177/Time-MoE/metric_results_timer_xl/512_96/ETTh2/final_metrics/
=== Running lam=0.1, num_closest_samples=15 ===
Loaded pred cache: /scratch/s223540177/Time-Moe/timerxl/cache_data_finetuned_fixed_timerxl/ETTh2/timerxl/pred_cache.pt
Loaded gt cache: /scratch/s223540177/Time-Moe/timerxl/cache_data_finetuned_fixed_timerxl/ETTh2/timerxl/gt_cache.pt
Caches ready.
1870848
0 - {'mse': tensor(0.4003, device='cuda:0'), 'mae': tensor(0.4253, device='cuda:0')}
Saved final metrics to /home/s223540177/Time-MoE/metric_results_timer_xl/512_96/ETTh2/final_metrics/
=== Running lam=0.1, num_closest_samples=16 ===
Loaded pred cache: /scratch/s223540177/Time-Moe/timerxl/cache_data_finetuned_fixed_timerxl/ETTh2/timerxl/pred_cache.pt
Loaded gt cache: /scratch/s223540177/Time-Moe/timerxl/cache_data_finetuned_fixed_timerxl/ETTh2/timerxl/gt_cache.pt
Caches ready.
1870848
0 - {'mse': tensor(0.4282, device='cuda:0'), 'mae': tensor(0.4392, device='cuda:0')}
Saved final metrics to /home/s223540177/Time-MoE/metric_results_timer_xl/512_96/ETTh2/final_metrics/
