train 5232
val 729
test 1486
test_data:  1486
Iter: 0, mse: 0.0043, rmse: 0.0653, mae: 0.0564
Iter: 1, mse: 0.0066, rmse: 0.0814, mae: 0.0701
Iter: 2, mse: 0.0057, rmse: 0.0754, mae: 0.0621
Iter: 3, mse: 0.0074, rmse: 0.0860, mae: 0.0686
Iter: 4, mse: 0.0129, rmse: 0.1137, mae: 0.0942
Iter: 5, mse: 0.0126, rmse: 0.1121, mae: 0.0936
Iter: 6, mse: 0.0116, rmse: 0.1076, mae: 0.0870
Iter: 7, mse: 0.0154, rmse: 0.1241, mae: 0.1039
Iter: 8, mse: 0.0138, rmse: 0.1174, mae: 0.0977
Iter: 9, mse: 0.0059, rmse: 0.0770, mae: 0.0581
Iter: 10, mse: 0.0042, rmse: 0.0646, mae: 0.0491
Iter: 11, mse: 0.0039, rmse: 0.0624, mae: 0.0505
Iter: 12, mse: 0.0038, rmse: 0.0615, mae: 0.0508
Iter: 13, mse: 0.0039, rmse: 0.0627, mae: 0.0521
Iter: 14, mse: 0.0043, rmse: 0.0655, mae: 0.0504
Iter: 15, mse: 0.0048, rmse: 0.0692, mae: 0.0538
Iter: 16, mse: 0.0054, rmse: 0.0735, mae: 0.0577
Iter: 17, mse: 0.0062, rmse: 0.0788, mae: 0.0627
Iter: 18, mse: 0.0084, rmse: 0.0918, mae: 0.0732
Iter: 19, mse: 0.0120, rmse: 0.1096, mae: 0.0892
Iter: 20, mse: 0.0145, rmse: 0.1203, mae: 0.0975
Iter: 21, mse: 0.0144, rmse: 0.1201, mae: 0.0917
Iter: 22, mse: 0.0154, rmse: 0.1239, mae: 0.0907
Iter: 23, mse: 0.0175, rmse: 0.1324, mae: 0.0987
Iter: 24, mse: 0.0190, rmse: 0.1377, mae: 0.1048
Iter: 25, mse: 0.0191, rmse: 0.1383, mae: 0.1031
Iter: 26, mse: 0.0192, rmse: 0.1384, mae: 0.1030
Iter: 27, mse: 0.0202, rmse: 0.1423, mae: 0.1064
Iter: 28, mse: 0.0206, rmse: 0.1434, mae: 0.1080
Iter: 29, mse: 0.0207, rmse: 0.1439, mae: 0.1094
Iter: 30, mse: 0.0210, rmse: 0.1450, mae: 0.1102
Iter: 31, mse: 0.0219, rmse: 0.1481, mae: 0.1144
Iter: 32, mse: 0.0220, rmse: 0.1484, mae: 0.1151
Iter: 33, mse: 0.0211, rmse: 0.1452, mae: 0.1056
Iter: 34, mse: 0.0212, rmse: 0.1456, mae: 0.1058
Iter: 35, mse: 0.0218, rmse: 0.1478, mae: 0.1090
Iter: 36, mse: 0.0223, rmse: 0.1492, mae: 0.1124
Iter: 37, mse: 0.0229, rmse: 0.1515, mae: 0.1152
Iter: 38, mse: 0.0233, rmse: 0.1528, mae: 0.1198
Iter: 39, mse: 0.0236, rmse: 0.1537, mae: 0.1236
Iter: 40, mse: 0.0241, rmse: 0.1553, mae: 0.1265
Iter: 41, mse: 0.0248, rmse: 0.1574, mae: 0.1309
Iter: 42, mse: 0.0250, rmse: 0.1581, mae: 0.1326
Iter: 43, mse: 0.0248, rmse: 0.1574, mae: 0.1323
Iter: 44, mse: 0.0251, rmse: 0.1585, mae: 0.1353
Iter: 45, mse: 0.0238, rmse: 0.1544, mae: 0.1292
Iter: 46, mse: 0.0228, rmse: 0.1509, mae: 0.1266
Iter: 47, mse: 0.0210, rmse: 0.1448, mae: 0.1212
Iter: 48, mse: 0.0192, rmse: 0.1387, mae: 0.1172
Iter: 49, mse: 0.0170, rmse: 0.1302, mae: 0.1119
Iter: 50, mse: 0.0146, rmse: 0.1209, mae: 0.1052
Iter: 51, mse: 0.0122, rmse: 0.1105, mae: 0.0970
Iter: 52, mse: 0.0121, rmse: 0.1100, mae: 0.0974
Iter: 53, mse: 0.0109, rmse: 0.1043, mae: 0.0893
Iter: 54, mse: 0.0117, rmse: 0.1084, mae: 0.0952
Iter: 55, mse: 0.0132, rmse: 0.1149, mae: 0.1028
Iter: 56, mse: 0.0128, rmse: 0.1132, mae: 0.1029
Iter: 57, mse: 0.0118, rmse: 0.1085, mae: 0.0978
Iter: 58, mse: 0.0125, rmse: 0.1116, mae: 0.1016
Iter: 59, mse: 0.0123, rmse: 0.1110, mae: 0.0978
Iter: 60, mse: 0.0126, rmse: 0.1124, mae: 0.1019
Iter: 61, mse: 0.0130, rmse: 0.1141, mae: 0.1034
Iter: 62, mse: 0.0143, rmse: 0.1197, mae: 0.1104
Iter: 63, mse: 0.0182, rmse: 0.1348, mae: 0.1283
Iter: 64, mse: 0.0174, rmse: 0.1319, mae: 0.1241
Iter: 65, mse: 0.0159, rmse: 0.1259, mae: 0.1188
Iter: 66, mse: 0.0188, rmse: 0.1370, mae: 0.1327
Iter: 67, mse: 0.0141, rmse: 0.1189, mae: 0.1074
Iter: 68, mse: 0.0161, rmse: 0.1267, mae: 0.1177
Iter: 69, mse: 0.0138, rmse: 0.1174, mae: 0.1054
Iter: 70, mse: 0.0153, rmse: 0.1237, mae: 0.1119
Iter: 71, mse: 0.0182, rmse: 0.1348, mae: 0.1267
Iter: 72, mse: 0.0152, rmse: 0.1232, mae: 0.1128
Iter: 73, mse: 0.0152, rmse: 0.1234, mae: 0.1144
Iter: 74, mse: 0.0113, rmse: 0.1062, mae: 0.0918
Iter: 75, mse: 0.0126, rmse: 0.1122, mae: 0.1022
Iter: 76, mse: 0.0107, rmse: 0.1035, mae: 0.0906
Iter: 77, mse: 0.0114, rmse: 0.1068, mae: 0.0940
Iter: 78, mse: 0.0143, rmse: 0.1195, mae: 0.1033
Iter: 79, mse: 0.0152, rmse: 0.1231, mae: 0.1082
Iter: 80, mse: 0.0188, rmse: 0.1369, mae: 0.1183
Iter: 81, mse: 0.0174, rmse: 0.1320, mae: 0.1130
Iter: 82, mse: 0.0149, rmse: 0.1219, mae: 0.1050
Iter: 83, mse: 0.0079, rmse: 0.0887, mae: 0.0728
Iter: 84, mse: 0.0074, rmse: 0.0858, mae: 0.0698
Iter: 85, mse: 0.0110, rmse: 0.1048, mae: 0.0912
Iter: 86, mse: 0.0081, rmse: 0.0901, mae: 0.0752
Iter: 87, mse: 0.0076, rmse: 0.0874, mae: 0.0728
Iter: 88, mse: 0.0076, rmse: 0.0869, mae: 0.0735
Iter: 89, mse: 0.0063, rmse: 0.0793, mae: 0.0638
Iter: 90, mse: 0.0057, rmse: 0.0752, mae: 0.0617
Iter: 91, mse: 0.0059, rmse: 0.0766, mae: 0.0618
Iter: 92, mse: 0.0067, rmse: 0.0818, mae: 0.0675
Iter: 93, mse: 0.0069, rmse: 0.0833, mae: 0.0700
Iter: 94, mse: 0.0072, rmse: 0.0846, mae: 0.0724
Iter: 95, mse: 0.0084, rmse: 0.0915, mae: 0.0769
Iter: 96, mse: 0.0089, rmse: 0.0944, mae: 0.0821
Iter: 97, mse: 0.0106, rmse: 0.1031, mae: 0.0911
Iter: 98, mse: 0.0101, rmse: 0.1005, mae: 0.0894
Iter: 99, mse: 0.0088, rmse: 0.0939, mae: 0.0798
Iter: 100, mse: 0.0096, rmse: 0.0981, mae: 0.0839
Iter: 101, mse: 0.0135, rmse: 0.1164, mae: 0.0995
Iter: 102, mse: 0.0132, rmse: 0.1149, mae: 0.0992
Iter: 103, mse: 0.0141, rmse: 0.1189, mae: 0.1051
Iter: 104, mse: 0.0114, rmse: 0.1066, mae: 0.0948
Iter: 105, mse: 0.0147, rmse: 0.1211, mae: 0.1112
Iter: 106, mse: 0.0120, rmse: 0.1097, mae: 0.0983
Iter: 107, mse: 0.0118, rmse: 0.1085, mae: 0.0976
Iter: 108, mse: 0.0122, rmse: 0.1103, mae: 0.1003
Iter: 109, mse: 0.0123, rmse: 0.1107, mae: 0.1012
Iter: 110, mse: 0.0110, rmse: 0.1050, mae: 0.0915
Iter: 111, mse: 0.0119, rmse: 0.1093, mae: 0.0976
Iter: 112, mse: 0.0128, rmse: 0.1131, mae: 0.0978
Iter: 113, mse: 0.0141, rmse: 0.1186, mae: 0.1038
Iter: 114, mse: 0.0149, rmse: 0.1222, mae: 0.1077
Iter: 115, mse: 0.0156, rmse: 0.1251, mae: 0.1111
Iter: 116, mse: 0.0167, rmse: 0.1293, mae: 0.1160
Iter: 117, mse: 0.0181, rmse: 0.1347, mae: 0.1229
Iter: 118, mse: 0.0167, rmse: 0.1294, mae: 0.1133
Iter: 119, mse: 0.0174, rmse: 0.1318, mae: 0.1152
Iter: 120, mse: 0.0172, rmse: 0.1310, mae: 0.1162
Iter: 121, mse: 0.0171, rmse: 0.1306, mae: 0.1162
Iter: 122, mse: 0.0168, rmse: 0.1298, mae: 0.1159
Iter: 123, mse: 0.0170, rmse: 0.1306, mae: 0.1177
Iter: 124, mse: 0.0149, rmse: 0.1220, mae: 0.1072
Iter: 125, mse: 0.0119, rmse: 0.1091, mae: 0.0913
Iter: 126, mse: 0.0112, rmse: 0.1058, mae: 0.0879
Iter: 127, mse: 0.0084, rmse: 0.0916, mae: 0.0728
Iter: 128, mse: 0.0069, rmse: 0.0832, mae: 0.0637
Iter: 129, mse: 0.0054, rmse: 0.0733, mae: 0.0578
Iter: 130, mse: 0.0063, rmse: 0.0796, mae: 0.0616
Iter: 131, mse: 0.0061, rmse: 0.0778, mae: 0.0621
Iter: 132, mse: 0.0051, rmse: 0.0713, mae: 0.0587
Iter: 133, mse: 0.0045, rmse: 0.0667, mae: 0.0549
Iter: 134, mse: 0.0060, rmse: 0.0775, mae: 0.0609
Iter: 135, mse: 0.0089, rmse: 0.0941, mae: 0.0681
Iter: 136, mse: 0.0108, rmse: 0.1040, mae: 0.0763
Iter: 137, mse: 0.0136, rmse: 0.1164, mae: 0.0856
Iter: 138, mse: 0.0158, rmse: 0.1256, mae: 0.0931
Iter: 139, mse: 0.0171, rmse: 0.1307, mae: 0.1001
Iter: 140, mse: 0.0146, rmse: 0.1208, mae: 0.0891
Iter: 141, mse: 0.0148, rmse: 0.1218, mae: 0.0916
Iter: 142, mse: 0.0139, rmse: 0.1179, mae: 0.0889
Iter: 143, mse: 0.0188, rmse: 0.1370, mae: 0.1121
Iter: 144, mse: 0.0199, rmse: 0.1409, mae: 0.1185
Iter: 145, mse: 0.0252, rmse: 0.1588, mae: 0.1417
Iter: 146, mse: 0.0194, rmse: 0.1394, mae: 0.1162
Iter: 147, mse: 0.0182, rmse: 0.1348, mae: 0.1087
Iter: 148, mse: 0.0176, rmse: 0.1328, mae: 0.1054
Iter: 149, mse: 0.0187, rmse: 0.1367, mae: 0.1086
Iter: 150, mse: 0.0202, rmse: 0.1421, mae: 0.1175
Iter: 151, mse: 0.0191, rmse: 0.1383, mae: 0.1100
Iter: 152, mse: 0.0205, rmse: 0.1430, mae: 0.1164
Iter: 153, mse: 0.0234, rmse: 0.1530, mae: 0.1245
Iter: 154, mse: 0.0264, rmse: 0.1624, mae: 0.1345
Iter: 155, mse: 0.0281, rmse: 0.1677, mae: 0.1400
Iter: 156, mse: 0.0300, rmse: 0.1733, mae: 0.1476
Iter: 157, mse: 0.0337, rmse: 0.1837, mae: 0.1569
Iter: 158, mse: 0.0354, rmse: 0.1883, mae: 0.1635
Iter: 159, mse: 0.0384, rmse: 0.1961, mae: 0.1737
Iter: 160, mse: 0.0404, rmse: 0.2010, mae: 0.1809
Iter: 161, mse: 0.0440, rmse: 0.2099, mae: 0.1910
Iter: 162, mse: 0.0460, rmse: 0.2144, mae: 0.1987
Iter: 163, mse: 0.0470, rmse: 0.2169, mae: 0.2034
Iter: 164, mse: 0.0441, rmse: 0.2099, mae: 0.1950
Iter: 165, mse: 0.0331, rmse: 0.1820, mae: 0.1635
Iter: 166, mse: 0.0208, rmse: 0.1442, mae: 0.1217
Iter: 167, mse: 0.0140, rmse: 0.1183, mae: 0.0922
Iter: 168, mse: 0.0161, rmse: 0.1267, mae: 0.1009
Iter: 169, mse: 0.0138, rmse: 0.1175, mae: 0.1012
Iter: 170, mse: 0.0134, rmse: 0.1157, mae: 0.1044
Iter: 171, mse: 0.0147, rmse: 0.1212, mae: 0.0973
Iter: 172, mse: 0.0179, rmse: 0.1339, mae: 0.1132
Iter: 173, mse: 0.0245, rmse: 0.1564, mae: 0.1284
Iter: 174, mse: 0.0242, rmse: 0.1557, mae: 0.1281
Iter: 175, mse: 0.0253, rmse: 0.1590, mae: 0.1315
Iter: 176, mse: 0.0275, rmse: 0.1657, mae: 0.1373
Iter: 177, mse: 0.0323, rmse: 0.1799, mae: 0.1524
Iter: 178, mse: 0.0358, rmse: 0.1891, mae: 0.1640
Iter: 179, mse: 0.0361, rmse: 0.1900, mae: 0.1649
Iter: 180, mse: 0.0385, rmse: 0.1961, mae: 0.1600
Iter: 181, mse: 0.0446, rmse: 0.2113, mae: 0.1687
Iter: 182, mse: 0.0506, rmse: 0.2250, mae: 0.1851
Iter: 183, mse: 0.0607, rmse: 0.2463, mae: 0.2057
Iter: 184, mse: 0.0649, rmse: 0.2548, mae: 0.2161
Iter: 185, mse: 0.0760, rmse: 0.2756, mae: 0.2312
Iter: 186, mse: 0.0824, rmse: 0.2870, mae: 0.2453
Iter: 187, mse: 0.0888, rmse: 0.2979, mae: 0.2587
Iter: 188, mse: 0.0993, rmse: 0.3151, mae: 0.2765
Iter: 189, mse: 0.1097, rmse: 0.3312, mae: 0.2946
Iter: 190, mse: 0.1209, rmse: 0.3477, mae: 0.3137
Iter: 191, mse: 0.1372, rmse: 0.3704, mae: 0.3408
Iter: 192, mse: 0.1482, rmse: 0.3849, mae: 0.3578
Iter: 193, mse: 0.1505, rmse: 0.3879, mae: 0.3574
Iter: 194, mse: 0.1565, rmse: 0.3955, mae: 0.3636
Iter: 195, mse: 0.1681, rmse: 0.4100, mae: 0.3835
Iter: 196, mse: 0.1668, rmse: 0.4084, mae: 0.3801
Iter: 197, mse: 0.1660, rmse: 0.4074, mae: 0.3827
Iter: 198, mse: 0.1597, rmse: 0.3997, mae: 0.3789
Iter: 199, mse: 0.1666, rmse: 0.4082, mae: 0.3858
Iter: 200, mse: 0.1577, rmse: 0.3971, mae: 0.3735
Iter: 201, mse: 0.1622, rmse: 0.4027, mae: 0.3828
Iter: 202, mse: 0.1575, rmse: 0.3969, mae: 0.3763
Iter: 203, mse: 0.1488, rmse: 0.3858, mae: 0.3487
Iter: 204, mse: 0.1480, rmse: 0.3848, mae: 0.3428
Iter: 205, mse: 0.1462, rmse: 0.3824, mae: 0.3395
Iter: 206, mse: 0.1797, rmse: 0.4239, mae: 0.3908
Iter: 207, mse: 0.1853, rmse: 0.4305, mae: 0.3963
Iter: 208, mse: 0.1643, rmse: 0.4053, mae: 0.3575
Iter: 209, mse: 0.2161, rmse: 0.4649, mae: 0.4263
Iter: 210, mse: 0.1866, rmse: 0.4319, mae: 0.3736
Iter: 211, mse: 0.2051, rmse: 0.4529, mae: 0.3980
Iter: 212, mse: 0.1927, rmse: 0.4389, mae: 0.3635
Iter: 213, mse: 0.1984, rmse: 0.4454, mae: 0.3664
Iter: 214, mse: 0.2070, rmse: 0.4550, mae: 0.3775
Iter: 215, mse: 0.2093, rmse: 0.4575, mae: 0.3915
Iter: 216, mse: 0.2162, rmse: 0.4650, mae: 0.3945
Iter: 217, mse: 0.2141, rmse: 0.4627, mae: 0.3884
Iter: 218, mse: 0.2286, rmse: 0.4781, mae: 0.4217
Iter: 219, mse: 0.2183, rmse: 0.4672, mae: 0.3921
Iter: 220, mse: 0.2122, rmse: 0.4606, mae: 0.3949
Iter: 221, mse: 0.2273, rmse: 0.4768, mae: 0.4273
Iter: 222, mse: 0.2103, rmse: 0.4585, mae: 0.3986
Iter: 223, mse: 0.1980, rmse: 0.4450, mae: 0.3846
Iter: 224, mse: 0.1845, rmse: 0.4295, mae: 0.3709
Iter: 225, mse: 0.1740, rmse: 0.4172, mae: 0.3669
Iter: 226, mse: 0.1647, rmse: 0.4058, mae: 0.3652
Iter: 227, mse: 0.1572, rmse: 0.3965, mae: 0.3600
Iter: 228, mse: 0.1622, rmse: 0.4027, mae: 0.3727
Iter: 229, mse: 0.1743, rmse: 0.4175, mae: 0.3929
Iter: 230, mse: 0.1753, rmse: 0.4187, mae: 0.3966
Iter: 231, mse: 0.1358, rmse: 0.3685, mae: 0.3520
Iter: 232, mse: 0.1074, rmse: 0.3278, mae: 0.3137
Iter: 233, mse: 0.1002, rmse: 0.3166, mae: 0.3070
Iter: 234, mse: 0.1069, rmse: 0.3269, mae: 0.3190
Iter: 235, mse: 0.0594, rmse: 0.2436, mae: 0.2316
Iter: 236, mse: 0.0348, rmse: 0.1865, mae: 0.1722
Iter: 237, mse: 0.0273, rmse: 0.1653, mae: 0.1478
Iter: 238, mse: 0.0211, rmse: 0.1452, mae: 0.1255
Iter: 239, mse: 0.0246, rmse: 0.1568, mae: 0.1397
Iter: 240, mse: 0.0170, rmse: 0.1303, mae: 0.1133
Iter: 241, mse: 0.0098, rmse: 0.0990, mae: 0.0814
Iter: 242, mse: 0.0094, rmse: 0.0968, mae: 0.0788
Iter: 243, mse: 0.0072, rmse: 0.0851, mae: 0.0678
Iter: 244, mse: 0.0100, rmse: 0.1002, mae: 0.0823
Iter: 245, mse: 0.0081, rmse: 0.0901, mae: 0.0732
Iter: 246, mse: 0.0088, rmse: 0.0936, mae: 0.0795
Iter: 247, mse: 0.0112, rmse: 0.1060, mae: 0.0899
Iter: 248, mse: 0.0097, rmse: 0.0984, mae: 0.0798
Iter: 249, mse: 0.0112, rmse: 0.1059, mae: 0.0841
Iter: 250, mse: 0.0145, rmse: 0.1205, mae: 0.0973
Iter: 251, mse: 0.0128, rmse: 0.1130, mae: 0.0921
Iter: 252, mse: 0.0129, rmse: 0.1137, mae: 0.0967
Iter: 253, mse: 0.0145, rmse: 0.1204, mae: 0.1005
Iter: 254, mse: 0.0153, rmse: 0.1237, mae: 0.1047
Iter: 255, mse: 0.0171, rmse: 0.1306, mae: 0.1106
Iter: 256, mse: 0.0205, rmse: 0.1430, mae: 0.1233
Iter: 257, mse: 0.0245, rmse: 0.1565, mae: 0.1372
Iter: 258, mse: 0.0239, rmse: 0.1545, mae: 0.1367
Iter: 259, mse: 0.0207, rmse: 0.1437, mae: 0.1227
Iter: 260, mse: 0.0197, rmse: 0.1402, mae: 0.1196
Iter: 261, mse: 0.0215, rmse: 0.1467, mae: 0.1264
Iter: 262, mse: 0.0216, rmse: 0.1471, mae: 0.1243
Iter: 263, mse: 0.0224, rmse: 0.1498, mae: 0.1282
Iter: 264, mse: 0.0221, rmse: 0.1486, mae: 0.1267
Iter: 265, mse: 0.0208, rmse: 0.1441, mae: 0.1229
Iter: 266, mse: 0.0186, rmse: 0.1363, mae: 0.1176
Iter: 267, mse: 0.0215, rmse: 0.1465, mae: 0.1262
Iter: 268, mse: 0.0173, rmse: 0.1317, mae: 0.1092
Iter: 269, mse: 0.0157, rmse: 0.1252, mae: 0.1040
Iter: 270, mse: 0.0147, rmse: 0.1212, mae: 0.1048
Iter: 271, mse: 0.0152, rmse: 0.1231, mae: 0.1120
Iter: 272, mse: 0.0153, rmse: 0.1238, mae: 0.1101
Iter: 273, mse: 0.0155, rmse: 0.1246, mae: 0.1115
Iter: 274, mse: 0.0170, rmse: 0.1303, mae: 0.1201
Iter: 275, mse: 0.0193, rmse: 0.1391, mae: 0.1210
Iter: 276, mse: 0.0195, rmse: 0.1396, mae: 0.1204
Iter: 277, mse: 0.0208, rmse: 0.1442, mae: 0.1181
Iter: 278, mse: 0.0187, rmse: 0.1367, mae: 0.1157
Iter: 279, mse: 0.0228, rmse: 0.1511, mae: 0.1242
Iter: 280, mse: 0.0169, rmse: 0.1299, mae: 0.1119
Iter: 281, mse: 0.0147, rmse: 0.1213, mae: 0.1071
Iter: 282, mse: 0.0122, rmse: 0.1106, mae: 0.0973
Iter: 283, mse: 0.0127, rmse: 0.1127, mae: 0.0998
Iter: 284, mse: 0.0134, rmse: 0.1156, mae: 0.1034
Iter: 285, mse: 0.0155, rmse: 0.1243, mae: 0.1115
Iter: 286, mse: 0.0179, rmse: 0.1338, mae: 0.1201
Iter: 287, mse: 0.0210, rmse: 0.1449, mae: 0.1302
Iter: 288, mse: 0.0189, rmse: 0.1376, mae: 0.1250
Iter: 289, mse: 0.0213, rmse: 0.1459, mae: 0.1318
Iter: 290, mse: 0.0254, rmse: 0.1595, mae: 0.1413
Iter: 291, mse: 0.0307, rmse: 0.1753, mae: 0.1550
Iter: 292, mse: 0.0390, rmse: 0.1974, mae: 0.1736
Iter: 293, mse: 0.0419, rmse: 0.2046, mae: 0.1771
Iter: 294, mse: 0.0453, rmse: 0.2128, mae: 0.1776
Iter: 295, mse: 0.0515, rmse: 0.2269, mae: 0.1829
Iter: 296, mse: 0.0583, rmse: 0.2414, mae: 0.1934
Iter: 297, mse: 0.0622, rmse: 0.2494, mae: 0.1981
Iter: 298, mse: 0.0679, rmse: 0.2607, mae: 0.2046
Iter: 299, mse: 0.0747, rmse: 0.2732, mae: 0.2185
Iter: 300, mse: 0.0712, rmse: 0.2668, mae: 0.2275
Iter: 301, mse: 0.0807, rmse: 0.2841, mae: 0.2319
Iter: 302, mse: 0.0859, rmse: 0.2931, mae: 0.2424
Iter: 303, mse: 0.0916, rmse: 0.3027, mae: 0.2519
Iter: 304, mse: 0.0994, rmse: 0.3153, mae: 0.2681
Iter: 305, mse: 0.1078, rmse: 0.3284, mae: 0.2869
Iter: 306, mse: 0.1188, rmse: 0.3446, mae: 0.3132
Iter: 307, mse: 0.1097, rmse: 0.3312, mae: 0.2937
Iter: 308, mse: 0.1219, rmse: 0.3491, mae: 0.3235
Iter: 309, mse: 0.1134, rmse: 0.3368, mae: 0.3051
Iter: 310, mse: 0.1248, rmse: 0.3533, mae: 0.3300
Iter: 311, mse: 0.1144, rmse: 0.3383, mae: 0.3083
Iter: 312, mse: 0.1219, rmse: 0.3491, mae: 0.3251
Iter: 313, mse: 0.1265, rmse: 0.3557, mae: 0.3369
Iter: 314, mse: 0.1256, rmse: 0.3544, mae: 0.3362
Iter: 315, mse: 0.1248, rmse: 0.3532, mae: 0.3316
Iter: 316, mse: 0.1254, rmse: 0.3541, mae: 0.3359
Iter: 317, mse: 0.1236, rmse: 0.3516, mae: 0.3304
Iter: 318, mse: 0.1289, rmse: 0.3590, mae: 0.3397
Iter: 319, mse: 0.1286, rmse: 0.3587, mae: 0.3445
Iter: 320, mse: 0.1259, rmse: 0.3548, mae: 0.3415
Iter: 321, mse: 0.1263, rmse: 0.3554, mae: 0.3424
Iter: 322, mse: 0.1145, rmse: 0.3383, mae: 0.3205
Iter: 323, mse: 0.1196, rmse: 0.3459, mae: 0.3307
Iter: 324, mse: 0.1027, rmse: 0.3204, mae: 0.2917
Iter: 325, mse: 0.0976, rmse: 0.3124, mae: 0.2758
Iter: 326, mse: 0.0888, rmse: 0.2980, mae: 0.2624
Iter: 327, mse: 0.0752, rmse: 0.2743, mae: 0.2337
Iter: 328, mse: 0.0629, rmse: 0.2509, mae: 0.2113
Iter: 329, mse: 0.0874, rmse: 0.2956, mae: 0.2697
Iter: 330, mse: 0.0825, rmse: 0.2872, mae: 0.2625
Iter: 331, mse: 0.0732, rmse: 0.2705, mae: 0.2395
Iter: 332, mse: 0.0703, rmse: 0.2651, mae: 0.2361
Iter: 333, mse: 0.0647, rmse: 0.2543, mae: 0.2248
Iter: 334, mse: 0.0573, rmse: 0.2394, mae: 0.2076
Iter: 335, mse: 0.0428, rmse: 0.2069, mae: 0.1733
Iter: 336, mse: 0.0580, rmse: 0.2409, mae: 0.2168
Iter: 337, mse: 0.0438, rmse: 0.2093, mae: 0.1857
Iter: 338, mse: 0.0342, rmse: 0.1848, mae: 0.1588
Iter: 339, mse: 0.0322, rmse: 0.1794, mae: 0.1494
Iter: 340, mse: 0.0270, rmse: 0.1644, mae: 0.1353
Iter: 341, mse: 0.0205, rmse: 0.1432, mae: 0.1134
Iter: 342, mse: 0.0178, rmse: 0.1335, mae: 0.1059
Iter: 343, mse: 0.0192, rmse: 0.1386, mae: 0.1101
Iter: 344, mse: 0.0165, rmse: 0.1283, mae: 0.0965
Iter: 345, mse: 0.0163, rmse: 0.1278, mae: 0.0991
Iter: 346, mse: 0.0142, rmse: 0.1193, mae: 0.0928
Iter: 347, mse: 0.0150, rmse: 0.1223, mae: 0.0962
Iter: 348, mse: 0.0181, rmse: 0.1346, mae: 0.1062
Iter: 349, mse: 0.0160, rmse: 0.1266, mae: 0.0979
Iter: 350, mse: 0.0143, rmse: 0.1195, mae: 0.0891
Iter: 351, mse: 0.0114, rmse: 0.1069, mae: 0.0820
Iter: 352, mse: 0.0061, rmse: 0.0780, mae: 0.0601
Iter: 353, mse: 0.0055, rmse: 0.0745, mae: 0.0610
Iter: 354, mse: 0.0067, rmse: 0.0820, mae: 0.0718
Iter: 355, mse: 0.0066, rmse: 0.0815, mae: 0.0732
Iter: 356, mse: 0.0054, rmse: 0.0737, mae: 0.0682
Iter: 357, mse: 0.0139, rmse: 0.1179, mae: 0.1027
Iter: 358, mse: 0.0049, rmse: 0.0702, mae: 0.0638
Iter: 359, mse: 0.0057, rmse: 0.0753, mae: 0.0690
Iter: 360, mse: 0.0039, rmse: 0.0626, mae: 0.0528
Iter: 361, mse: 0.0058, rmse: 0.0764, mae: 0.0642
Iter: 362, mse: 0.0069, rmse: 0.0833, mae: 0.0693
Iter: 363, mse: 0.0089, rmse: 0.0944, mae: 0.0799
Iter: 364, mse: 0.0082, rmse: 0.0906, mae: 0.0708
Iter: 365, mse: 0.0107, rmse: 0.1036, mae: 0.0818
Iter: 366, mse: 0.0114, rmse: 0.1070, mae: 0.0860
Iter: 367, mse: 0.0117, rmse: 0.1081, mae: 0.0905
Iter: 368, mse: 0.0147, rmse: 0.1214, mae: 0.0998
Iter: 369, mse: 0.0173, rmse: 0.1316, mae: 0.1114
Iter: 370, mse: 0.0180, rmse: 0.1343, mae: 0.1152
Iter: 371, mse: 0.0164, rmse: 0.1279, mae: 0.1108
Iter: 372, mse: 0.0193, rmse: 0.1391, mae: 0.1229
Iter: 373, mse: 0.0181, rmse: 0.1345, mae: 0.1201
Iter: 374, mse: 0.0140, rmse: 0.1184, mae: 0.1001
Iter: 375, mse: 0.0148, rmse: 0.1218, mae: 0.1036
Iter: 376, mse: 0.0166, rmse: 0.1288, mae: 0.1107
Iter: 377, mse: 0.0160, rmse: 0.1265, mae: 0.1095
Iter: 378, mse: 0.0143, rmse: 0.1198, mae: 0.1063
Iter: 379, mse: 0.0154, rmse: 0.1239, mae: 0.1082
Iter: 380, mse: 0.0155, rmse: 0.1246, mae: 0.1084
Iter: 381, mse: 0.0137, rmse: 0.1172, mae: 0.1006
Iter: 382, mse: 0.0130, rmse: 0.1138, mae: 0.0978
Iter: 383, mse: 0.0146, rmse: 0.1207, mae: 0.1055
Iter: 384, mse: 0.0163, rmse: 0.1276, mae: 0.1139
Iter: 385, mse: 0.0163, rmse: 0.1278, mae: 0.1161
Iter: 386, mse: 0.0138, rmse: 0.1173, mae: 0.1073
Iter: 387, mse: 0.0101, rmse: 0.1003, mae: 0.0883
Iter: 388, mse: 0.0083, rmse: 0.0909, mae: 0.0780
Iter: 389, mse: 0.0092, rmse: 0.0960, mae: 0.0839
Iter: 390, mse: 0.0084, rmse: 0.0914, mae: 0.0795
Iter: 391, mse: 0.0076, rmse: 0.0872, mae: 0.0763
Iter: 392, mse: 0.0079, rmse: 0.0891, mae: 0.0790
Iter: 393, mse: 0.0056, rmse: 0.0748, mae: 0.0614
Iter: 394, mse: 0.0051, rmse: 0.0715, mae: 0.0588
Iter: 395, mse: 0.0048, rmse: 0.0696, mae: 0.0580
Iter: 396, mse: 0.0041, rmse: 0.0639, mae: 0.0522
Iter: 397, mse: 0.0040, rmse: 0.0636, mae: 0.0535
Iter: 398, mse: 0.0038, rmse: 0.0614, mae: 0.0514
Iter: 399, mse: 0.0046, rmse: 0.0677, mae: 0.0549
Iter: 400, mse: 0.0037, rmse: 0.0608, mae: 0.0509
Iter: 401, mse: 0.0031, rmse: 0.0561, mae: 0.0465
Iter: 402, mse: 0.0031, rmse: 0.0556, mae: 0.0438
Iter: 403, mse: 0.0027, rmse: 0.0523, mae: 0.0424
Iter: 404, mse: 0.0028, rmse: 0.0527, mae: 0.0429
Iter: 405, mse: 0.0025, rmse: 0.0501, mae: 0.0420
Iter: 406, mse: 0.0031, rmse: 0.0555, mae: 0.0467
Iter: 407, mse: 0.0025, rmse: 0.0502, mae: 0.0438
Iter: 408, mse: 0.0030, rmse: 0.0544, mae: 0.0458
Iter: 409, mse: 0.0037, rmse: 0.0612, mae: 0.0503
Iter: 410, mse: 0.0042, rmse: 0.0647, mae: 0.0539
Iter: 411, mse: 0.0044, rmse: 0.0666, mae: 0.0566
Iter: 412, mse: 0.0044, rmse: 0.0666, mae: 0.0571
Iter: 413, mse: 0.0043, rmse: 0.0659, mae: 0.0560
Iter: 414, mse: 0.0041, rmse: 0.0638, mae: 0.0532
Iter: 415, mse: 0.0040, rmse: 0.0632, mae: 0.0510
Iter: 416, mse: 0.0043, rmse: 0.0655, mae: 0.0552
Iter: 417, mse: 0.0044, rmse: 0.0664, mae: 0.0551
Iter: 418, mse: 0.0046, rmse: 0.0679, mae: 0.0573
Iter: 419, mse: 0.0046, rmse: 0.0677, mae: 0.0570
Iter: 420, mse: 0.0048, rmse: 0.0692, mae: 0.0570
Iter: 421, mse: 0.0051, rmse: 0.0713, mae: 0.0586
Iter: 422, mse: 0.0054, rmse: 0.0732, mae: 0.0587
Iter: 423, mse: 0.0056, rmse: 0.0751, mae: 0.0598
Iter: 424, mse: 0.0063, rmse: 0.0792, mae: 0.0625
Iter: 425, mse: 0.0073, rmse: 0.0852, mae: 0.0704
Iter: 426, mse: 0.0077, rmse: 0.0880, mae: 0.0697
Iter: 427, mse: 0.0087, rmse: 0.0932, mae: 0.0752
Iter: 428, mse: 0.0086, rmse: 0.0926, mae: 0.0781
Iter: 429, mse: 0.0092, rmse: 0.0958, mae: 0.0841
Iter: 430, mse: 0.0092, rmse: 0.0961, mae: 0.0766
Iter: 431, mse: 0.0094, rmse: 0.0968, mae: 0.0782
Iter: 432, mse: 0.0097, rmse: 0.0985, mae: 0.0804
Iter: 433, mse: 0.0112, rmse: 0.1059, mae: 0.0867
Iter: 434, mse: 0.0107, rmse: 0.1033, mae: 0.0854
Iter: 435, mse: 0.0100, rmse: 0.0998, mae: 0.0838
Iter: 436, mse: 0.0115, rmse: 0.1072, mae: 0.0915
Iter: 437, mse: 0.0118, rmse: 0.1087, mae: 0.0921
Iter: 438, mse: 0.0090, rmse: 0.0949, mae: 0.0776
Iter: 439, mse: 0.0081, rmse: 0.0901, mae: 0.0747
Iter: 440, mse: 0.0072, rmse: 0.0850, mae: 0.0653
Iter: 441, mse: 0.0075, rmse: 0.0866, mae: 0.0679
Iter: 442, mse: 0.0079, rmse: 0.0888, mae: 0.0696
Iter: 443, mse: 0.0084, rmse: 0.0917, mae: 0.0728
Iter: 444, mse: 0.0091, rmse: 0.0952, mae: 0.0764
Iter: 445, mse: 0.0094, rmse: 0.0972, mae: 0.0785
Iter: 446, mse: 0.0094, rmse: 0.0969, mae: 0.0798
Iter: 447, mse: 0.0093, rmse: 0.0965, mae: 0.0783
Iter: 448, mse: 0.0090, rmse: 0.0949, mae: 0.0765
Iter: 449, mse: 0.0088, rmse: 0.0936, mae: 0.0765
Iter: 450, mse: 0.0094, rmse: 0.0967, mae: 0.0804
Iter: 451, mse: 0.0093, rmse: 0.0964, mae: 0.0816
Iter: 452, mse: 0.0079, rmse: 0.0889, mae: 0.0733
Iter: 453, mse: 0.0085, rmse: 0.0920, mae: 0.0783
Iter: 454, mse: 0.0089, rmse: 0.0945, mae: 0.0810
Iter: 455, mse: 0.0095, rmse: 0.0977, mae: 0.0845
Iter: 456, mse: 0.0106, rmse: 0.1027, mae: 0.0882
Iter: 457, mse: 0.0089, rmse: 0.0944, mae: 0.0856
Iter: 458, mse: 0.0090, rmse: 0.0951, mae: 0.0863
Iter: 459, mse: 0.0118, rmse: 0.1087, mae: 0.0986
Iter: 460, mse: 0.0193, rmse: 0.1390, mae: 0.1289
Iter: 461, mse: 0.0180, rmse: 0.1343, mae: 0.1238
Iter: 462, mse: 0.0176, rmse: 0.1327, mae: 0.1197
Iter: 463, mse: 0.0194, rmse: 0.1393, mae: 0.1268
Iter: 464, mse: 0.0189, rmse: 0.1376, mae: 0.1200
Iter: 465, mse: 0.0203, rmse: 0.1423, mae: 0.1250
Iter: 466, mse: 0.0214, rmse: 0.1462, mae: 0.1270
Iter: 467, mse: 0.0243, rmse: 0.1560, mae: 0.1352
Iter: 468, mse: 0.0278, rmse: 0.1668, mae: 0.1465
Iter: 469, mse: 0.0278, rmse: 0.1669, mae: 0.1396
Iter: 470, mse: 0.0301, rmse: 0.1734, mae: 0.1472
Iter: 471, mse: 0.0318, rmse: 0.1783, mae: 0.1480
Iter: 472, mse: 0.0341, rmse: 0.1847, mae: 0.1475
Iter: 473, mse: 0.0372, rmse: 0.1928, mae: 0.1523
Iter: 474, mse: 0.0387, rmse: 0.1967, mae: 0.1581
Iter: 475, mse: 0.0401, rmse: 0.2003, mae: 0.1650
Iter: 476, mse: 0.0440, rmse: 0.2098, mae: 0.1764
Iter: 477, mse: 0.0442, rmse: 0.2101, mae: 0.1783
Iter: 478, mse: 0.0479, rmse: 0.2188, mae: 0.1899
Iter: 479, mse: 0.0506, rmse: 0.2249, mae: 0.1987
Iter: 480, mse: 0.0539, rmse: 0.2322, mae: 0.2078
Iter: 481, mse: 0.0587, rmse: 0.2424, mae: 0.2193
Iter: 482, mse: 0.0605, rmse: 0.2459, mae: 0.2204
Iter: 483, mse: 0.0654, rmse: 0.2558, mae: 0.2324
Iter: 484, mse: 0.0727, rmse: 0.2696, mae: 0.2510
Iter: 485, mse: 0.0707, rmse: 0.2658, mae: 0.2412
Iter: 486, mse: 0.0731, rmse: 0.2704, mae: 0.2465
Iter: 487, mse: 0.0721, rmse: 0.2684, mae: 0.2457
Iter: 488, mse: 0.0695, rmse: 0.2636, mae: 0.2427
Iter: 489, mse: 0.0750, rmse: 0.2739, mae: 0.2583
Iter: 490, mse: 0.0731, rmse: 0.2703, mae: 0.2559
Iter: 491, mse: 0.0697, rmse: 0.2641, mae: 0.2489
Iter: 492, mse: 0.0676, rmse: 0.2599, mae: 0.2412
Iter: 493, mse: 0.0717, rmse: 0.2677, mae: 0.2531
Iter: 494, mse: 0.0680, rmse: 0.2608, mae: 0.2444
Iter: 495, mse: 0.0665, rmse: 0.2579, mae: 0.2421
Iter: 496, mse: 0.0685, rmse: 0.2617, mae: 0.2478
Iter: 497, mse: 0.0700, rmse: 0.2645, mae: 0.2504
Iter: 498, mse: 0.0670, rmse: 0.2588, mae: 0.2440
Iter: 499, mse: 0.0593, rmse: 0.2435, mae: 0.2221
Iter: 500, mse: 0.0617, rmse: 0.2485, mae: 0.2317
Iter: 501, mse: 0.0533, rmse: 0.2309, mae: 0.2115
Iter: 502, mse: 0.0512, rmse: 0.2263, mae: 0.2080
Iter: 503, mse: 0.0444, rmse: 0.2108, mae: 0.1906
Iter: 504, mse: 0.0343, rmse: 0.1851, mae: 0.1632
Iter: 505, mse: 0.0303, rmse: 0.1741, mae: 0.1556
Iter: 506, mse: 0.0448, rmse: 0.2116, mae: 0.1986
Iter: 507, mse: 0.0372, rmse: 0.1928, mae: 0.1773
Iter: 508, mse: 0.0367, rmse: 0.1916, mae: 0.1793
Iter: 509, mse: 0.0285, rmse: 0.1688, mae: 0.1577
Iter: 510, mse: 0.0225, rmse: 0.1501, mae: 0.1403
Iter: 511, mse: 0.0134, rmse: 0.1159, mae: 0.1068
Iter: 512, mse: 0.0123, rmse: 0.1109, mae: 0.1017
Iter: 513, mse: 0.0085, rmse: 0.0919, mae: 0.0809
Iter: 514, mse: 0.0085, rmse: 0.0921, mae: 0.0828
Iter: 515, mse: 0.0058, rmse: 0.0764, mae: 0.0657
Iter: 516, mse: 0.0050, rmse: 0.0705, mae: 0.0577
Iter: 517, mse: 0.0052, rmse: 0.0719, mae: 0.0559
Iter: 518, mse: 0.0060, rmse: 0.0778, mae: 0.0595
Iter: 519, mse: 0.0089, rmse: 0.0946, mae: 0.0744
Iter: 520, mse: 0.0118, rmse: 0.1085, mae: 0.0925
Iter: 521, mse: 0.0113, rmse: 0.1065, mae: 0.0805
Iter: 522, mse: 0.0112, rmse: 0.1060, mae: 0.0791
Iter: 523, mse: 0.0109, rmse: 0.1043, mae: 0.0776
Iter: 524, mse: 0.0107, rmse: 0.1034, mae: 0.0786
Iter: 525, mse: 0.0098, rmse: 0.0991, mae: 0.0749
Iter: 526, mse: 0.0090, rmse: 0.0951, mae: 0.0752
Iter: 527, mse: 0.0062, rmse: 0.0785, mae: 0.0605
Iter: 528, mse: 0.0053, rmse: 0.0731, mae: 0.0579
Iter: 529, mse: 0.0059, rmse: 0.0767, mae: 0.0655
Iter: 530, mse: 0.0047, rmse: 0.0683, mae: 0.0581
Iter: 531, mse: 0.0043, rmse: 0.0658, mae: 0.0574
Iter: 532, mse: 0.0039, rmse: 0.0625, mae: 0.0556
Iter: 533, mse: 0.0036, rmse: 0.0603, mae: 0.0525
Iter: 534, mse: 0.0038, rmse: 0.0617, mae: 0.0488
Iter: 535, mse: 0.0034, rmse: 0.0586, mae: 0.0460
Iter: 536, mse: 0.0034, rmse: 0.0583, mae: 0.0462
Iter: 537, mse: 0.0033, rmse: 0.0574, mae: 0.0451
Iter: 538, mse: 0.0033, rmse: 0.0571, mae: 0.0457
Iter: 539, mse: 0.0030, rmse: 0.0547, mae: 0.0459
Iter: 540, mse: 0.0031, rmse: 0.0554, mae: 0.0450
Iter: 541, mse: 0.0035, rmse: 0.0587, mae: 0.0484
Iter: 542, mse: 0.0033, rmse: 0.0577, mae: 0.0489
Iter: 543, mse: 0.0040, rmse: 0.0629, mae: 0.0534
Iter: 544, mse: 0.0045, rmse: 0.0671, mae: 0.0569
Iter: 545, mse: 0.0056, rmse: 0.0746, mae: 0.0641
Iter: 546, mse: 0.0054, rmse: 0.0734, mae: 0.0632
Iter: 547, mse: 0.0052, rmse: 0.0719, mae: 0.0608
Iter: 548, mse: 0.0059, rmse: 0.0767, mae: 0.0646
Iter: 549, mse: 0.0066, rmse: 0.0815, mae: 0.0643
Iter: 550, mse: 0.0080, rmse: 0.0894, mae: 0.0697
Iter: 551, mse: 0.0084, rmse: 0.0916, mae: 0.0719
Iter: 552, mse: 0.0093, rmse: 0.0963, mae: 0.0759
Iter: 553, mse: 0.0111, rmse: 0.1052, mae: 0.0851
Iter: 554, mse: 0.0113, rmse: 0.1065, mae: 0.0857
Iter: 555, mse: 0.0125, rmse: 0.1118, mae: 0.0915
Iter: 556, mse: 0.0123, rmse: 0.1111, mae: 0.0932
Iter: 557, mse: 0.0129, rmse: 0.1138, mae: 0.0956
Iter: 558, mse: 0.0133, rmse: 0.1154, mae: 0.0977
Iter: 559, mse: 0.0135, rmse: 0.1161, mae: 0.0980
Iter: 560, mse: 0.0139, rmse: 0.1181, mae: 0.0993
Iter: 561, mse: 0.0140, rmse: 0.1182, mae: 0.1017
Iter: 562, mse: 0.0140, rmse: 0.1185, mae: 0.1017
Iter: 563, mse: 0.0142, rmse: 0.1192, mae: 0.1032
Iter: 564, mse: 0.0143, rmse: 0.1195, mae: 0.1049
Iter: 565, mse: 0.0144, rmse: 0.1199, mae: 0.1068
Iter: 566, mse: 0.0149, rmse: 0.1223, mae: 0.1100
Iter: 567, mse: 0.0141, rmse: 0.1188, mae: 0.1049
Iter: 568, mse: 0.0137, rmse: 0.1172, mae: 0.1031
Iter: 569, mse: 0.0132, rmse: 0.1149, mae: 0.1017
Iter: 570, mse: 0.0129, rmse: 0.1138, mae: 0.1009
Iter: 571, mse: 0.0126, rmse: 0.1121, mae: 0.1032
Iter: 572, mse: 0.0120, rmse: 0.1097, mae: 0.1023
Iter: 573, mse: 0.0126, rmse: 0.1123, mae: 0.1060
Iter: 574, mse: 0.0117, rmse: 0.1082, mae: 0.1029
Iter: 575, mse: 0.0120, rmse: 0.1094, mae: 0.1014
Iter: 576, mse: 0.0123, rmse: 0.1108, mae: 0.1002
Iter: 577, mse: 0.0141, rmse: 0.1187, mae: 0.1091
Iter: 578, mse: 0.0152, rmse: 0.1232, mae: 0.1123
Iter: 579, mse: 0.0159, rmse: 0.1259, mae: 0.1148
Iter: 580, mse: 0.0179, rmse: 0.1339, mae: 0.1177
Iter: 581, mse: 0.0218, rmse: 0.1477, mae: 0.1312
Iter: 582, mse: 0.0255, rmse: 0.1596, mae: 0.1485
Iter: 583, mse: 0.0197, rmse: 0.1403, mae: 0.1287
Iter: 584, mse: 0.0205, rmse: 0.1432, mae: 0.1315
Iter: 585, mse: 0.0230, rmse: 0.1515, mae: 0.1412
Iter: 586, mse: 0.0313, rmse: 0.1769, mae: 0.1682
Iter: 587, mse: 0.0329, rmse: 0.1813, mae: 0.1760
Iter: 588, mse: 0.0312, rmse: 0.1766, mae: 0.1709
Iter: 589, mse: 0.0306, rmse: 0.1749, mae: 0.1679
Iter: 590, mse: 0.0292, rmse: 0.1710, mae: 0.1572
Iter: 591, mse: 0.0288, rmse: 0.1696, mae: 0.1558
Iter: 592, mse: 0.0285, rmse: 0.1689, mae: 0.1535
Iter: 593, mse: 0.0280, rmse: 0.1673, mae: 0.1521
Iter: 594, mse: 0.0256, rmse: 0.1600, mae: 0.1458
Iter: 595, mse: 0.0269, rmse: 0.1641, mae: 0.1531
Iter: 596, mse: 0.0229, rmse: 0.1514, mae: 0.1386
Iter: 597, mse: 0.0253, rmse: 0.1590, mae: 0.1443
Iter: 598, mse: 0.0267, rmse: 0.1633, mae: 0.1507
Iter: 599, mse: 0.0267, rmse: 0.1635, mae: 0.1521
Iter: 600, mse: 0.0288, rmse: 0.1698, mae: 0.1569
Iter: 601, mse: 0.0262, rmse: 0.1618, mae: 0.1486
Iter: 602, mse: 0.0271, rmse: 0.1646, mae: 0.1517
Iter: 603, mse: 0.0173, rmse: 0.1314, mae: 0.1188
Iter: 604, mse: 0.0148, rmse: 0.1218, mae: 0.1073
Iter: 605, mse: 0.0132, rmse: 0.1150, mae: 0.1008
Iter: 606, mse: 0.0107, rmse: 0.1036, mae: 0.0899
Iter: 607, mse: 0.0096, rmse: 0.0979, mae: 0.0855
Iter: 608, mse: 0.0120, rmse: 0.1097, mae: 0.0991
Iter: 609, mse: 0.0084, rmse: 0.0917, mae: 0.0762
Iter: 610, mse: 0.0093, rmse: 0.0966, mae: 0.0813
Iter: 611, mse: 0.0092, rmse: 0.0960, mae: 0.0819
Iter: 612, mse: 0.0101, rmse: 0.1005, mae: 0.0888
Iter: 613, mse: 0.0107, rmse: 0.1035, mae: 0.0941
Iter: 614, mse: 0.0164, rmse: 0.1281, mae: 0.1065
Iter: 615, mse: 0.0197, rmse: 0.1403, mae: 0.1186
Iter: 616, mse: 0.0228, rmse: 0.1509, mae: 0.1277
Iter: 617, mse: 0.0277, rmse: 0.1665, mae: 0.1429
Iter: 618, mse: 0.0320, rmse: 0.1788, mae: 0.1554
Iter: 619, mse: 0.0366, rmse: 0.1912, mae: 0.1696
Iter: 620, mse: 0.0393, rmse: 0.1983, mae: 0.1787
Iter: 621, mse: 0.0451, rmse: 0.2124, mae: 0.1967
Iter: 622, mse: 0.0445, rmse: 0.2109, mae: 0.1977
Iter: 623, mse: 0.0390, rmse: 0.1974, mae: 0.1828
Iter: 624, mse: 0.0348, rmse: 0.1866, mae: 0.1643
Iter: 625, mse: 0.0373, rmse: 0.1930, mae: 0.1750
Iter: 626, mse: 0.0354, rmse: 0.1882, mae: 0.1713
Iter: 627, mse: 0.0390, rmse: 0.1976, mae: 0.1827
Iter: 628, mse: 0.0465, rmse: 0.2158, mae: 0.2049
Iter: 629, mse: 0.0475, rmse: 0.2180, mae: 0.2080
Iter: 630, mse: 0.0420, rmse: 0.2049, mae: 0.1953
Iter: 631, mse: 0.0585, rmse: 0.2418, mae: 0.2360
Iter: 632, mse: 0.0510, rmse: 0.2259, mae: 0.2093
Iter: 633, mse: 0.0524, rmse: 0.2289, mae: 0.2117
Iter: 634, mse: 0.0534, rmse: 0.2310, mae: 0.2147
Iter: 635, mse: 0.0560, rmse: 0.2367, mae: 0.2213
Iter: 636, mse: 0.0586, rmse: 0.2422, mae: 0.2281
Iter: 637, mse: 0.0556, rmse: 0.2357, mae: 0.2139
Iter: 638, mse: 0.0514, rmse: 0.2266, mae: 0.2016
Iter: 639, mse: 0.0526, rmse: 0.2293, mae: 0.2055
Iter: 640, mse: 0.0548, rmse: 0.2341, mae: 0.2108
Iter: 641, mse: 0.0564, rmse: 0.2375, mae: 0.2130
Iter: 642, mse: 0.0568, rmse: 0.2383, mae: 0.2130
Iter: 643, mse: 0.0589, rmse: 0.2428, mae: 0.2139
Iter: 644, mse: 0.0504, rmse: 0.2245, mae: 0.1860
Iter: 645, mse: 0.0547, rmse: 0.2340, mae: 0.2004
Iter: 646, mse: 0.0677, rmse: 0.2601, mae: 0.2156
Iter: 647, mse: 0.0721, rmse: 0.2686, mae: 0.2163
Iter: 648, mse: 0.0825, rmse: 0.2872, mae: 0.2273
Iter: 649, mse: 0.0819, rmse: 0.2862, mae: 0.2328
Iter: 650, mse: 0.0987, rmse: 0.3141, mae: 0.2511
Iter: 651, mse: 0.0828, rmse: 0.2878, mae: 0.2300
Iter: 652, mse: 0.0960, rmse: 0.3099, mae: 0.2533
Iter: 653, mse: 0.1011, rmse: 0.3179, mae: 0.2666
Iter: 654, mse: 0.1003, rmse: 0.3167, mae: 0.2703
Iter: 655, mse: 0.1029, rmse: 0.3207, mae: 0.2760
Iter: 656, mse: 0.1054, rmse: 0.3247, mae: 0.2733
Iter: 657, mse: 0.1057, rmse: 0.3251, mae: 0.2785
Iter: 658, mse: 0.1074, rmse: 0.3277, mae: 0.2735
Iter: 659, mse: 0.0918, rmse: 0.3031, mae: 0.2562
Iter: 660, mse: 0.1035, rmse: 0.3217, mae: 0.2752
Iter: 661, mse: 0.1274, rmse: 0.3569, mae: 0.2933
Iter: 662, mse: 0.1477, rmse: 0.3843, mae: 0.3228
Iter: 663, mse: 0.1168, rmse: 0.3417, mae: 0.2727
Iter: 664, mse: 0.1263, rmse: 0.3553, mae: 0.2832
Iter: 665, mse: 0.1555, rmse: 0.3943, mae: 0.3316
Iter: 666, mse: 0.1563, rmse: 0.3953, mae: 0.3248
Iter: 667, mse: 0.1653, rmse: 0.4066, mae: 0.3340
Iter: 668, mse: 0.1794, rmse: 0.4235, mae: 0.3524
Iter: 669, mse: 0.1894, rmse: 0.4352, mae: 0.3654
Iter: 670, mse: 0.2163, rmse: 0.4650, mae: 0.4043
Iter: 671, mse: 0.1971, rmse: 0.4440, mae: 0.3696
Iter: 672, mse: 0.2078, rmse: 0.4559, mae: 0.3925
Iter: 673, mse: 0.2088, rmse: 0.4570, mae: 0.3938
Iter: 674, mse: 0.2273, rmse: 0.4767, mae: 0.4225
Iter: 675, mse: 0.2356, rmse: 0.4853, mae: 0.4357
Iter: 676, mse: 0.2220, rmse: 0.4712, mae: 0.4202
Iter: 677, mse: 0.2243, rmse: 0.4736, mae: 0.4195
Iter: 678, mse: 0.2283, rmse: 0.4779, mae: 0.4311
Iter: 679, mse: 0.2075, rmse: 0.4556, mae: 0.4035
Iter: 680, mse: 0.1973, rmse: 0.4442, mae: 0.3928
Iter: 681, mse: 0.1914, rmse: 0.4375, mae: 0.3884
Iter: 682, mse: 0.1900, rmse: 0.4358, mae: 0.3924
Iter: 683, mse: 0.1993, rmse: 0.4465, mae: 0.4134
Iter: 684, mse: 0.1715, rmse: 0.4141, mae: 0.3845
Iter: 685, mse: 0.1670, rmse: 0.4087, mae: 0.3782
Iter: 686, mse: 0.1529, rmse: 0.3910, mae: 0.3636
Iter: 687, mse: 0.1368, rmse: 0.3698, mae: 0.3474
Iter: 688, mse: 0.1589, rmse: 0.3986, mae: 0.3795
Iter: 689, mse: 0.1605, rmse: 0.4007, mae: 0.3866
Iter: 690, mse: 0.1423, rmse: 0.3773, mae: 0.3676
Iter: 691, mse: 0.1216, rmse: 0.3487, mae: 0.3411
Iter: 692, mse: 0.1233, rmse: 0.3511, mae: 0.3366
Iter: 693, mse: 0.0995, rmse: 0.3154, mae: 0.3041
Iter: 694, mse: 0.0746, rmse: 0.2730, mae: 0.2634
Iter: 695, mse: 0.0620, rmse: 0.2490, mae: 0.2402
Iter: 696, mse: 0.0435, rmse: 0.2085, mae: 0.1854
Iter: 697, mse: 0.0452, rmse: 0.2126, mae: 0.1970
Iter: 698, mse: 0.0419, rmse: 0.2047, mae: 0.1830
Iter: 699, mse: 0.0322, rmse: 0.1793, mae: 0.1382
Iter: 700, mse: 0.0551, rmse: 0.2346, mae: 0.1743
Iter: 701, mse: 0.0684, rmse: 0.2616, mae: 0.1959
Iter: 702, mse: 0.0800, rmse: 0.2829, mae: 0.2133
Iter: 703, mse: 0.0662, rmse: 0.2572, mae: 0.2122
Iter: 704, mse: 0.0730, rmse: 0.2701, mae: 0.2103
Iter: 705, mse: 0.0875, rmse: 0.2958, mae: 0.2185
Iter: 706, mse: 0.1005, rmse: 0.3170, mae: 0.2438
Iter: 707, mse: 0.0950, rmse: 0.3082, mae: 0.2349
Iter: 708, mse: 0.0878, rmse: 0.2963, mae: 0.2348
Iter: 709, mse: 0.0746, rmse: 0.2731, mae: 0.2187
Iter: 710, mse: 0.0805, rmse: 0.2837, mae: 0.2277
Iter: 711, mse: 0.0695, rmse: 0.2636, mae: 0.2157
Iter: 712, mse: 0.0738, rmse: 0.2717, mae: 0.2402
Iter: 713, mse: 0.0662, rmse: 0.2573, mae: 0.2218
Iter: 714, mse: 0.0639, rmse: 0.2527, mae: 0.2155
Iter: 715, mse: 0.0524, rmse: 0.2289, mae: 0.1991
Iter: 716, mse: 0.0468, rmse: 0.2163, mae: 0.1917
Iter: 717, mse: 0.0432, rmse: 0.2079, mae: 0.1908
Iter: 718, mse: 0.0464, rmse: 0.2154, mae: 0.1995
Iter: 719, mse: 0.0340, rmse: 0.1843, mae: 0.1683
Iter: 720, mse: 0.0184, rmse: 0.1358, mae: 0.1177
Iter: 721, mse: 0.0207, rmse: 0.1440, mae: 0.1266
Iter: 722, mse: 0.0162, rmse: 0.1272, mae: 0.1109
Iter: 723, mse: 0.0155, rmse: 0.1244, mae: 0.1076
Iter: 724, mse: 0.0164, rmse: 0.1281, mae: 0.1093
Iter: 725, mse: 0.0181, rmse: 0.1345, mae: 0.1166
Iter: 726, mse: 0.0207, rmse: 0.1439, mae: 0.1250
Iter: 727, mse: 0.0098, rmse: 0.0989, mae: 0.0817
Iter: 728, mse: 0.0063, rmse: 0.0793, mae: 0.0664
Iter: 729, mse: 0.0092, rmse: 0.0958, mae: 0.0809
Iter: 730, mse: 0.0055, rmse: 0.0738, mae: 0.0627
Iter: 731, mse: 0.0080, rmse: 0.0893, mae: 0.0736
Iter: 732, mse: 0.0084, rmse: 0.0919, mae: 0.0742
Iter: 733, mse: 0.0089, rmse: 0.0941, mae: 0.0748
Iter: 734, mse: 0.0096, rmse: 0.0980, mae: 0.0755
Iter: 735, mse: 0.0069, rmse: 0.0829, mae: 0.0637
Iter: 736, mse: 0.0077, rmse: 0.0879, mae: 0.0693
Iter: 737, mse: 0.0080, rmse: 0.0896, mae: 0.0721
Iter: 738, mse: 0.0098, rmse: 0.0992, mae: 0.0805
Iter: 739, mse: 0.0090, rmse: 0.0947, mae: 0.0791
Iter: 740, mse: 0.0071, rmse: 0.0845, mae: 0.0667
Iter: 741, mse: 0.0070, rmse: 0.0838, mae: 0.0664
Iter: 742, mse: 0.0071, rmse: 0.0840, mae: 0.0653
Iter: 743, mse: 0.0068, rmse: 0.0824, mae: 0.0641
Iter: 744, mse: 0.0082, rmse: 0.0905, mae: 0.0704
Iter: 745, mse: 0.0089, rmse: 0.0943, mae: 0.0739
Iter: 746, mse: 0.0097, rmse: 0.0983, mae: 0.0804
Iter: 747, mse: 0.0084, rmse: 0.0915, mae: 0.0757
Iter: 748, mse: 0.0090, rmse: 0.0947, mae: 0.0794
Iter: 749, mse: 0.0102, rmse: 0.1009, mae: 0.0845
Iter: 750, mse: 0.0111, rmse: 0.1053, mae: 0.0901
Iter: 751, mse: 0.0122, rmse: 0.1104, mae: 0.0968
Iter: 752, mse: 0.0116, rmse: 0.1076, mae: 0.0948
Iter: 753, mse: 0.0117, rmse: 0.1083, mae: 0.0985
Iter: 754, mse: 0.0133, rmse: 0.1154, mae: 0.1052
Iter: 755, mse: 0.0128, rmse: 0.1130, mae: 0.1030
Iter: 756, mse: 0.0122, rmse: 0.1107, mae: 0.1001
Iter: 757, mse: 0.0135, rmse: 0.1163, mae: 0.1072
Iter: 758, mse: 0.0139, rmse: 0.1180, mae: 0.1100
Iter: 759, mse: 0.0174, rmse: 0.1320, mae: 0.1257
Iter: 760, mse: 0.0131, rmse: 0.1142, mae: 0.1056
Iter: 761, mse: 0.0123, rmse: 0.1108, mae: 0.1030
Iter: 762, mse: 0.0130, rmse: 0.1141, mae: 0.1066
Iter: 763, mse: 0.0087, rmse: 0.0930, mae: 0.0839
Iter: 764, mse: 0.0070, rmse: 0.0835, mae: 0.0720
Iter: 765, mse: 0.0054, rmse: 0.0738, mae: 0.0624
Iter: 766, mse: 0.0046, rmse: 0.0675, mae: 0.0555
Iter: 767, mse: 0.0045, rmse: 0.0668, mae: 0.0558
Iter: 768, mse: 0.0041, rmse: 0.0639, mae: 0.0545
Iter: 769, mse: 0.0052, rmse: 0.0723, mae: 0.0626
Iter: 770, mse: 0.0049, rmse: 0.0697, mae: 0.0590
Iter: 771, mse: 0.0046, rmse: 0.0675, mae: 0.0580
Iter: 772, mse: 0.0039, rmse: 0.0623, mae: 0.0537
Iter: 773, mse: 0.0036, rmse: 0.0598, mae: 0.0501
Iter: 774, mse: 0.0044, rmse: 0.0662, mae: 0.0568
Iter: 775, mse: 0.0071, rmse: 0.0845, mae: 0.0641
Iter: 776, mse: 0.0097, rmse: 0.0985, mae: 0.0731
Iter: 777, mse: 0.0133, rmse: 0.1154, mae: 0.0806
Iter: 778, mse: 0.0175, rmse: 0.1324, mae: 0.0911
Iter: 779, mse: 0.0182, rmse: 0.1351, mae: 0.0873
Iter: 780, mse: 0.0252, rmse: 0.1586, mae: 0.1061
Iter: 781, mse: 0.0284, rmse: 0.1684, mae: 0.1122
Iter: 782, mse: 0.0316, rmse: 0.1776, mae: 0.1206
Iter: 783, mse: 0.0395, rmse: 0.1986, mae: 0.1310
Iter: 784, mse: 0.0508, rmse: 0.2254, mae: 0.1525
Iter: 785, mse: 0.0597, rmse: 0.2442, mae: 0.1648
Iter: 786, mse: 0.0688, rmse: 0.2622, mae: 0.1794
Iter: 787, mse: 0.0793, rmse: 0.2817, mae: 0.2009
Iter: 788, mse: 0.0884, rmse: 0.2972, mae: 0.2244
Iter: 789, mse: 0.0900, rmse: 0.3000, mae: 0.2196
Iter: 790, mse: 0.0939, rmse: 0.3065, mae: 0.2271
Iter: 791, mse: 0.0960, rmse: 0.3099, mae: 0.2364
Iter: 792, mse: 0.1036, rmse: 0.3219, mae: 0.2493
Iter: 793, mse: 0.1060, rmse: 0.3256, mae: 0.2581
Iter: 794, mse: 0.1114, rmse: 0.3338, mae: 0.2698
Iter: 795, mse: 0.1155, rmse: 0.3399, mae: 0.2826
Iter: 796, mse: 0.1240, rmse: 0.3521, mae: 0.2973
Iter: 797, mse: 0.1285, rmse: 0.3585, mae: 0.3085
Iter: 798, mse: 0.1261, rmse: 0.3552, mae: 0.3064
Iter: 799, mse: 0.1266, rmse: 0.3558, mae: 0.3111
Iter: 800, mse: 0.1281, rmse: 0.3579, mae: 0.3191
Iter: 801, mse: 0.1309, rmse: 0.3618, mae: 0.3262
Iter: 802, mse: 0.1314, rmse: 0.3625, mae: 0.3324
Iter: 803, mse: 0.1336, rmse: 0.3655, mae: 0.3401
Iter: 804, mse: 0.1350, rmse: 0.3675, mae: 0.3468
Iter: 805, mse: 0.1357, rmse: 0.3684, mae: 0.3522
Iter: 806, mse: 0.1335, rmse: 0.3653, mae: 0.3507
Iter: 807, mse: 0.1281, rmse: 0.3579, mae: 0.3428
Iter: 808, mse: 0.1198, rmse: 0.3461, mae: 0.3311
Iter: 809, mse: 0.1068, rmse: 0.3269, mae: 0.3095
Iter: 810, mse: 0.0938, rmse: 0.3062, mae: 0.2880
Iter: 811, mse: 0.0823, rmse: 0.2868, mae: 0.2688
Iter: 812, mse: 0.0655, rmse: 0.2559, mae: 0.2390
Iter: 813, mse: 0.0700, rmse: 0.2646, mae: 0.2486
Iter: 814, mse: 0.0488, rmse: 0.2210, mae: 0.2103
Iter: 815, mse: 0.0319, rmse: 0.1786, mae: 0.1703
Iter: 816, mse: 0.0204, rmse: 0.1428, mae: 0.1378
Iter: 817, mse: 0.0084, rmse: 0.0914, mae: 0.0860
Iter: 818, mse: 0.0036, rmse: 0.0600, mae: 0.0477
Iter: 819, mse: 0.0057, rmse: 0.0757, mae: 0.0502
Iter: 820, mse: 0.0065, rmse: 0.0805, mae: 0.0494
Iter: 821, mse: 0.0106, rmse: 0.1028, mae: 0.0708
Iter: 822, mse: 0.0113, rmse: 0.1061, mae: 0.0643
Iter: 823, mse: 0.0152, rmse: 0.1235, mae: 0.0708
Iter: 824, mse: 0.0227, rmse: 0.1507, mae: 0.0957
Iter: 825, mse: 0.0283, rmse: 0.1683, mae: 0.1205
Iter: 826, mse: 0.0290, rmse: 0.1702, mae: 0.1111
Iter: 827, mse: 0.0403, rmse: 0.2008, mae: 0.1430
Iter: 828, mse: 0.0344, rmse: 0.1853, mae: 0.1412
Iter: 829, mse: 0.0309, rmse: 0.1759, mae: 0.1189
Iter: 830, mse: 0.0332, rmse: 0.1822, mae: 0.1263
Iter: 831, mse: 0.0346, rmse: 0.1861, mae: 0.1358
Iter: 832, mse: 0.0294, rmse: 0.1715, mae: 0.1423
Iter: 833, mse: 0.0274, rmse: 0.1655, mae: 0.1162
Iter: 834, mse: 0.0273, rmse: 0.1652, mae: 0.1159
Iter: 835, mse: 0.0252, rmse: 0.1589, mae: 0.1134
Iter: 836, mse: 0.0239, rmse: 0.1545, mae: 0.1178
Iter: 837, mse: 0.0226, rmse: 0.1503, mae: 0.1121
Iter: 838, mse: 0.0207, rmse: 0.1440, mae: 0.1125
Iter: 839, mse: 0.0196, rmse: 0.1399, mae: 0.1124
Iter: 840, mse: 0.0203, rmse: 0.1426, mae: 0.1122
Iter: 841, mse: 0.0179, rmse: 0.1336, mae: 0.1193
Iter: 842, mse: 0.0206, rmse: 0.1434, mae: 0.1152
Iter: 843, mse: 0.0198, rmse: 0.1406, mae: 0.1144
Iter: 844, mse: 0.0202, rmse: 0.1423, mae: 0.1182
Iter: 845, mse: 0.0214, rmse: 0.1463, mae: 0.1226
Iter: 846, mse: 0.0208, rmse: 0.1442, mae: 0.1212
Iter: 847, mse: 0.0181, rmse: 0.1346, mae: 0.1168
Iter: 848, mse: 0.0229, rmse: 0.1515, mae: 0.1281
Iter: 849, mse: 0.0250, rmse: 0.1580, mae: 0.1348
Iter: 850, mse: 0.0163, rmse: 0.1275, mae: 0.1144
Iter: 851, mse: 0.0127, rmse: 0.1125, mae: 0.0988
Iter: 852, mse: 0.0135, rmse: 0.1163, mae: 0.1020
Iter: 853, mse: 0.0146, rmse: 0.1208, mae: 0.1077
Iter: 854, mse: 0.0155, rmse: 0.1246, mae: 0.1130
Iter: 855, mse: 0.0173, rmse: 0.1317, mae: 0.1131
Iter: 856, mse: 0.0228, rmse: 0.1509, mae: 0.1345
Iter: 857, mse: 0.0170, rmse: 0.1305, mae: 0.1153
Iter: 858, mse: 0.0198, rmse: 0.1408, mae: 0.1218
Iter: 859, mse: 0.0201, rmse: 0.1418, mae: 0.1250
Iter: 860, mse: 0.0237, rmse: 0.1540, mae: 0.1374
Iter: 861, mse: 0.0232, rmse: 0.1524, mae: 0.1368
Iter: 862, mse: 0.0290, rmse: 0.1702, mae: 0.1471
Iter: 863, mse: 0.0283, rmse: 0.1684, mae: 0.1466
Iter: 864, mse: 0.0277, rmse: 0.1665, mae: 0.1519
Iter: 865, mse: 0.0216, rmse: 0.1470, mae: 0.1313
Iter: 866, mse: 0.0201, rmse: 0.1417, mae: 0.1228
Iter: 867, mse: 0.0172, rmse: 0.1312, mae: 0.1117
Iter: 868, mse: 0.0148, rmse: 0.1215, mae: 0.0993
Iter: 869, mse: 0.0141, rmse: 0.1186, mae: 0.0954
Iter: 870, mse: 0.0140, rmse: 0.1181, mae: 0.0964
Iter: 871, mse: 0.0151, rmse: 0.1230, mae: 0.1024
Iter: 872, mse: 0.0170, rmse: 0.1305, mae: 0.1091
Iter: 873, mse: 0.0185, rmse: 0.1362, mae: 0.1146
Iter: 874, mse: 0.0173, rmse: 0.1317, mae: 0.1128
Iter: 875, mse: 0.0197, rmse: 0.1403, mae: 0.1205
Iter: 876, mse: 0.0196, rmse: 0.1400, mae: 0.1223
Iter: 877, mse: 0.0190, rmse: 0.1380, mae: 0.1204
Iter: 878, mse: 0.0186, rmse: 0.1364, mae: 0.1194
Iter: 879, mse: 0.0137, rmse: 0.1172, mae: 0.0945
Iter: 880, mse: 0.0134, rmse: 0.1156, mae: 0.0924
Iter: 881, mse: 0.0128, rmse: 0.1130, mae: 0.0885
Iter: 882, mse: 0.0123, rmse: 0.1111, mae: 0.0878
Iter: 883, mse: 0.0143, rmse: 0.1197, mae: 0.1002
Iter: 884, mse: 0.0125, rmse: 0.1119, mae: 0.0889
Iter: 885, mse: 0.0139, rmse: 0.1178, mae: 0.0958
Iter: 886, mse: 0.0153, rmse: 0.1235, mae: 0.1026
Iter: 887, mse: 0.0150, rmse: 0.1226, mae: 0.1031
Iter: 888, mse: 0.0148, rmse: 0.1218, mae: 0.1050
Iter: 889, mse: 0.0197, rmse: 0.1403, mae: 0.1165
Iter: 890, mse: 0.0149, rmse: 0.1220, mae: 0.1001
Iter: 891, mse: 0.0122, rmse: 0.1103, mae: 0.0898
Iter: 892, mse: 0.0106, rmse: 0.1030, mae: 0.0845
Iter: 893, mse: 0.0113, rmse: 0.1063, mae: 0.0873
Iter: 894, mse: 0.0119, rmse: 0.1090, mae: 0.0876
Iter: 895, mse: 0.0139, rmse: 0.1179, mae: 0.0956
Iter: 896, mse: 0.0164, rmse: 0.1280, mae: 0.1092
Iter: 897, mse: 0.0160, rmse: 0.1264, mae: 0.1006
Iter: 898, mse: 0.0181, rmse: 0.1345, mae: 0.1067
Iter: 899, mse: 0.0194, rmse: 0.1393, mae: 0.1158
Iter: 900, mse: 0.0229, rmse: 0.1514, mae: 0.1237
Iter: 901, mse: 0.0264, rmse: 0.1624, mae: 0.1334
Iter: 902, mse: 0.0321, rmse: 0.1791, mae: 0.1492
Iter: 903, mse: 0.0410, rmse: 0.2025, mae: 0.1693
Iter: 904, mse: 0.0527, rmse: 0.2295, mae: 0.1960
Iter: 905, mse: 0.0667, rmse: 0.2582, mae: 0.2275
Iter: 906, mse: 0.0680, rmse: 0.2608, mae: 0.2208
Iter: 907, mse: 0.0710, rmse: 0.2664, mae: 0.2243
Iter: 908, mse: 0.0791, rmse: 0.2813, mae: 0.2393
Iter: 909, mse: 0.0911, rmse: 0.3018, mae: 0.2623
Iter: 910, mse: 0.1043, rmse: 0.3230, mae: 0.2831
Iter: 911, mse: 0.1155, rmse: 0.3399, mae: 0.3010
Iter: 912, mse: 0.1280, rmse: 0.3578, mae: 0.3172
Iter: 913, mse: 0.1412, rmse: 0.3758, mae: 0.3386
Iter: 914, mse: 0.1462, rmse: 0.3824, mae: 0.3489
Iter: 915, mse: 0.1357, rmse: 0.3684, mae: 0.3338
Iter: 916, mse: 0.1362, rmse: 0.3690, mae: 0.3334
Iter: 917, mse: 0.1410, rmse: 0.3755, mae: 0.3328
Iter: 918, mse: 0.1343, rmse: 0.3664, mae: 0.3234
Iter: 919, mse: 0.1554, rmse: 0.3942, mae: 0.3559
Iter: 920, mse: 0.1585, rmse: 0.3982, mae: 0.3635
Iter: 921, mse: 0.1595, rmse: 0.3994, mae: 0.3672
Iter: 922, mse: 0.1731, rmse: 0.4161, mae: 0.3858
Iter: 923, mse: 0.1862, rmse: 0.4315, mae: 0.4052
Iter: 924, mse: 0.1976, rmse: 0.4445, mae: 0.4157
Iter: 925, mse: 0.1921, rmse: 0.4382, mae: 0.4103
Iter: 926, mse: 0.1593, rmse: 0.3991, mae: 0.3673
Iter: 927, mse: 0.1741, rmse: 0.4173, mae: 0.3853
Iter: 928, mse: 0.1875, rmse: 0.4330, mae: 0.3950
Iter: 929, mse: 0.1779, rmse: 0.4218, mae: 0.3877
Iter: 930, mse: 0.1927, rmse: 0.4390, mae: 0.4076
Iter: 931, mse: 0.1741, rmse: 0.4173, mae: 0.3845
Iter: 932, mse: 0.1966, rmse: 0.4434, mae: 0.3995
Iter: 933, mse: 0.2172, rmse: 0.4660, mae: 0.4225
Iter: 934, mse: 0.2102, rmse: 0.4585, mae: 0.4227
Iter: 935, mse: 0.2054, rmse: 0.4532, mae: 0.4098
Iter: 936, mse: 0.2022, rmse: 0.4496, mae: 0.4074
Iter: 937, mse: 0.2103, rmse: 0.4586, mae: 0.4095
Iter: 938, mse: 0.2115, rmse: 0.4599, mae: 0.4030
Iter: 939, mse: 0.2526, rmse: 0.5026, mae: 0.4596
Iter: 940, mse: 0.2717, rmse: 0.5212, mae: 0.4602
Iter: 941, mse: 0.2802, rmse: 0.5294, mae: 0.4604
Iter: 942, mse: 0.2130, rmse: 0.4615, mae: 0.3997
Iter: 943, mse: 0.2547, rmse: 0.5047, mae: 0.4378
Iter: 944, mse: 0.2883, rmse: 0.5369, mae: 0.4612
Iter: 945, mse: 0.2641, rmse: 0.5139, mae: 0.4582
Iter: 946, mse: 0.2637, rmse: 0.5135, mae: 0.4661
Iter: 947, mse: 0.2876, rmse: 0.5363, mae: 0.5063
Iter: 948, mse: 0.2550, rmse: 0.5050, mae: 0.4507
Iter: 949, mse: 0.2506, rmse: 0.5006, mae: 0.4519
Iter: 950, mse: 0.2626, rmse: 0.5124, mae: 0.4600
Iter: 951, mse: 0.2587, rmse: 0.5086, mae: 0.4545
Iter: 952, mse: 0.2922, rmse: 0.5406, mae: 0.4897
Iter: 953, mse: 0.2819, rmse: 0.5309, mae: 0.4730
Iter: 954, mse: 0.2556, rmse: 0.5056, mae: 0.4455
Iter: 955, mse: 0.2408, rmse: 0.4907, mae: 0.4393
Iter: 956, mse: 0.2272, rmse: 0.4767, mae: 0.4196
Iter: 957, mse: 0.2414, rmse: 0.4914, mae: 0.4384
Iter: 958, mse: 0.2328, rmse: 0.4825, mae: 0.4326
Iter: 959, mse: 0.2093, rmse: 0.4575, mae: 0.4055
Iter: 960, mse: 0.2180, rmse: 0.4669, mae: 0.4166
Iter: 961, mse: 0.2289, rmse: 0.4785, mae: 0.4344
Iter: 962, mse: 0.2271, rmse: 0.4765, mae: 0.4436
Iter: 963, mse: 0.2000, rmse: 0.4473, mae: 0.4099
Iter: 964, mse: 0.1796, rmse: 0.4237, mae: 0.3929
Iter: 965, mse: 0.1717, rmse: 0.4144, mae: 0.3851
Iter: 966, mse: 0.1711, rmse: 0.4136, mae: 0.3896
Iter: 967, mse: 0.1217, rmse: 0.3488, mae: 0.3190
Iter: 968, mse: 0.1331, rmse: 0.3648, mae: 0.3342
Iter: 969, mse: 0.1327, rmse: 0.3643, mae: 0.3323
Iter: 970, mse: 0.0981, rmse: 0.3133, mae: 0.2787
Iter: 971, mse: 0.0950, rmse: 0.3083, mae: 0.2730
Iter: 972, mse: 0.1062, rmse: 0.3259, mae: 0.2859
Iter: 973, mse: 0.1130, rmse: 0.3362, mae: 0.2947
Iter: 974, mse: 0.0745, rmse: 0.2729, mae: 0.2376
Iter: 975, mse: 0.1061, rmse: 0.3257, mae: 0.2952
Iter: 976, mse: 0.0984, rmse: 0.3136, mae: 0.2844
Iter: 977, mse: 0.0965, rmse: 0.3107, mae: 0.2815
Iter: 978, mse: 0.1033, rmse: 0.3215, mae: 0.2946
Iter: 979, mse: 0.1003, rmse: 0.3168, mae: 0.2934
Iter: 980, mse: 0.0930, rmse: 0.3050, mae: 0.2777
Iter: 981, mse: 0.0976, rmse: 0.3124, mae: 0.2865
Iter: 982, mse: 0.0958, rmse: 0.3096, mae: 0.2789
Iter: 983, mse: 0.0819, rmse: 0.2863, mae: 0.2527
Iter: 984, mse: 0.0836, rmse: 0.2891, mae: 0.2573
Iter: 985, mse: 0.0800, rmse: 0.2828, mae: 0.2498
Iter: 986, mse: 0.0587, rmse: 0.2423, mae: 0.2157
Iter: 987, mse: 0.0658, rmse: 0.2565, mae: 0.2363
Iter: 988, mse: 0.0533, rmse: 0.2310, mae: 0.2170
Iter: 989, mse: 0.0451, rmse: 0.2123, mae: 0.1917
Iter: 990, mse: 0.0425, rmse: 0.2061, mae: 0.1917
Iter: 991, mse: 0.0292, rmse: 0.1708, mae: 0.1525
Iter: 992, mse: 0.0354, rmse: 0.1882, mae: 0.1677
Iter: 993, mse: 0.0326, rmse: 0.1806, mae: 0.1587
Iter: 994, mse: 0.0291, rmse: 0.1707, mae: 0.1514
Iter: 995, mse: 0.0493, rmse: 0.2220, mae: 0.2033
Iter: 996, mse: 0.0440, rmse: 0.2097, mae: 0.1945
Iter: 997, mse: 0.0319, rmse: 0.1787, mae: 0.1495
Iter: 998, mse: 0.0319, rmse: 0.1786, mae: 0.1485
Iter: 999, mse: 0.0289, rmse: 0.1699, mae: 0.1365
Iter: 1000, mse: 0.0326, rmse: 0.1805, mae: 0.1414
Iter: 1001, mse: 0.0370, rmse: 0.1924, mae: 0.1506
Iter: 1002, mse: 0.0386, rmse: 0.1965, mae: 0.1475
Iter: 1003, mse: 0.0413, rmse: 0.2032, mae: 0.1548
Iter: 1004, mse: 0.0427, rmse: 0.2067, mae: 0.1575
Iter: 1005, mse: 0.0460, rmse: 0.2145, mae: 0.1662
Iter: 1006, mse: 0.0465, rmse: 0.2157, mae: 0.1715
Iter: 1007, mse: 0.0493, rmse: 0.2220, mae: 0.1800
Iter: 1008, mse: 0.0511, rmse: 0.2260, mae: 0.1853
Iter: 1009, mse: 0.0505, rmse: 0.2248, mae: 0.1836
Iter: 1010, mse: 0.0530, rmse: 0.2303, mae: 0.1964
Iter: 1011, mse: 0.0522, rmse: 0.2284, mae: 0.1934
Iter: 1012, mse: 0.0524, rmse: 0.2290, mae: 0.1958
Iter: 1013, mse: 0.0523, rmse: 0.2287, mae: 0.1981
Iter: 1014, mse: 0.0527, rmse: 0.2296, mae: 0.2031
Iter: 1015, mse: 0.0540, rmse: 0.2325, mae: 0.2085
Iter: 1016, mse: 0.0535, rmse: 0.2314, mae: 0.2119
Iter: 1017, mse: 0.0555, rmse: 0.2357, mae: 0.2186
Iter: 1018, mse: 0.0599, rmse: 0.2447, mae: 0.2293
Iter: 1019, mse: 0.0658, rmse: 0.2566, mae: 0.2420
Iter: 1020, mse: 0.0704, rmse: 0.2653, mae: 0.2534
Iter: 1021, mse: 0.0749, rmse: 0.2736, mae: 0.2656
Iter: 1022, mse: 0.0682, rmse: 0.2612, mae: 0.2503
Iter: 1023, mse: 0.0659, rmse: 0.2566, mae: 0.2468
Iter: 1024, mse: 0.0642, rmse: 0.2533, mae: 0.2419
Iter: 1025, mse: 0.0641, rmse: 0.2533, mae: 0.2443
Iter: 1026, mse: 0.0606, rmse: 0.2461, mae: 0.2374
Iter: 1027, mse: 0.0579, rmse: 0.2406, mae: 0.2336
Iter: 1028, mse: 0.0506, rmse: 0.2251, mae: 0.2198
Iter: 1029, mse: 0.0469, rmse: 0.2165, mae: 0.2094
Iter: 1030, mse: 0.0403, rmse: 0.2008, mae: 0.1926
Iter: 1031, mse: 0.0342, rmse: 0.1848, mae: 0.1765
Iter: 1032, mse: 0.0346, rmse: 0.1860, mae: 0.1789
Iter: 1033, mse: 0.0239, rmse: 0.1544, mae: 0.1441
Iter: 1034, mse: 0.0151, rmse: 0.1231, mae: 0.1119
Iter: 1035, mse: 0.0099, rmse: 0.0997, mae: 0.0887
Iter: 1036, mse: 0.0088, rmse: 0.0939, mae: 0.0814
Iter: 1037, mse: 0.0137, rmse: 0.1171, mae: 0.1052
Iter: 1038, mse: 0.0165, rmse: 0.1284, mae: 0.1169
Iter: 1039, mse: 0.0126, rmse: 0.1122, mae: 0.0907
Iter: 1040, mse: 0.0132, rmse: 0.1148, mae: 0.0939
Iter: 1041, mse: 0.0154, rmse: 0.1242, mae: 0.0945
Iter: 1042, mse: 0.0224, rmse: 0.1496, mae: 0.1051
Iter: 1043, mse: 0.0256, rmse: 0.1599, mae: 0.1144
Iter: 1044, mse: 0.0285, rmse: 0.1687, mae: 0.1213
Iter: 1045, mse: 0.0333, rmse: 0.1824, mae: 0.1357
Iter: 1046, mse: 0.0387, rmse: 0.1966, mae: 0.1470
Iter: 1047, mse: 0.0408, rmse: 0.2021, mae: 0.1633
Iter: 1048, mse: 0.0431, rmse: 0.2077, mae: 0.1672
Iter: 1049, mse: 0.0460, rmse: 0.2145, mae: 0.1743
Iter: 1050, mse: 0.0543, rmse: 0.2330, mae: 0.1805
Iter: 1051, mse: 0.0634, rmse: 0.2519, mae: 0.2030
Iter: 1052, mse: 0.0751, rmse: 0.2741, mae: 0.2339
Iter: 1053, mse: 0.0766, rmse: 0.2768, mae: 0.2289
Iter: 1054, mse: 0.0794, rmse: 0.2817, mae: 0.2366
Iter: 1055, mse: 0.0818, rmse: 0.2859, mae: 0.2430
Iter: 1056, mse: 0.0874, rmse: 0.2956, mae: 0.2566
Iter: 1057, mse: 0.1024, rmse: 0.3200, mae: 0.2897
Iter: 1058, mse: 0.1072, rmse: 0.3274, mae: 0.2990
Iter: 1059, mse: 0.1093, rmse: 0.3306, mae: 0.3027
Iter: 1060, mse: 0.1144, rmse: 0.3382, mae: 0.3158
Iter: 1061, mse: 0.1108, rmse: 0.3329, mae: 0.3093
Iter: 1062, mse: 0.1102, rmse: 0.3319, mae: 0.3129
Iter: 1063, mse: 0.1159, rmse: 0.3405, mae: 0.3266
Iter: 1064, mse: 0.1083, rmse: 0.3291, mae: 0.3124
Iter: 1065, mse: 0.1076, rmse: 0.3279, mae: 0.3111
Iter: 1066, mse: 0.1052, rmse: 0.3244, mae: 0.3027
Iter: 1067, mse: 0.1088, rmse: 0.3298, mae: 0.3098
Iter: 1068, mse: 0.1021, rmse: 0.3195, mae: 0.2978
Iter: 1069, mse: 0.0881, rmse: 0.2969, mae: 0.2780
Iter: 1070, mse: 0.0763, rmse: 0.2762, mae: 0.2585
Iter: 1071, mse: 0.0548, rmse: 0.2340, mae: 0.2124
Iter: 1072, mse: 0.0617, rmse: 0.2484, mae: 0.2304
Iter: 1073, mse: 0.0568, rmse: 0.2384, mae: 0.2258
Iter: 1074, mse: 0.0371, rmse: 0.1927, mae: 0.1760
Iter: 1075, mse: 0.0371, rmse: 0.1926, mae: 0.1767
Iter: 1076, mse: 0.0111, rmse: 0.1055, mae: 0.0842
Iter: 1077, mse: 0.0061, rmse: 0.0778, mae: 0.0599
Iter: 1078, mse: 0.0080, rmse: 0.0895, mae: 0.0704
Iter: 1079, mse: 0.0139, rmse: 0.1177, mae: 0.0998
Iter: 1080, mse: 0.0155, rmse: 0.1246, mae: 0.1107
Iter: 1081, mse: 0.0115, rmse: 0.1074, mae: 0.0919
Iter: 1082, mse: 0.0156, rmse: 0.1250, mae: 0.1131
Iter: 1083, mse: 0.0051, rmse: 0.0712, mae: 0.0579
Iter: 1084, mse: 0.0039, rmse: 0.0621, mae: 0.0526
Iter: 1085, mse: 0.0054, rmse: 0.0734, mae: 0.0594
Iter: 1086, mse: 0.0221, rmse: 0.1486, mae: 0.1284
Iter: 1087, mse: 0.0139, rmse: 0.1180, mae: 0.1014
Iter: 1088, mse: 0.0087, rmse: 0.0934, mae: 0.0803
Iter: 1089, mse: 0.0176, rmse: 0.1326, mae: 0.1151
Iter: 1090, mse: 0.0208, rmse: 0.1444, mae: 0.1282
Iter: 1091, mse: 0.0247, rmse: 0.1570, mae: 0.1427
Iter: 1092, mse: 0.0208, rmse: 0.1443, mae: 0.1323
Iter: 1093, mse: 0.0104, rmse: 0.1018, mae: 0.0934
Iter: 1094, mse: 0.0028, rmse: 0.0528, mae: 0.0439
Iter: 1095, mse: 0.0041, rmse: 0.0644, mae: 0.0532
Iter: 1096, mse: 0.0100, rmse: 0.0998, mae: 0.0861
Iter: 1097, mse: 0.0097, rmse: 0.0984, mae: 0.0849
Iter: 1098, mse: 0.0099, rmse: 0.0996, mae: 0.0858
Iter: 1099, mse: 0.0032, rmse: 0.0566, mae: 0.0486
Iter: 1100, mse: 0.0053, rmse: 0.0729, mae: 0.0580
Iter: 1101, mse: 0.0067, rmse: 0.0821, mae: 0.0621
Iter: 1102, mse: 0.0051, rmse: 0.0714, mae: 0.0566
Iter: 1103, mse: 0.0038, rmse: 0.0614, mae: 0.0482
Iter: 1104, mse: 0.0046, rmse: 0.0675, mae: 0.0569
Iter: 1105, mse: 0.0039, rmse: 0.0628, mae: 0.0534
Iter: 1106, mse: 0.0031, rmse: 0.0556, mae: 0.0495
Iter: 1107, mse: 0.0034, rmse: 0.0581, mae: 0.0469
Iter: 1108, mse: 0.0039, rmse: 0.0627, mae: 0.0506
Iter: 1109, mse: 0.0028, rmse: 0.0524, mae: 0.0413
Iter: 1110, mse: 0.0037, rmse: 0.0611, mae: 0.0462
Iter: 1111, mse: 0.0039, rmse: 0.0626, mae: 0.0489
Iter: 1112, mse: 0.0052, rmse: 0.0718, mae: 0.0582
Iter: 1113, mse: 0.0053, rmse: 0.0730, mae: 0.0562
Iter: 1114, mse: 0.0064, rmse: 0.0802, mae: 0.0618
Iter: 1115, mse: 0.0091, rmse: 0.0952, mae: 0.0777
Iter: 1116, mse: 0.0111, rmse: 0.1052, mae: 0.0855
Iter: 1117, mse: 0.0146, rmse: 0.1208, mae: 0.0989
Iter: 1118, mse: 0.0174, rmse: 0.1319, mae: 0.1173
Iter: 1119, mse: 0.0240, rmse: 0.1549, mae: 0.1425
Iter: 1120, mse: 0.0230, rmse: 0.1517, mae: 0.1362
Iter: 1121, mse: 0.0172, rmse: 0.1311, mae: 0.1145
Iter: 1122, mse: 0.0243, rmse: 0.1558, mae: 0.1375
Iter: 1123, mse: 0.0240, rmse: 0.1550, mae: 0.1360
Iter: 1124, mse: 0.0241, rmse: 0.1552, mae: 0.1225
Iter: 1125, mse: 0.0263, rmse: 0.1621, mae: 0.1278
Iter: 1126, mse: 0.0246, rmse: 0.1567, mae: 0.1261
Iter: 1127, mse: 0.0267, rmse: 0.1635, mae: 0.1309
Iter: 1128, mse: 0.0263, rmse: 0.1622, mae: 0.1345
Iter: 1129, mse: 0.0278, rmse: 0.1667, mae: 0.1497
Iter: 1130, mse: 0.0267, rmse: 0.1633, mae: 0.1245
Iter: 1131, mse: 0.0279, rmse: 0.1669, mae: 0.1281
Iter: 1132, mse: 0.0259, rmse: 0.1609, mae: 0.1253
Iter: 1133, mse: 0.0280, rmse: 0.1673, mae: 0.1307
Iter: 1134, mse: 0.0295, rmse: 0.1717, mae: 0.1334
Iter: 1135, mse: 0.0260, rmse: 0.1611, mae: 0.1331
Iter: 1136, mse: 0.0288, rmse: 0.1697, mae: 0.1344
Iter: 1137, mse: 0.0313, rmse: 0.1770, mae: 0.1451
Iter: 1138, mse: 0.0310, rmse: 0.1760, mae: 0.1433
Iter: 1139, mse: 0.0328, rmse: 0.1811, mae: 0.1512
Iter: 1140, mse: 0.0320, rmse: 0.1789, mae: 0.1510
Iter: 1141, mse: 0.0234, rmse: 0.1530, mae: 0.1402
Iter: 1142, mse: 0.0233, rmse: 0.1526, mae: 0.1397
Iter: 1143, mse: 0.0306, rmse: 0.1751, mae: 0.1579
Iter: 1144, mse: 0.0339, rmse: 0.1840, mae: 0.1624
Iter: 1145, mse: 0.0400, rmse: 0.2001, mae: 0.1765
Iter: 1146, mse: 0.0422, rmse: 0.2055, mae: 0.1811
Iter: 1147, mse: 0.0485, rmse: 0.2202, mae: 0.1948
Iter: 1148, mse: 0.0540, rmse: 0.2323, mae: 0.2072
Iter: 1149, mse: 0.0617, rmse: 0.2485, mae: 0.2230
Iter: 1150, mse: 0.0643, rmse: 0.2535, mae: 0.2317
Iter: 1151, mse: 0.0682, rmse: 0.2611, mae: 0.2418
Iter: 1152, mse: 0.0744, rmse: 0.2728, mae: 0.2567
Iter: 1153, mse: 0.0832, rmse: 0.2885, mae: 0.2723
Iter: 1154, mse: 0.0874, rmse: 0.2956, mae: 0.2805
Iter: 1155, mse: 0.0625, rmse: 0.2499, mae: 0.2340
Iter: 1156, mse: 0.0613, rmse: 0.2477, mae: 0.2286
Iter: 1157, mse: 0.0436, rmse: 0.2088, mae: 0.1895
Iter: 1158, mse: 0.0408, rmse: 0.2021, mae: 0.1863
Iter: 1159, mse: 0.0266, rmse: 0.1631, mae: 0.1455
Iter: 1160, mse: 0.0265, rmse: 0.1628, mae: 0.1447
Iter: 1161, mse: 0.0299, rmse: 0.1729, mae: 0.1541
Iter: 1162, mse: 0.0269, rmse: 0.1640, mae: 0.1471
Iter: 1163, mse: 0.0244, rmse: 0.1563, mae: 0.1406
Iter: 1164, mse: 0.0255, rmse: 0.1597, mae: 0.1488
Iter: 1165, mse: 0.0218, rmse: 0.1475, mae: 0.1369
Iter: 1166, mse: 0.0185, rmse: 0.1360, mae: 0.1236
Iter: 1167, mse: 0.0190, rmse: 0.1380, mae: 0.1266
Iter: 1168, mse: 0.0107, rmse: 0.1036, mae: 0.0903
Iter: 1169, mse: 0.0107, rmse: 0.1033, mae: 0.0911
Iter: 1170, mse: 0.0123, rmse: 0.1110, mae: 0.1007
Iter: 1171, mse: 0.0060, rmse: 0.0775, mae: 0.0658
Iter: 1172, mse: 0.0109, rmse: 0.1044, mae: 0.0927
Iter: 1173, mse: 0.0126, rmse: 0.1121, mae: 0.0985
Iter: 1174, mse: 0.0151, rmse: 0.1229, mae: 0.1099
Iter: 1175, mse: 0.0099, rmse: 0.0996, mae: 0.0873
Iter: 1176, mse: 0.0100, rmse: 0.1000, mae: 0.0866
Iter: 1177, mse: 0.0060, rmse: 0.0772, mae: 0.0625
Iter: 1178, mse: 0.0065, rmse: 0.0807, mae: 0.0677
Iter: 1179, mse: 0.0051, rmse: 0.0717, mae: 0.0581
Iter: 1180, mse: 0.0062, rmse: 0.0785, mae: 0.0635
Iter: 1181, mse: 0.0063, rmse: 0.0793, mae: 0.0633
Iter: 1182, mse: 0.0067, rmse: 0.0819, mae: 0.0671
Iter: 1183, mse: 0.0071, rmse: 0.0841, mae: 0.0682
Iter: 1184, mse: 0.0152, rmse: 0.1234, mae: 0.1004
Iter: 1185, mse: 0.0149, rmse: 0.1221, mae: 0.0971
Iter: 1186, mse: 0.0208, rmse: 0.1441, mae: 0.1213
Iter: 1187, mse: 0.0257, rmse: 0.1602, mae: 0.1300
Iter: 1188, mse: 0.0250, rmse: 0.1581, mae: 0.1281
Iter: 1189, mse: 0.0180, rmse: 0.1340, mae: 0.1080
Iter: 1190, mse: 0.0224, rmse: 0.1496, mae: 0.1206
Iter: 1191, mse: 0.0191, rmse: 0.1383, mae: 0.1143
Iter: 1192, mse: 0.0255, rmse: 0.1597, mae: 0.1294
Iter: 1193, mse: 0.0312, rmse: 0.1766, mae: 0.1457
Iter: 1194, mse: 0.0256, rmse: 0.1600, mae: 0.1251
Iter: 1195, mse: 0.0266, rmse: 0.1631, mae: 0.1260
Iter: 1196, mse: 0.0286, rmse: 0.1692, mae: 0.1320
Iter: 1197, mse: 0.0356, rmse: 0.1888, mae: 0.1484
Iter: 1198, mse: 0.0377, rmse: 0.1943, mae: 0.1625
Iter: 1199, mse: 0.0396, rmse: 0.1991, mae: 0.1628
Iter: 1200, mse: 0.0437, rmse: 0.2090, mae: 0.1762
Iter: 1201, mse: 0.0451, rmse: 0.2124, mae: 0.1819
Iter: 1202, mse: 0.0517, rmse: 0.2273, mae: 0.1933
Iter: 1203, mse: 0.0531, rmse: 0.2304, mae: 0.1988
Iter: 1204, mse: 0.0520, rmse: 0.2280, mae: 0.1954
Iter: 1205, mse: 0.0521, rmse: 0.2283, mae: 0.1979
Iter: 1206, mse: 0.0453, rmse: 0.2130, mae: 0.1867
Iter: 1207, mse: 0.0302, rmse: 0.1738, mae: 0.1490
Iter: 1208, mse: 0.0360, rmse: 0.1896, mae: 0.1658
Iter: 1209, mse: 0.0384, rmse: 0.1960, mae: 0.1733
Iter: 1210, mse: 0.0382, rmse: 0.1955, mae: 0.1738
Iter: 1211, mse: 0.0506, rmse: 0.2250, mae: 0.2066
Iter: 1212, mse: 0.0356, rmse: 0.1888, mae: 0.1631
Iter: 1213, mse: 0.0382, rmse: 0.1955, mae: 0.1697
Iter: 1214, mse: 0.0352, rmse: 0.1877, mae: 0.1596
Iter: 1215, mse: 0.0303, rmse: 0.1741, mae: 0.1470
Iter: 1216, mse: 0.0278, rmse: 0.1668, mae: 0.1342
Iter: 1217, mse: 0.0264, rmse: 0.1624, mae: 0.1289
Iter: 1218, mse: 0.0247, rmse: 0.1571, mae: 0.1282
Iter: 1219, mse: 0.0230, rmse: 0.1516, mae: 0.1253
Iter: 1220, mse: 0.0210, rmse: 0.1450, mae: 0.1166
Iter: 1221, mse: 0.0273, rmse: 0.1651, mae: 0.1417
Iter: 1222, mse: 0.0242, rmse: 0.1556, mae: 0.1293
Iter: 1223, mse: 0.0263, rmse: 0.1621, mae: 0.1365
Iter: 1224, mse: 0.0261, rmse: 0.1616, mae: 0.1384
Iter: 1225, mse: 0.0298, rmse: 0.1727, mae: 0.1517
Iter: 1226, mse: 0.0359, rmse: 0.1896, mae: 0.1703
Iter: 1227, mse: 0.0388, rmse: 0.1970, mae: 0.1795
Iter: 1228, mse: 0.0317, rmse: 0.1779, mae: 0.1513
Iter: 1229, mse: 0.0337, rmse: 0.1837, mae: 0.1536
Iter: 1230, mse: 0.0324, rmse: 0.1800, mae: 0.1500
Iter: 1231, mse: 0.0312, rmse: 0.1765, mae: 0.1502
Iter: 1232, mse: 0.0292, rmse: 0.1708, mae: 0.1476
Iter: 1233, mse: 0.0287, rmse: 0.1693, mae: 0.1494
Iter: 1234, mse: 0.0295, rmse: 0.1717, mae: 0.1513
Iter: 1235, mse: 0.0289, rmse: 0.1701, mae: 0.1519
Iter: 1236, mse: 0.0336, rmse: 0.1834, mae: 0.1656
Iter: 1237, mse: 0.0358, rmse: 0.1893, mae: 0.1743
Iter: 1238, mse: 0.0417, rmse: 0.2043, mae: 0.1921
Iter: 1239, mse: 0.0404, rmse: 0.2009, mae: 0.1895
Iter: 1240, mse: 0.0348, rmse: 0.1865, mae: 0.1720
Iter: 1241, mse: 0.0323, rmse: 0.1797, mae: 0.1601
Iter: 1242, mse: 0.0323, rmse: 0.1798, mae: 0.1524
Iter: 1243, mse: 0.0318, rmse: 0.1784, mae: 0.1527
Iter: 1244, mse: 0.0294, rmse: 0.1714, mae: 0.1422
Iter: 1245, mse: 0.0258, rmse: 0.1607, mae: 0.1344
Iter: 1246, mse: 0.0308, rmse: 0.1755, mae: 0.1509
Iter: 1247, mse: 0.0328, rmse: 0.1810, mae: 0.1557
Iter: 1248, mse: 0.0268, rmse: 0.1636, mae: 0.1386
Iter: 1249, mse: 0.0294, rmse: 0.1715, mae: 0.1472
Iter: 1250, mse: 0.0259, rmse: 0.1610, mae: 0.1373
Iter: 1251, mse: 0.0250, rmse: 0.1582, mae: 0.1381
Iter: 1252, mse: 0.0239, rmse: 0.1547, mae: 0.1367
Iter: 1253, mse: 0.0197, rmse: 0.1405, mae: 0.1173
Iter: 1254, mse: 0.0155, rmse: 0.1244, mae: 0.1004
Iter: 1255, mse: 0.0132, rmse: 0.1149, mae: 0.0915
Iter: 1256, mse: 0.0154, rmse: 0.1242, mae: 0.0985
Iter: 1257, mse: 0.0107, rmse: 0.1033, mae: 0.0791
Iter: 1258, mse: 0.0092, rmse: 0.0960, mae: 0.0717
Iter: 1259, mse: 0.0074, rmse: 0.0860, mae: 0.0626
Iter: 1260, mse: 0.0063, rmse: 0.0796, mae: 0.0588
Iter: 1261, mse: 0.0057, rmse: 0.0757, mae: 0.0589
Iter: 1262, mse: 0.0054, rmse: 0.0738, mae: 0.0579
Iter: 1263, mse: 0.0057, rmse: 0.0753, mae: 0.0577
Iter: 1264, mse: 0.0067, rmse: 0.0816, mae: 0.0633
Iter: 1265, mse: 0.0064, rmse: 0.0797, mae: 0.0619
Iter: 1266, mse: 0.0066, rmse: 0.0814, mae: 0.0651
Iter: 1267, mse: 0.0070, rmse: 0.0836, mae: 0.0682
Iter: 1268, mse: 0.0066, rmse: 0.0810, mae: 0.0686
Iter: 1269, mse: 0.0083, rmse: 0.0913, mae: 0.0767
Iter: 1270, mse: 0.0071, rmse: 0.0845, mae: 0.0725
Iter: 1271, mse: 0.0077, rmse: 0.0876, mae: 0.0766
Iter: 1272, mse: 0.0088, rmse: 0.0937, mae: 0.0831
Iter: 1273, mse: 0.0108, rmse: 0.1040, mae: 0.0947
Iter: 1274, mse: 0.0134, rmse: 0.1157, mae: 0.1091
Iter: 1275, mse: 0.0121, rmse: 0.1102, mae: 0.1007
Iter: 1276, mse: 0.0107, rmse: 0.1035, mae: 0.0925
Iter: 1277, mse: 0.0120, rmse: 0.1098, mae: 0.1012
Iter: 1278, mse: 0.0109, rmse: 0.1044, mae: 0.0937
Iter: 1279, mse: 0.0127, rmse: 0.1126, mae: 0.1035
Iter: 1280, mse: 0.0154, rmse: 0.1241, mae: 0.1136
Iter: 1281, mse: 0.0137, rmse: 0.1169, mae: 0.1020
Iter: 1282, mse: 0.0147, rmse: 0.1212, mae: 0.1065
Iter: 1283, mse: 0.0174, rmse: 0.1321, mae: 0.1218
Iter: 1284, mse: 0.0173, rmse: 0.1314, mae: 0.1192
Iter: 1285, mse: 0.0174, rmse: 0.1321, mae: 0.1195
Iter: 1286, mse: 0.0176, rmse: 0.1328, mae: 0.1198
Iter: 1287, mse: 0.0179, rmse: 0.1339, mae: 0.1198
Iter: 1288, mse: 0.0192, rmse: 0.1384, mae: 0.1259
Iter: 1289, mse: 0.0205, rmse: 0.1430, mae: 0.1325
Iter: 1290, mse: 0.0205, rmse: 0.1433, mae: 0.1320
Iter: 1291, mse: 0.0212, rmse: 0.1457, mae: 0.1303
Iter: 1292, mse: 0.0230, rmse: 0.1518, mae: 0.1363
Iter: 1293, mse: 0.0236, rmse: 0.1538, mae: 0.1357
Iter: 1294, mse: 0.0274, rmse: 0.1654, mae: 0.1431
Iter: 1295, mse: 0.0328, rmse: 0.1811, mae: 0.1593
Iter: 1296, mse: 0.0342, rmse: 0.1851, mae: 0.1613
Iter: 1297, mse: 0.0371, rmse: 0.1927, mae: 0.1704
Iter: 1298, mse: 0.0377, rmse: 0.1941, mae: 0.1715
Iter: 1299, mse: 0.0478, rmse: 0.2187, mae: 0.1955
Iter: 1300, mse: 0.0538, rmse: 0.2319, mae: 0.2121
Iter: 1301, mse: 0.0617, rmse: 0.2484, mae: 0.2320
Iter: 1302, mse: 0.0702, rmse: 0.2649, mae: 0.2518
Iter: 1303, mse: 0.0659, rmse: 0.2568, mae: 0.2409
Iter: 1304, mse: 0.0692, rmse: 0.2631, mae: 0.2475
Iter: 1305, mse: 0.0765, rmse: 0.2766, mae: 0.2640
Iter: 1306, mse: 0.0686, rmse: 0.2618, mae: 0.2403
Iter: 1307, mse: 0.0688, rmse: 0.2623, mae: 0.2427
Iter: 1308, mse: 0.0713, rmse: 0.2671, mae: 0.2475
Iter: 1309, mse: 0.0805, rmse: 0.2837, mae: 0.2659
Iter: 1310, mse: 0.0831, rmse: 0.2883, mae: 0.2666
Iter: 1311, mse: 0.0841, rmse: 0.2900, mae: 0.2634
Iter: 1312, mse: 0.0863, rmse: 0.2938, mae: 0.2562
Iter: 1313, mse: 0.0965, rmse: 0.3106, mae: 0.2786
Iter: 1314, mse: 0.1012, rmse: 0.3181, mae: 0.2784
Iter: 1315, mse: 0.1061, rmse: 0.3258, mae: 0.2868
Iter: 1316, mse: 0.1021, rmse: 0.3195, mae: 0.2837
Iter: 1317, mse: 0.1144, rmse: 0.3382, mae: 0.3075
Iter: 1318, mse: 0.1181, rmse: 0.3437, mae: 0.3112
Iter: 1319, mse: 0.1241, rmse: 0.3522, mae: 0.3217
Iter: 1320, mse: 0.1139, rmse: 0.3375, mae: 0.3099
Iter: 1321, mse: 0.1065, rmse: 0.3264, mae: 0.2996
Iter: 1322, mse: 0.0759, rmse: 0.2755, mae: 0.2499
Iter: 1323, mse: 0.0574, rmse: 0.2396, mae: 0.2099
Iter: 1324, mse: 0.0453, rmse: 0.2128, mae: 0.1820
Iter: 1325, mse: 0.0303, rmse: 0.1741, mae: 0.1414
Iter: 1326, mse: 0.0250, rmse: 0.1582, mae: 0.1248
Iter: 1327, mse: 0.0234, rmse: 0.1529, mae: 0.1192
Iter: 1328, mse: 0.0153, rmse: 0.1236, mae: 0.0934
Iter: 1329, mse: 0.0147, rmse: 0.1211, mae: 0.0947
Iter: 1330, mse: 0.0350, rmse: 0.1871, mae: 0.1541
Iter: 1331, mse: 0.0257, rmse: 0.1602, mae: 0.1315
Iter: 1332, mse: 0.0207, rmse: 0.1438, mae: 0.1173
Iter: 1333, mse: 0.0215, rmse: 0.1467, mae: 0.1217
Iter: 1334, mse: 0.0189, rmse: 0.1375, mae: 0.1123
Iter: 1335, mse: 0.0164, rmse: 0.1281, mae: 0.1086
Iter: 1336, mse: 0.0162, rmse: 0.1273, mae: 0.1111
Iter: 1337, mse: 0.0153, rmse: 0.1238, mae: 0.1128
Iter: 1338, mse: 0.0179, rmse: 0.1336, mae: 0.1210
Iter: 1339, mse: 0.0200, rmse: 0.1414, mae: 0.1292
Iter: 1340, mse: 0.0170, rmse: 0.1303, mae: 0.1206
Iter: 1341, mse: 0.0155, rmse: 0.1247, mae: 0.1141
Iter: 1342, mse: 0.0130, rmse: 0.1142, mae: 0.1030
Iter: 1343, mse: 0.0121, rmse: 0.1099, mae: 0.1006
Iter: 1344, mse: 0.0117, rmse: 0.1080, mae: 0.0973
Iter: 1345, mse: 0.0112, rmse: 0.1057, mae: 0.0959
Iter: 1346, mse: 0.0120, rmse: 0.1095, mae: 0.1012
Iter: 1347, mse: 0.0102, rmse: 0.1012, mae: 0.0937
Iter: 1348, mse: 0.0100, rmse: 0.1002, mae: 0.0900
Iter: 1349, mse: 0.0098, rmse: 0.0992, mae: 0.0894
Iter: 1350, mse: 0.0104, rmse: 0.1020, mae: 0.0921
Iter: 1351, mse: 0.0104, rmse: 0.1021, mae: 0.0926
Iter: 1352, mse: 0.0100, rmse: 0.1000, mae: 0.0893
Iter: 1353, mse: 0.0097, rmse: 0.0986, mae: 0.0869
Iter: 1354, mse: 0.0102, rmse: 0.1011, mae: 0.0826
Iter: 1355, mse: 0.0116, rmse: 0.1078, mae: 0.0924
Iter: 1356, mse: 0.0133, rmse: 0.1153, mae: 0.0988
Iter: 1357, mse: 0.0140, rmse: 0.1183, mae: 0.1027
Iter: 1358, mse: 0.0147, rmse: 0.1211, mae: 0.1078
Iter: 1359, mse: 0.0150, rmse: 0.1226, mae: 0.1095
Iter: 1360, mse: 0.0159, rmse: 0.1261, mae: 0.1154
Iter: 1361, mse: 0.0159, rmse: 0.1262, mae: 0.1155
Iter: 1362, mse: 0.0127, rmse: 0.1128, mae: 0.0948
Iter: 1363, mse: 0.0132, rmse: 0.1150, mae: 0.0990
Iter: 1364, mse: 0.0135, rmse: 0.1162, mae: 0.0992
Iter: 1365, mse: 0.0142, rmse: 0.1191, mae: 0.1036
Iter: 1366, mse: 0.0134, rmse: 0.1159, mae: 0.1040
Iter: 1367, mse: 0.0150, rmse: 0.1226, mae: 0.1091
Iter: 1368, mse: 0.0148, rmse: 0.1215, mae: 0.1099
Iter: 1369, mse: 0.0180, rmse: 0.1343, mae: 0.1187
Iter: 1370, mse: 0.0221, rmse: 0.1486, mae: 0.1299
Iter: 1371, mse: 0.0253, rmse: 0.1591, mae: 0.1393
Iter: 1372, mse: 0.0273, rmse: 0.1651, mae: 0.1464
Iter: 1373, mse: 0.0279, rmse: 0.1670, mae: 0.1495
Iter: 1374, mse: 0.0265, rmse: 0.1628, mae: 0.1432
Iter: 1375, mse: 0.0253, rmse: 0.1592, mae: 0.1410
Iter: 1376, mse: 0.0254, rmse: 0.1594, mae: 0.1445
Iter: 1377, mse: 0.0240, rmse: 0.1549, mae: 0.1410
Iter: 1378, mse: 0.0227, rmse: 0.1507, mae: 0.1379
Iter: 1379, mse: 0.0203, rmse: 0.1423, mae: 0.1280
Iter: 1380, mse: 0.0177, rmse: 0.1330, mae: 0.1165
Iter: 1381, mse: 0.0199, rmse: 0.1410, mae: 0.1262
Iter: 1382, mse: 0.0180, rmse: 0.1343, mae: 0.1137
Iter: 1383, mse: 0.0183, rmse: 0.1353, mae: 0.1187
Iter: 1384, mse: 0.0181, rmse: 0.1344, mae: 0.1140
Iter: 1385, mse: 0.0166, rmse: 0.1289, mae: 0.1080
Iter: 1386, mse: 0.0134, rmse: 0.1156, mae: 0.0960
Iter: 1387, mse: 0.0152, rmse: 0.1232, mae: 0.1018
Iter: 1388, mse: 0.0169, rmse: 0.1302, mae: 0.1093
Iter: 1389, mse: 0.0172, rmse: 0.1310, mae: 0.1126
Iter: 1390, mse: 0.0193, rmse: 0.1389, mae: 0.1200
Iter: 1391, mse: 0.0153, rmse: 0.1238, mae: 0.1062
Iter: 1392, mse: 0.0182, rmse: 0.1349, mae: 0.1194
Iter: 1393, mse: 0.0166, rmse: 0.1287, mae: 0.1139
Iter: 1394, mse: 0.0231, rmse: 0.1519, mae: 0.1373
Iter: 1395, mse: 0.0144, rmse: 0.1199, mae: 0.1066
Iter: 1396, mse: 0.0084, rmse: 0.0918, mae: 0.0769
Iter: 1397, mse: 0.0066, rmse: 0.0814, mae: 0.0675
Iter: 1398, mse: 0.0057, rmse: 0.0752, mae: 0.0599
Iter: 1399, mse: 0.0044, rmse: 0.0667, mae: 0.0518
Iter: 1400, mse: 0.0033, rmse: 0.0573, mae: 0.0436
Iter: 1401, mse: 0.0017, rmse: 0.0411, mae: 0.0346
Iter: 1402, mse: 0.0019, rmse: 0.0436, mae: 0.0379
Iter: 1403, mse: 0.0026, rmse: 0.0509, mae: 0.0405
Iter: 1404, mse: 0.0037, rmse: 0.0612, mae: 0.0435
Iter: 1405, mse: 0.0054, rmse: 0.0735, mae: 0.0512
Iter: 1406, mse: 0.0070, rmse: 0.0840, mae: 0.0597
Iter: 1407, mse: 0.0075, rmse: 0.0868, mae: 0.0618
Iter: 1408, mse: 0.0088, rmse: 0.0938, mae: 0.0670
Iter: 1409, mse: 0.0112, rmse: 0.1057, mae: 0.0839
Iter: 1410, mse: 0.0106, rmse: 0.1031, mae: 0.0765
Iter: 1411, mse: 0.0113, rmse: 0.1063, mae: 0.0831
Iter: 1412, mse: 0.0115, rmse: 0.1070, mae: 0.0814
Iter: 1413, mse: 0.0114, rmse: 0.1066, mae: 0.0820
Iter: 1414, mse: 0.0133, rmse: 0.1152, mae: 0.0890
Iter: 1415, mse: 0.0137, rmse: 0.1170, mae: 0.0926
Iter: 1416, mse: 0.0150, rmse: 0.1226, mae: 0.1006
Iter: 1417, mse: 0.0154, rmse: 0.1242, mae: 0.1029
Iter: 1418, mse: 0.0146, rmse: 0.1207, mae: 0.0981
Iter: 1419, mse: 0.0158, rmse: 0.1256, mae: 0.1045
Iter: 1420, mse: 0.0167, rmse: 0.1292, mae: 0.1097
Iter: 1421, mse: 0.0178, rmse: 0.1335, mae: 0.1149
Iter: 1422, mse: 0.0189, rmse: 0.1375, mae: 0.1209
Iter: 1423, mse: 0.0190, rmse: 0.1379, mae: 0.1221
Iter: 1424, mse: 0.0197, rmse: 0.1404, mae: 0.1265
Iter: 1425, mse: 0.0202, rmse: 0.1420, mae: 0.1282
Iter: 1426, mse: 0.0204, rmse: 0.1429, mae: 0.1300
Iter: 1427, mse: 0.0208, rmse: 0.1442, mae: 0.1324
Iter: 1428, mse: 0.0204, rmse: 0.1427, mae: 0.1314
Iter: 1429, mse: 0.0194, rmse: 0.1394, mae: 0.1277
Iter: 1430, mse: 0.0177, rmse: 0.1330, mae: 0.1208
Iter: 1431, mse: 0.0155, rmse: 0.1246, mae: 0.1133
Iter: 1432, mse: 0.0131, rmse: 0.1143, mae: 0.1032
Iter: 1433, mse: 0.0136, rmse: 0.1166, mae: 0.1068
Iter: 1434, mse: 0.0103, rmse: 0.1013, mae: 0.0950
Iter: 1435, mse: 0.0078, rmse: 0.0886, mae: 0.0803
Iter: 1436, mse: 0.0080, rmse: 0.0892, mae: 0.0824
Iter: 1437, mse: 0.0076, rmse: 0.0871, mae: 0.0788
Iter: 1438, mse: 0.0082, rmse: 0.0904, mae: 0.0818
Iter: 1439, mse: 0.0085, rmse: 0.0919, mae: 0.0810
Iter: 1440, mse: 0.0097, rmse: 0.0983, mae: 0.0848
Iter: 1441, mse: 0.0112, rmse: 0.1058, mae: 0.0951
Iter: 1442, mse: 0.0144, rmse: 0.1201, mae: 0.1081
Iter: 1443, mse: 0.0163, rmse: 0.1277, mae: 0.1159
Iter: 1444, mse: 0.0155, rmse: 0.1245, mae: 0.1116
Iter: 1445, mse: 0.0151, rmse: 0.1230, mae: 0.1057
Iter: 1446, mse: 0.0168, rmse: 0.1297, mae: 0.1138
Iter: 1447, mse: 0.0177, rmse: 0.1332, mae: 0.1160
Iter: 1448, mse: 0.0184, rmse: 0.1357, mae: 0.1159
Iter: 1449, mse: 0.0198, rmse: 0.1408, mae: 0.1271
Iter: 1450, mse: 0.0186, rmse: 0.1363, mae: 0.1202
Iter: 1451, mse: 0.0186, rmse: 0.1366, mae: 0.1223
Iter: 1452, mse: 0.0184, rmse: 0.1356, mae: 0.1229
Iter: 1453, mse: 0.0192, rmse: 0.1386, mae: 0.1271
Iter: 1454, mse: 0.0193, rmse: 0.1388, mae: 0.1294
Iter: 1455, mse: 0.0195, rmse: 0.1398, mae: 0.1309
Iter: 1456, mse: 0.0188, rmse: 0.1373, mae: 0.1297
Iter: 1457, mse: 0.0177, rmse: 0.1330, mae: 0.1224
Iter: 1458, mse: 0.0189, rmse: 0.1376, mae: 0.1270
Iter: 1459, mse: 0.0203, rmse: 0.1424, mae: 0.1305
Iter: 1460, mse: 0.0236, rmse: 0.1535, mae: 0.1398
Iter: 1461, mse: 0.0279, rmse: 0.1671, mae: 0.1536
Iter: 1462, mse: 0.0268, rmse: 0.1636, mae: 0.1515
Iter: 1463, mse: 0.0303, rmse: 0.1740, mae: 0.1639
Iter: 1464, mse: 0.0229, rmse: 0.1514, mae: 0.1413
Iter: 1465, mse: 0.0182, rmse: 0.1350, mae: 0.1235
Iter: 1466, mse: 0.0147, rmse: 0.1210, mae: 0.1059
Iter: 1467, mse: 0.0137, rmse: 0.1172, mae: 0.1019
Iter: 1468, mse: 0.0137, rmse: 0.1171, mae: 0.1022
Iter: 1469, mse: 0.0120, rmse: 0.1093, mae: 0.0928
Iter: 1470, mse: 0.0129, rmse: 0.1135, mae: 0.0965
Iter: 1471, mse: 0.0121, rmse: 0.1098, mae: 0.0909
Iter: 1472, mse: 0.0113, rmse: 0.1061, mae: 0.0848
Iter: 1473, mse: 0.0111, rmse: 0.1053, mae: 0.0770
Iter: 1474, mse: 0.0121, rmse: 0.1102, mae: 0.0779
Iter: 1475, mse: 0.0129, rmse: 0.1134, mae: 0.0778
Iter: 1476, mse: 0.0174, rmse: 0.1318, mae: 0.0981
Iter: 1477, mse: 0.0172, rmse: 0.1311, mae: 0.0922
Iter: 1478, mse: 0.0189, rmse: 0.1374, mae: 0.0955
Iter: 1479, mse: 0.0197, rmse: 0.1405, mae: 0.1027
Iter: 1480, mse: 0.0224, rmse: 0.1496, mae: 0.1099
Iter: 1481, mse: 0.0248, rmse: 0.1575, mae: 0.1212
Iter: 1482, mse: 0.0262, rmse: 0.1618, mae: 0.1283
Iter: 1483, mse: 0.0282, rmse: 0.1678, mae: 0.1319
Iter: 1484, mse: 0.0290, rmse: 0.1702, mae: 0.1353
Iter: 1485, mse: 0.0307, rmse: 0.1752, mae: 0.1461
mse:  0.044705623543087325 rmse:  0.21143704392345095 mae:  0.15936680011860505 mape:  0.1398896356493266 mspe:  0.055945734715723956
