=== Running lam=0.01, num_closest_samples=1 ===
>>> Model dtype: torch.bfloat16; Attention:eager
LOADDEDEDED
N points: 10000
Window length: 608
N points: 10000
Window length: 608
N points: 10000
Window length: 608
N points: 10000
Window length: 608
N points: 10000
Window length: 608
N points: 10000
Window length: 608
N points: 10000
Window length: 608
Saved gt to /scratch/s223540177/Time-Moe/cache_data_finetuned_fixed_4096/ETTm2/gt_cache.pt
SORTED DONE
7676928
0 - {'mse': tensor(0.1956, device='cuda:0'), 'mae': tensor(0.2883, device='cuda:0')}
Saved final metrics to /home/s223540177/Time-MoE/metric_results/512_96/ETTm2/final_metrics/
=== Running lam=0.01, num_closest_samples=1 ===
>>> Model dtype: torch.bfloat16; Attention:eager
LOADDEDEDED
LOADDEDEDED
SORTED DONE
7676928
0 - {'mse': tensor(0.1932, device='cuda:0'), 'mae': tensor(0.2858, device='cuda:0')}
Saved final metrics to /home/s223540177/Time-MoE/metric_results/512_96/ETTm2/final_metrics/
=== Running lam=0.01, num_closest_samples=1 ===
>>> Model dtype: torch.bfloat16; Attention:eager
LOADDEDEDED
LOADDEDEDED
SORTED DONE
7676928
0 - {'mse': tensor(0.1928, device='cuda:0'), 'mae': tensor(0.2848, device='cuda:0')}
Saved final metrics to /home/s223540177/Time-MoE/metric_results/512_96/ETTm2/final_metrics/
=== Running lam=0.01, num_closest_samples=1 ===
>>> Model dtype: torch.bfloat16; Attention:eager
LOADDEDEDED
LOADDEDEDED
SORTED DONE
7676928
0 - {'mse': tensor(0.1921, device='cuda:0'), 'mae': tensor(0.2839, device='cuda:0')}
Saved final metrics to /home/s223540177/Time-MoE/metric_results/512_96/ETTm2/final_metrics/
=== Running lam=0.01, num_closest_samples=1 ===
>>> Model dtype: torch.bfloat16; Attention:eager
LOADDEDEDED
LOADDEDEDED
SORTED DONE
7676928
0 - {'mse': tensor(0.1913, device='cuda:0'), 'mae': tensor(0.2831, device='cuda:0')}
Saved final metrics to /home/s223540177/Time-MoE/metric_results/512_96/ETTm2/final_metrics/
=== Running lam=0.01, num_closest_samples=1 ===
>>> Model dtype: torch.bfloat16; Attention:eager
LOADDEDEDED
LOADDEDEDED
SORTED DONE
7676928
0 - {'mse': tensor(0.1908, device='cuda:0'), 'mae': tensor(0.2828, device='cuda:0')}
Saved final metrics to /home/s223540177/Time-MoE/metric_results/512_96/ETTm2/final_metrics/
=== Running lam=0.01, num_closest_samples=1 ===
>>> Model dtype: torch.bfloat16; Attention:eager
LOADDEDEDED
LOADDEDEDED
SORTED DONE
